#
# A fatal error has been detected by the Java Runtime Environment:
#
#  SIGSEGV (0xb) at pc=0x00007fac903147ae, pid=12536, tid=0x00007fac915da740
#
# JRE version: Java(TM) SE Runtime Environment (8.0_101-b13) (build 1.8.0_101-b13)
# Java VM: Java HotSpot(TM) 64-Bit Server VM (25.101-b13 mixed mode linux-amd64 compressed oops)
# Problematic frame:
# V  [libjvm.so+0x9207ae]  SR_handler(int, siginfo*, ucontext*)+0x3e
#
# Failed to write core dump. Core dumps have been disabled. To enable core dumping, try "ulimit -c unlimited" before starting Java again
#
# If you would like to submit a bug report, please visit:
#   http://bugreport.java.com/bugreport/crash.jsp
#

---------------  T H R E A D  ---------------

Current thread is native thread

siginfo: si_signo: 11 (SIGSEGV), si_code: 1 (SEGV_MAPERR), si_addr: 0x0000000000000128

Registers:
RAX=0x0000000000000000, RBX=0x00007fac915d9700, RCX=0xffffffffffffffff, RDX=0x00007fac915daa60
RSP=0x00007ffcf37d9000, RBP=0x00007ffcf37d90b0, RSI=0x00007ffcf37d91f0, RDI=0x0000000000000001
R8 =0x0000000000000000, R9 =0x00007fac915d9700, R10=0x0000000000000000, R11=0x0000000000000246
R12=0x00007ffcf37d90c0, R13=0x00007ffcf37d91f0, R14=0x00007fac915da6a0, R15=0x0000000000000002
RIP=0x00007fac903147ae, EFLAGS=0x0000000000010246, CSGSFS=0x0000000000000033, ERR=0x0000000000000004
  TRAPNO=0x000000000000000e

Top of Stack: (sp=0x00007ffcf37d9000)
0x00007ffcf37d9000:   00007ffc00000000 00007fac00000000
0x00007ffcf37d9010:   00007ffcf37d9140 00007ffc00000000
0x00007ffcf37d9020:   0000000000000000 00007ffcf37d90f0
0x00007ffcf37d9030:   0000000000000000 0000000100000000
0x00007ffcf37d9040:   00000000ffffffff fffffffffffffffb
0x00007ffcf37d9050:   0000000a00000000 00000000000030f8
0x00007ffcf37d9060:   0000000000000000 0000000000000000
0x00007ffcf37d9070:   0000000000000000 00007ffcf37d9583
0x00007ffcf37d9080:   0000000000000000 00007fac915d9700
0x00007ffcf37d9090:   00007fac915d9d28 00007ffcf37d96f0
0x00007ffcf37d90a0:   00007ffcf37d9650 0000000000000001
0x00007ffcf37d90b0:   00007fac915da740 00007fac911d1340
0x00007ffcf37d90c0:   0000000000000001 0000000000000000
0x00007ffcf37d90d0:   0000000000000000 00007fac00000002
0x00007ffcf37d90e0:   0000000000000000 0000000000000000
0x00007ffcf37d90f0:   00007fac915d9700 0000000000000000
0x00007ffcf37d9100:   0000000000000246 00007fac915d9d28
0x00007ffcf37d9110:   00007ffcf37d96f0 00007ffcf37d9650
0x00007ffcf37d9120:   0000000000000001 00007fac915d99d0
0x00007ffcf37d9130:   0000000000000000 00007fac915da740
0x00007ffcf37d9140:   00007fac915d9700 00000000000030fa
0x00007ffcf37d9150:   00000000000000ca ffffffffffffffff
0x00007ffcf37d9160:   00007ffcf37d9650 00007fac911ca669
0x00007ffcf37d9170:   0000000000000246 0000000000000033
0x00007ffcf37d9180:   0000000000000000 0000000000000000
0x00007ffcf37d9190:   0000000000000000 0000000000000000
0x00007ffcf37d91a0:   00007ffcf37d9280 0000000000000118
0x00007ffcf37d91b0:   0000000000000707 00007fac00000002
0x00007ffcf37d91c0:   0000000000000010 0000000000000010
0x00007ffcf37d91d0:   0000000000000707 0000000000000002
0x00007ffcf37d91e0:   00007ffcf37d9250 0000000000000000
0x00007ffcf37d91f0:   000000000000000c 00007fac00000000 

Instructions: (pc=0x00007fac903147ae)
0x00007fac9031478e:   48 81 ec b0 00 00 00 e8 d6 d1 8f ff 44 8b 38 49
0x00007fac9031479e:   89 c6 48 8b 05 79 14 65 00 8b 38 e8 52 db 8f ff
0x00007fac903147ae:   48 8b 98 28 01 00 00 8b 83 a8 00 00 00 83 e8 01
0x00007fac903147be:   74 20 45 89 3e 48 8b 5d d8 4c 8b 65 e0 4c 8b 6d 

Register to memory mapping:

RAX=0x0000000000000000 is an unknown value
RBX=0x00007fac915d9700 is pointing into the stack for thread: 0x00007fac88009800
RCX=0xffffffffffffffff is an unknown value
RDX=0x00007fac915daa60 is an unknown value
RSP=0x00007ffcf37d9000 is an unknown value
RBP=0x00007ffcf37d90b0 is an unknown value
RSI=0x00007ffcf37d91f0 is an unknown value
RDI=0x0000000000000001 is an unknown value
R8 =0x0000000000000000 is an unknown value
R9 =0x00007fac915d9700 is pointing into the stack for thread: 0x00007fac88009800
R10=0x0000000000000000 is an unknown value
R11=0x0000000000000246 is an unknown value
R12=0x00007ffcf37d90c0 is an unknown value
R13=0x00007ffcf37d91f0 is an unknown value
R14=0x00007fac915da6a0 is an unknown value
R15=0x0000000000000002 is an unknown value


Stack: [0x00007ffcf36e1000,0x00007ffcf37e1000],  sp=0x00007ffcf37d9000,  free space=992k
Native frames: (J=compiled Java code, j=interpreted, Vv=VM code, C=native code)
V  [libjvm.so+0x9207ae]  SR_handler(int, siginfo*, ucontext*)+0x3e


---------------  P R O C E S S  ---------------

VM state:not at safepoint (normal execution)

VM Mutex/Monitor currently owned by a thread: None

Heap:
 PSYoungGen      total 295424K, used 35790K [0x00000000eb800000, 0x0000000100000000, 0x0000000100000000)
  eden space 272384K, 13% used [0x00000000eb800000,0x00000000edaf38a0,0x00000000fc200000)
  from space 23040K, 0% used [0x00000000fe980000,0x00000000fe980000,0x0000000100000000)
  to   space 31744K, 0% used [0x00000000fc200000,0x00000000fc200000,0x00000000fe100000)
 ParOldGen       total 115200K, used 63687K [0x00000000c2800000, 0x00000000c9880000, 0x00000000eb800000)
  object space 115200K, 55% used [0x00000000c2800000,0x00000000c6631e08,0x00000000c9880000)
 Metaspace       used 27427K, capacity 28016K, committed 28288K, reserved 1075200K
  class space    used 3253K, capacity 3445K, committed 3456K, reserved 1048576K

Card table byte_map: [0x00007fac8e0a7000,0x00007fac8e294000] byte_map_base: 0x00007fac8da93000

Marking Bits: (ParMarkBitMap*) 0x00007fac909b5120
 Begin Bits: [0x00007fac72140000, 0x00007fac730a0000)
 End Bits:   [0x00007fac730a0000, 0x00007fac74000000)

Polling page: 0x00007fac915fe000

CodeCache: size=245760Kb used=11261Kb max_used=11298Kb free=234498Kb
 bounds [0x00007fac79000000, 0x00007fac79b20000, 0x00007fac88000000]
 total_blobs=3894 nmethods=3442 adapters=365
 compilation: enabled

Compilation events (10 events):
Event: 13.431 Thread 0x00007fac880b8800 nmethod 4040 0x00007fac79b01350 code [0x00007fac79b014c0, 0x00007fac79b018c8]
Event: 13.431 Thread 0x00007fac880b8800 4044       4       java.lang.StringBuilder::append (8 bytes)
Event: 13.442 Thread 0x00007fac880bb000 nmethod 3756 0x00007fac79b01c10 code [0x00007fac79b02540, 0x00007fac79b0bfa8]
Event: 13.443 Thread 0x00007fac880bb000 4048       4       java.lang.AbstractStringBuilder::append (40 bytes)
Event: 13.446 Thread 0x00007fac880b8800 nmethod 4044 0x00007fac79aef2d0 code [0x00007fac79aef440, 0x00007fac79aef848]
Event: 13.448 Thread 0x00007fac880bb000 nmethod 4048 0x00007fac79aeeb10 code [0x00007fac79aeec80, 0x00007fac79aef038]
Event: 72.864 Thread 0x00007fac880bd000 4056       3       java.util.concurrent.locks.LockSupport::setBlocker (12 bytes)
Event: 72.864 Thread 0x00007fac880bd000 nmethod 4056 0x00007fac79aee810 code [0x00007fac79aee960, 0x00007fac79aeeab0]
Event: 73.433 Thread 0x00007fac880bd000 4057       3       org.eclipse.jetty.util.component.AbstractLifeCycle::isRunning (21 bytes)
Event: 73.433 Thread 0x00007fac880bd000 nmethod 4057 0x00007fac79aee410 code [0x00007fac79aee580, 0x00007fac79aee770]

GC Heap History (10 events):
Event: 4.713 GC heap before
{Heap before GC invocations=8 (full 0):
 PSYoungGen      total 136192K, used 136192K [0x00000000eb800000, 0x00000000fcc00000, 0x0000000100000000)
  eden space 126464K, 100% used [0x00000000eb800000,0x00000000f3380000,0x00000000f3380000)
  from space 9728K, 100% used [0x00000000f3380000,0x00000000f3d00000,0x00000000f3d00000)
  to   space 14848K, 0% used [0x00000000fbd80000,0x00000000fbd80000,0x00000000fcc00000)
 ParOldGen       total 42496K, used 23114K [0x00000000c2800000, 0x00000000c5180000, 0x00000000eb800000)
  object space 42496K, 54% used [0x00000000c2800000,0x00000000c3e92a68,0x00000000c5180000)
 Metaspace       used 9855K, capacity 10210K, committed 10496K, reserved 1058816K
  class space    used 1042K, capacity 1197K, committed 1280K, reserved 1048576K
Event: 4.742 GC heap after
Heap after GC invocations=8 (full 0):
 PSYoungGen      total 267264K, used 10953K [0x00000000eb800000, 0x00000000fcd00000, 0x0000000100000000)
  eden space 252416K, 0% used [0x00000000eb800000,0x00000000eb800000,0x00000000fae80000)
  from space 14848K, 73% used [0x00000000fbd80000,0x00000000fc832790,0x00000000fcc00000)
  to   space 15360K, 0% used [0x00000000fae80000,0x00000000fae80000,0x00000000fbd80000)
 ParOldGen       total 42496K, used 23482K [0x00000000c2800000, 0x00000000c5180000, 0x00000000eb800000)
  object space 42496K, 55% used [0x00000000c2800000,0x00000000c3eeea68,0x00000000c5180000)
 Metaspace       used 9855K, capacity 10210K, committed 10496K, reserved 1058816K
  class space    used 1042K, capacity 1197K, committed 1280K, reserved 1048576K
}
Event: 6.401 GC heap before
{Heap before GC invocations=9 (full 0):
 PSYoungGen      total 267264K, used 263369K [0x00000000eb800000, 0x00000000fcd00000, 0x0000000100000000)
  eden space 252416K, 100% used [0x00000000eb800000,0x00000000fae80000,0x00000000fae80000)
  from space 14848K, 73% used [0x00000000fbd80000,0x00000000fc832790,0x00000000fcc00000)
  to   space 15360K, 0% used [0x00000000fae80000,0x00000000fae80000,0x00000000fbd80000)
 ParOldGen       total 42496K, used 23498K [0x00000000c2800000, 0x00000000c5180000, 0x00000000eb800000)
  object space 42496K, 55% used [0x00000000c2800000,0x00000000c3ef2900,0x00000000c5180000)
 Metaspace       used 14732K, capacity 15188K, committed 15360K, reserved 1062912K
  class space    used 1581K, capacity 1752K, committed 1792K, reserved 1048576K
Event: 6.470 GC heap after
Heap after GC invocations=9 (full 0):
 PSYoungGen      total 267776K, used 15333K [0x00000000eb800000, 0x0000000100000000, 0x0000000100000000)
  eden space 252416K, 0% used [0x00000000eb800000,0x00000000eb800000,0x00000000fae80000)
  from space 15360K, 99% used [0x00000000fae80000,0x00000000fbd797c0,0x00000000fbd80000)
  to   space 23040K, 0% used [0x00000000fe980000,0x00000000fe980000,0x0000000100000000)
 ParOldGen       total 42496K, used 36559K [0x00000000c2800000, 0x00000000c5180000, 0x00000000eb800000)
  object space 42496K, 86% used [0x00000000c2800000,0x00000000c4bb3e08,0x00000000c5180000)
 Metaspace       used 14732K, capacity 15188K, committed 15360K, reserved 1062912K
  class space    used 1581K, capacity 1752K, committed 1792K, reserved 1048576K
}
Event: 6.470 GC heap before
{Heap before GC invocations=10 (full 1):
 PSYoungGen      total 267776K, used 15333K [0x00000000eb800000, 0x0000000100000000, 0x0000000100000000)
  eden space 252416K, 0% used [0x00000000eb800000,0x00000000eb800000,0x00000000fae80000)
  from space 15360K, 99% used [0x00000000fae80000,0x00000000fbd797c0,0x00000000fbd80000)
  to   space 23040K, 0% used [0x00000000fe980000,0x00000000fe980000,0x0000000100000000)
 ParOldGen       total 42496K, used 36559K [0x00000000c2800000, 0x00000000c5180000, 0x00000000eb800000)
  object space 42496K, 86% used [0x00000000c2800000,0x00000000c4bb3e08,0x00000000c5180000)
 Metaspace       used 14732K, capacity 15188K, committed 15360K, reserved 1062912K
  class space    used 1581K, capacity 1752K, committed 1792K, reserved 1048576K
Event: 6.729 GC heap after
Heap after GC invocations=10 (full 1):
 PSYoungGen      total 267776K, used 2482K [0x00000000eb800000, 0x0000000100000000, 0x0000000100000000)
  eden space 252416K, 0% used [0x00000000eb800000,0x00000000eb800000,0x00000000fae80000)
  from space 15360K, 16% used [0x00000000fae80000,0x00000000fb0eca80,0x00000000fbd80000)
  to   space 23040K, 0% used [0x00000000fe980000,0x00000000fe980000,0x0000000100000000)
 ParOldGen       total 77824K, used 42403K [0x00000000c2800000, 0x00000000c7400000, 0x00000000eb800000)
  object space 77824K, 54% used [0x00000000c2800000,0x00000000c5168c50,0x00000000c7400000)
 Metaspace       used 14732K, capacity 15188K, committed 15360K, reserved 1062912K
  class space    used 1581K, capacity 1752K, committed 1792K, reserved 1048576K
}
Event: 9.931 GC heap before
{Heap before GC invocations=11 (full 1):
 PSYoungGen      total 267776K, used 175872K [0x00000000eb800000, 0x0000000100000000, 0x0000000100000000)
  eden space 252416K, 68% used [0x00000000eb800000,0x00000000f6153800,0x00000000fae80000)
  from space 15360K, 16% used [0x00000000fae80000,0x00000000fb0eca80,0x00000000fbd80000)
  to   space 23040K, 0% used [0x00000000fe980000,0x00000000fe980000,0x0000000100000000)
 ParOldGen       total 77824K, used 42403K [0x00000000c2800000, 0x00000000c7400000, 0x00000000eb800000)
  object space 77824K, 54% used [0x00000000c2800000,0x00000000c5168c50,0x00000000c7400000)
 Metaspace       used 24904K, capacity 25468K, committed 25600K, reserved 1071104K
  class space    used 2929K, capacity 3153K, committed 3200K, reserved 1048576K
Event: 10.024 GC heap after
Heap after GC invocations=11 (full 1):
 PSYoungGen      total 295424K, used 23010K [0x00000000eb800000, 0x0000000100000000, 0x0000000100000000)
  eden space 272384K, 0% used [0x00000000eb800000,0x00000000eb800000,0x00000000fc200000)
  from space 23040K, 99% used [0x00000000fe980000,0x00000000ffff8a50,0x0000000100000000)
  to   space 31744K, 0% used [0x00000000fc200000,0x00000000fc200000,0x00000000fe100000)
 ParOldGen       total 77824K, used 57408K [0x00000000c2800000, 0x00000000c7400000, 0x00000000eb800000)
  object space 77824K, 73% used [0x00000000c2800000,0x00000000c6010020,0x00000000c7400000)
 Metaspace       used 24904K, capacity 25468K, committed 25600K, reserved 1071104K
  class space    used 2929K, capacity 3153K, committed 3200K, reserved 1048576K
}
Event: 10.024 GC heap before
{Heap before GC invocations=12 (full 2):
 PSYoungGen      total 295424K, used 23010K [0x00000000eb800000, 0x0000000100000000, 0x0000000100000000)
  eden space 272384K, 0% used [0x00000000eb800000,0x00000000eb800000,0x00000000fc200000)
  from space 23040K, 99% used [0x00000000fe980000,0x00000000ffff8a50,0x0000000100000000)
  to   space 31744K, 0% used [0x00000000fc200000,0x00000000fc200000,0x00000000fe100000)
 ParOldGen       total 77824K, used 57408K [0x00000000c2800000, 0x00000000c7400000, 0x00000000eb800000)
  object space 77824K, 73% used [0x00000000c2800000,0x00000000c6010020,0x00000000c7400000)
 Metaspace       used 24904K, capacity 25468K, committed 25600K, reserved 1071104K
  class space    used 2929K, capacity 3153K, committed 3200K, reserved 1048576K
Event: 10.194 GC heap after
Heap after GC invocations=12 (full 2):
 PSYoungGen      total 295424K, used 0K [0x00000000eb800000, 0x0000000100000000, 0x0000000100000000)
  eden space 272384K, 0% used [0x00000000eb800000,0x00000000eb800000,0x00000000fc200000)
  from space 23040K, 0% used [0x00000000fe980000,0x00000000fe980000,0x0000000100000000)
  to   space 31744K, 0% used [0x00000000fc200000,0x00000000fc200000,0x00000000fe100000)
 ParOldGen       total 115200K, used 63687K [0x00000000c2800000, 0x00000000c9880000, 0x00000000eb800000)
  object space 115200K, 55% used [0x00000000c2800000,0x00000000c6631e08,0x00000000c9880000)
 Metaspace       used 24904K, capacity 25468K, committed 25600K, reserved 1071104K
  class space    used 2929K, capacity 3153K, committed 3200K, reserved 1048576K
}

Deoptimization events (10 events):
Event: 13.205 Thread 0x00007fac881c8000 Uncommon trap: reason=unstable_if action=reinterpret pc=0x00007fac797b48ec method=java.util.HashMap.getNode(ILjava/lang/Object;)Ljava/util/HashMap$Node; @ 62
Event: 13.205 Thread 0x00007fac881c8000 Uncommon trap: reason=unstable_if action=reinterpret pc=0x00007fac7984d6b4 method=java.util.HashMap.getNode(ILjava/lang/Object;)Ljava/util/HashMap$Node; @ 62
Event: 13.226 Thread 0x00007fac881c8000 Uncommon trap: reason=unstable_if action=reinterpret pc=0x00007fac792557b4 method=java.lang.Class$MethodArray.addIfNotPresent(Ljava/lang/reflect/Method;)V @ 19
Event: 13.330 Thread 0x00007fac881c8000 Uncommon trap: reason=class_check action=maybe_recompile pc=0x00007fac792a6174 method=java.io.DataInputStream.readByte()B @ 4
Event: 13.330 Thread 0x00007fac881c8000 Uncommon trap: reason=class_check action=maybe_recompile pc=0x00007fac792a6174 method=java.io.DataInputStream.readByte()B @ 4
Event: 13.330 Thread 0x00007fac881c8000 Uncommon trap: reason=class_check action=maybe_recompile pc=0x00007fac792a6174 method=java.io.DataInputStream.readByte()B @ 4
Event: 13.330 Thread 0x00007fac881c8000 Uncommon trap: reason=class_check action=maybe_recompile pc=0x00007fac792a6174 method=java.io.DataInputStream.readByte()B @ 4
Event: 13.392 Thread 0x00007fac881c8000 Uncommon trap: reason=unstable_if action=reinterpret pc=0x00007fac7964a060 method=java.lang.Character.isHighSurrogate(C)Z @ 3
Event: 13.392 Thread 0x00007fac881c8000 Uncommon trap: reason=unstable_if action=reinterpret pc=0x00007fac79649d0c method=java.lang.Character.isHighSurrogate(C)Z @ 3
Event: 13.432 Thread 0x00007fac881c8000 Uncommon trap: reason=unstable_if action=reinterpret pc=0x00007fac793f0704 method=java.util.concurrent.ConcurrentHashMap.putVal(Ljava/lang/Object;Ljava/lang/Object;Z)Ljava/lang/Object; @ 206

Internal exceptions (10 events):
Event: 13.400 Thread 0x00007fac881c8000 Exception <a 'java/lang/ClassNotFoundException': java/lang/IntegerBeanInfo> (0x00000000ed90c520) thrown at [/HUDSON3/workspace/8-2-build-linux-amd64/jdk8u101/7261/hotspot/src/share/vm/classfile/systemDictionary.cpp, line 210]
Event: 13.401 Thread 0x00007fac881c8000 Exception <a 'java/lang/ClassNotFoundException': java/lang/NumberBeanInfo> (0x00000000ed913dc0) thrown at [/HUDSON3/workspace/8-2-build-linux-amd64/jdk8u101/7261/hotspot/src/share/vm/classfile/systemDictionary.cpp, line 210]
Event: 13.401 Thread 0x00007fac881c8000 Exception <a 'java/lang/ClassNotFoundException': java/lang/NumberCustomizer> (0x00000000ed91b6a8) thrown at [/HUDSON3/workspace/8-2-build-linux-amd64/jdk8u101/7261/hotspot/src/share/vm/classfile/systemDictionary.cpp, line 210]
Event: 13.406 Thread 0x00007fac881c8000 Exception <a 'java/lang/ClassNotFoundException': java/lang/IntegerCustomizer> (0x00000000ed926608) thrown at [/HUDSON3/workspace/8-2-build-linux-amd64/jdk8u101/7261/hotspot/src/share/vm/classfile/systemDictionary.cpp, line 210]
Event: 13.410 Thread 0x00007fac881c8000 Exception <a 'java/lang/ClassNotFoundException': [Ljava/lang/StackTraceElement;BeanInfo> (0x00000000ed951620) thrown at [/HUDSON3/workspace/8-2-build-linux-amd64/jdk8u101/7261/hotspot/src/share/vm/prims/jni.cpp, line 735]
Event: 13.410 Thread 0x00007fac881c8000 Exception <a 'java/lang/ClassNotFoundException': [Ljava/lang/StackTraceElement;BeanInfo> (0x00000000ed951c78) thrown at [/HUDSON3/workspace/8-2-build-linux-amd64/jdk8u101/7261/hotspot/src/share/vm/prims/jni.cpp, line 735]
Event: 13.410 Thread 0x00007fac881c8000 Exception <a 'java/lang/ClassNotFoundException': [Ljava/lang/StackTraceElement;Customizer> (0x00000000ed952568) thrown at [/HUDSON3/workspace/8-2-build-linux-amd64/jdk8u101/7261/hotspot/src/share/vm/prims/jni.cpp, line 735]
Event: 13.410 Thread 0x00007fac881c8000 Exception <a 'java/lang/ClassNotFoundException': [Ljava/lang/StackTraceElement;Customizer> (0x00000000ed952bc0) thrown at [/HUDSON3/workspace/8-2-build-linux-amd64/jdk8u101/7261/hotspot/src/share/vm/prims/jni.cpp, line 735]
Event: 13.411 Thread 0x00007fac881c8000 Exception <a 'java/lang/ClassNotFoundException': java/lang/StackTraceElementBeanInfo> (0x00000000ed963ff8) thrown at [/HUDSON3/workspace/8-2-build-linux-amd64/jdk8u101/7261/hotspot/src/share/vm/classfile/systemDictionary.cpp, line 210]
Event: 13.412 Thread 0x00007fac881c8000 Exception <a 'java/lang/ClassNotFoundException': java/lang/StackTraceElementCustomizer> (0x00000000ed96d160) thrown at [/HUDSON3/workspace/8-2-build-linux-amd64/jdk8u101/7261/hotspot/src/share/vm/classfile/systemDictionary.cpp, line 210]

Events (10 events):
Event: 128.535 loading class org/eclipse/jetty/io/ManagedSelector$2
Event: 128.535 loading class org/eclipse/jetty/io/ManagedSelector$2 done
Event: 226.576 loading class java/util/concurrent/LinkedBlockingDeque$Node
Event: 226.590 loading class java/util/concurrent/LinkedBlockingDeque$Node done
Event: 226.590 loading class org/eclipse/jetty/util/PathWatcher$PathWatchEvent
Event: 226.590 loading class org/eclipse/jetty/util/PathWatcher$PathWatchEvent done
Event: 226.591 loading class org/eclipse/jetty/util/PathWatcher$PathWatchEventType
Event: 226.591 loading class org/eclipse/jetty/util/PathWatcher$PathWatchEventType done
Event: 226.591 loading class org/eclipse/jetty/util/PathWatcher$PathPendingEvents
Event: 226.591 loading class org/eclipse/jetty/util/PathWatcher$PathPendingEvents done


Dynamic libraries:
00400000-00401000 r-xp 00000000 08:03 1084171                            /usr/lib/jvm/jdk1.8.0_101/bin/java
00600000-00601000 rw-p 00000000 08:03 1084171                            /usr/lib/jvm/jdk1.8.0_101/bin/java
00c54000-00f02000 rw-p 00000000 00:00 0                                  [heap]
c2800000-c9880000 rw-p 00000000 00:00 0 
c9880000-eb800000 ---p 00000000 00:00 0 
eb800000-100000000 rw-p 00000000 00:00 0 
100000000-100360000 rw-p 00000000 00:00 0 
100360000-140000000 ---p 00000000 00:00 0 
7fabf4000000-7fabf4021000 rw-p 00000000 00:00 0 
7fabf4021000-7fabf8000000 ---p 00000000 00:00 0 
7fabfc000000-7fabfe41a000 rw-p 00000000 00:00 0 
7fabfe41a000-7fac00000000 ---p 00000000 00:00 0 
7fac00000000-7fac00021000 rw-p 00000000 00:00 0 
7fac00021000-7fac04000000 ---p 00000000 00:00 0 
7fac04000000-7fac050ef000 rw-p 00000000 00:00 0 
7fac050ef000-7fac08000000 ---p 00000000 00:00 0 
7fac08000000-7fac08d31000 rw-p 00000000 00:00 0 
7fac08d31000-7fac0c000000 ---p 00000000 00:00 0 
7fac0c000000-7fac0cf4b000 rw-p 00000000 00:00 0 
7fac0cf4b000-7fac10000000 ---p 00000000 00:00 0 
7fac10000000-7fac12523000 rw-p 00000000 00:00 0 
7fac12523000-7fac14000000 ---p 00000000 00:00 0 
7fac14000000-7fac1508d000 rw-p 00000000 00:00 0 
7fac1508d000-7fac18000000 ---p 00000000 00:00 0 
7fac18000000-7fac1986f000 rw-p 00000000 00:00 0 
7fac1986f000-7fac1c000000 ---p 00000000 00:00 0 
7fac1c000000-7fac1c021000 rw-p 00000000 00:00 0 
7fac1c021000-7fac20000000 ---p 00000000 00:00 0 
7fac20000000-7fac20e04000 rw-p 00000000 00:00 0 
7fac20e04000-7fac24000000 ---p 00000000 00:00 0 
7fac24000000-7fac24021000 rw-p 00000000 00:00 0 
7fac24021000-7fac28000000 ---p 00000000 00:00 0 
7fac28000000-7fac28021000 rw-p 00000000 00:00 0 
7fac28021000-7fac2c000000 ---p 00000000 00:00 0 
7fac2c000000-7fac2c021000 rw-p 00000000 00:00 0 
7fac2c021000-7fac30000000 ---p 00000000 00:00 0 
7fac30000000-7fac30021000 rw-p 00000000 00:00 0 
7fac30021000-7fac34000000 ---p 00000000 00:00 0 
7fac34000000-7fac34021000 rw-p 00000000 00:00 0 
7fac34021000-7fac38000000 ---p 00000000 00:00 0 
7fac38000000-7fac38021000 rw-p 00000000 00:00 0 
7fac38021000-7fac3c000000 ---p 00000000 00:00 0 
7fac3c000000-7fac3c021000 rw-p 00000000 00:00 0 
7fac3c021000-7fac40000000 ---p 00000000 00:00 0 
7fac40000000-7fac40021000 rw-p 00000000 00:00 0 
7fac40021000-7fac44000000 ---p 00000000 00:00 0 
7fac44000000-7fac45283000 rw-p 00000000 00:00 0 
7fac45283000-7fac48000000 ---p 00000000 00:00 0 
7fac48000000-7fac48ac6000 rw-p 00000000 00:00 0 
7fac48ac6000-7fac4c000000 ---p 00000000 00:00 0 
7fac4c000000-7fac4c021000 rw-p 00000000 00:00 0 
7fac4c021000-7fac50000000 ---p 00000000 00:00 0 
7fac50000000-7fac50f4e000 rw-p 00000000 00:00 0 
7fac50f4e000-7fac54000000 ---p 00000000 00:00 0 
7fac54000000-7fac54021000 rw-p 00000000 00:00 0 
7fac54021000-7fac58000000 ---p 00000000 00:00 0 
7fac58000000-7fac58021000 rw-p 00000000 00:00 0 
7fac58021000-7fac5c000000 ---p 00000000 00:00 0 
7fac5c000000-7fac5c021000 rw-p 00000000 00:00 0 
7fac5c021000-7fac60000000 ---p 00000000 00:00 0 
7fac60000000-7fac60043000 rw-p 00000000 00:00 0 
7fac60043000-7fac64000000 ---p 00000000 00:00 0 
7fac64000000-7fac64021000 rw-p 00000000 00:00 0 
7fac64021000-7fac68000000 ---p 00000000 00:00 0 
7fac6b4ff000-7fac6b53f000 rw-p 00000000 00:00 0 
7fac6b53f000-7fac6b6ff000 ---p 00000000 00:00 0 
7fac6b6ff000-7fac6b8ff000 rw-p 00000000 00:00 0 
7fac6b8ff000-7fac6b902000 ---p 00000000 00:00 0 
7fac6b902000-7fac6bc00000 rw-p 00000000 00:00 0                          [stack:12671]
7fac6bc00000-7fac6be00000 rw-p 00000000 00:00 0 
7fac6be00000-7fac6c000000 rw-p 00000000 00:00 0 
7fac6c000000-7fac6c021000 rw-p 00000000 00:00 0 
7fac6c021000-7fac70000000 ---p 00000000 00:00 0 
7fac70049000-7fac7004a000 rw-p 00000000 00:00 0 
7fac7004a000-7fac7004f000 r--s 002f9000 08:03 1084197                    /usr/lib/jvm/jdk1.8.0_101/jre/lib/charsets.jar
7fac7004f000-7fac70052000 ---p 00000000 00:00 0 
7fac70052000-7fac70150000 rw-p 00000000 00:00 0                          [stack:12670]
7fac70150000-7fac70163000 r--s 00345000 08:03 1084400                    /usr/lib/jvm/jdk1.8.0_101/jre/lib/resources.jar
7fac70163000-7fac7017e000 r--s 001d2000 08:03 1084294                    /usr/lib/jvm/jdk1.8.0_101/jre/lib/ext/nashorn.jar
7fac7017e000-7fac7037e000 rw-p 00000000 00:00 0 
7fac7037e000-7fac70381000 ---p 00000000 00:00 0 
7fac70381000-7fac7047f000 rw-p 00000000 00:00 0                          [stack:12651]
7fac7047f000-7fac7049b000 r--s 000e8000 08:04 1979526                    /home/li/java-war-getting-started/src/main/webapp/WEB-INF/lib/javaee.jar
7fac7049b000-7fac7049e000 r--s 0001a000 08:03 963913                     /root/.m2/repository/org/glassfish/web/javax.el/2.2.6/javax.el-2.2.6.jar
7fac7049e000-7fac704a0000 r--s 00008000 08:03 963925                     /root/.m2/repository/javax/el/javax.el-api/2.2.4/javax.el-api-2.2.4.jar
7fac704a0000-7fac704a7000 r--s 00053000 08:03 963886                     /root/.m2/repository/log4j/log4j/1.2.14/log4j-1.2.14.jar
7fac704a7000-7fac704a9000 r--s 00004000 08:03 963910                     /root/.m2/repository/asm/asm-tree/3.3/asm-tree-3.3.jar
7fac704a9000-7fac704ab000 r--s 00008000 08:03 963901                     /root/.m2/repository/asm/asm-commons/3.3/asm-commons-3.3.jar
7fac704ab000-7fac704ac000 r--s 0000a000 08:03 963874                     /root/.m2/repository/asm/asm/3.3/asm-3.3.jar
7fac704ac000-7fac704b3000 r--s 00064000 08:03 963847                     /root/.m2/repository/org/apache/commons/commons-lang3/3.4/commons-lang3-3.4.jar
7fac704b3000-7fac704b7000 r--s 0002f000 08:03 963849                     /root/.m2/repository/commons-io/commons-io/2.5/commons-io-2.5.jar
7fac704b7000-7fac704ba000 r--s 0000f000 08:03 963882                     /root/.m2/repository/commons-fileupload/commons-fileupload/1.3.2/commons-fileupload-1.3.2.jar
7fac704ba000-7fac704c4000 r--s 000ae000 08:03 963846                     /root/.m2/repository/org/javassist/javassist/3.20.0-GA/javassist-3.20.0-GA.jar
7fac704c4000-7fac704c8000 r--s 00036000 08:03 963848                     /root/.m2/repository/ognl/ognl/3.1.10/ognl-3.1.10.jar
7fac704c8000-7fac704e0000 r--s 00132000 08:03 963871                     /root/.m2/repository/org/freemarker/freemarker/2.3.23/freemarker-2.3.23.jar
7fac704e0000-7fac704fe000 r--s 00164000 08:03 963457                     /root/.m2/repository/org/apache/struts/struts2-core/2.5.2/struts2-core-2.5.2.jar
7fac704fe000-7fac70505000 r--s 0003a000 08:03 963859                     /root/.m2/repository/commons-codec/commons-codec/1.9/commons-codec-1.9.jar
7fac70505000-7fac70507000 r--s 0000e000 08:03 963870                     /root/.m2/repository/commons-logging/commons-logging/1.2/commons-logging-1.2.jar
7fac70507000-7fac70514000 r--s 000a7000 08:03 963889                     /root/.m2/repository/org/apache/httpcomponents/httpclient/4.5.2/httpclient-4.5.2.jar
7fac70514000-7fac7051b000 r--s 00049000 08:03 963850                     /root/.m2/repository/org/apache/httpcomponents/httpcore/4.4.4/httpcore-4.4.4.jar
7fac7051b000-7fac7051d000 r--s 00000000 08:03 963907                     /root/.m2/repository/cn/leancloud/leancloud-utils/0.1.1/leancloud-utils-0.1.1.jar
7fac7051d000-7fac70524000 r--s 0005b000 08:03 963898                     /root/.m2/repository/cn/leancloud/leancloud-common/0.1.4/leancloud-common-0.1.4.jar
7fac70524000-7fac70526000 r--s 0000f000 08:03 963904                     /root/.m2/repository/cn/leancloud/android/okio/1.6.0-leancloud/okio-1.6.0-leancloud.jar
7fac70526000-7fac7052c000 r--s 0004b000 08:03 963892                     /root/.m2/repository/cn/leancloud/android/okhttp/2.6.0-leancloud/okhttp-2.6.0-leancloud.jar
7fac7052c000-7fac70544000 r--s 000f7000 08:03 963895                     /root/.m2/repository/org/apache/logging/log4j/log4j-core/2.5/log4j-core-2.5.jar
7fac70544000-7fac70546000 r--s 0000b000 08:03 963865                     /root/.m2/repository/org/json/json/20160212/json-20160212.jar
7fac70546000-7fac70549000 r--s 00021000 08:03 963856                     /root/.m2/repository/org/apache/logging/log4j/log4j-api/2.5/log4j-api-2.5.jar
7fac70549000-7fac7054f000 r--s 00053000 08:03 963862                     /root/.m2/repository/cn/leancloud/android/fastjson/1.1.40-leancloud/fastjson-1.1.40-leancloud.jar
7fac7054f000-7fac70550000 r--s 00002000 08:03 963843                     /root/.m2/repository/cn/leancloud/java/java-sdk/0.1.3/java-sdk-0.1.3.jar
7fac70550000-7fac70552000 r--s 0000a000 08:03 963877                     /root/.m2/repository/cn/leancloud/leanengine/0.1.8/leanengine-0.1.8.jar
7fac70552000-7fac70559000 r--s 00000000 08:03 1185178                    /usr/lib/x86_64-linux-gnu/gconv/gconv-modules.cache
7fac70559000-7fac7056d000 r--p 00000000 08:03 1187024                    /usr/share/locale-langpack/zh_CN/LC_MESSAGES/libc.mo
7fac7056d000-7fac7076d000 rw-p 00000000 00:00 0 
7fac7076d000-7fac70770000 ---p 00000000 00:00 0 
7fac70770000-7fac7086e000 rw-p 00000000 00:00 0                          [stack:12635]
7fac7086e000-7fac70871000 ---p 00000000 00:00 0 
7fac70871000-7fac7096f000 rw-p 00000000 00:00 0                          [stack:12634]
7fac7096f000-7fac70972000 ---p 00000000 00:00 0 
7fac70972000-7fac70a70000 rw-p 00000000 00:00 0                          [stack:12633]
7fac70a70000-7fac70a73000 ---p 00000000 00:00 0 
7fac70a73000-7fac70b71000 rw-p 00000000 00:00 0                          [stack:12632]
7fac70b71000-7fac70b74000 ---p 00000000 00:00 0 
7fac70b74000-7fac70c72000 rw-p 00000000 00:00 0                          [stack:12631]
7fac70c72000-7fac70c75000 ---p 00000000 00:00 0 
7fac70c75000-7fac70d73000 rw-p 00000000 00:00 0                          [stack:12630]
7fac70d73000-7fac70d76000 ---p 00000000 00:00 0 
7fac70d76000-7fac70e74000 rw-p 00000000 00:00 0                          [stack:12629]
7fac70e74000-7fac70e77000 ---p 00000000 00:00 0 
7fac70e77000-7fac70f75000 rw-p 00000000 00:00 0                          [stack:12628]
7fac70f75000-7fac70f78000 ---p 00000000 00:00 0 
7fac70f78000-7fac71076000 rw-p 00000000 00:00 0                          [stack:12627]
7fac71076000-7fac7108c000 r-xp 00000000 08:03 1084222                    /usr/lib/jvm/jdk1.8.0_101/jre/lib/amd64/libnet.so
7fac7108c000-7fac7128c000 ---p 00016000 08:03 1084222                    /usr/lib/jvm/jdk1.8.0_101/jre/lib/amd64/libnet.so
7fac7128c000-7fac7128d000 rw-p 00016000 08:03 1084222                    /usr/lib/jvm/jdk1.8.0_101/jre/lib/amd64/libnet.so
7fac7128d000-7fac7129e000 r-xp 00000000 08:03 1084245                    /usr/lib/jvm/jdk1.8.0_101/jre/lib/amd64/libnio.so
7fac7129e000-7fac7149d000 ---p 00011000 08:03 1084245                    /usr/lib/jvm/jdk1.8.0_101/jre/lib/amd64/libnio.so
7fac7149d000-7fac7149e000 rw-p 00010000 08:03 1084245                    /usr/lib/jvm/jdk1.8.0_101/jre/lib/amd64/libnio.so
7fac7149e000-7fac7169e000 rw-p 00000000 00:00 0 
7fac7169e000-7fac716a7000 r-xp 00000000 08:03 1084256                    /usr/lib/jvm/jdk1.8.0_101/jre/lib/amd64/libmanagement.so
7fac716a7000-7fac718a6000 ---p 00009000 08:03 1084256                    /usr/lib/jvm/jdk1.8.0_101/jre/lib/amd64/libmanagement.so
7fac718a6000-7fac718a7000 rw-p 00008000 08:03 1084256                    /usr/lib/jvm/jdk1.8.0_101/jre/lib/amd64/libmanagement.so
7fac718a7000-7fac718ac000 r--s 0002e000 08:03 964265                     /root/.m2/repository/org/apache/taglibs/taglibs-standard-impl/1.2.5/taglibs-standard-impl-1.2.5.jar
7fac718ac000-7fac718ae000 r--s 00008000 08:03 964248                     /root/.m2/repository/org/apache/taglibs/taglibs-standard-spec/1.2.5/taglibs-standard-spec-1.2.5.jar
7fac718ae000-7fac718af000 r--s 00000000 08:03 964336                     /root/.m2/repository/org/eclipse/jetty/apache-jstl/9.3.10.v20160621/apache-jstl-9.3.10.v20160621.jar
7fac718af000-7fac718c1000 r--s 00223000 08:03 964233                     /root/.m2/repository/org/eclipse/jdt/core/compiler/ecj/4.4.2/ecj-4.4.2.jar
7fac718c1000-7fac718ce000 r--s 000df000 08:03 964236                     /root/.m2/repository/org/mortbay/jasper/apache-jsp/8.0.33/apache-jsp-8.0.33.jar
7fac718ce000-7fac718d0000 r--s 0002d000 08:03 964234                     /root/.m2/repository/org/eclipse/jetty/toolchain/jetty-schemas/3.1/jetty-schemas-3.1.jar
7fac718d0000-7fac718d1000 r--s 00002000 08:03 964333                     /root/.m2/repository/org/eclipse/jetty/apache-jsp/9.3.10.v20160621/apache-jsp-9.3.10.v20160621.jar
7fac718d1000-7fac718d2000 r--s 00004000 08:03 964286                     /root/.m2/repository/org/eclipse/jetty/websocket/websocket-servlet/9.3.10.v20160621/websocket-servlet-9.3.10.v20160621.jar
7fac718d2000-7fac718d3000 r--s 00006000 08:03 964283                     /root/.m2/repository/org/eclipse/jetty/websocket/websocket-server/9.3.10.v20160621/websocket-server-9.3.10.v20160621.jar
7fac718d3000-7fac718d5000 r--s 00007000 08:03 964235                     /root/.m2/repository/javax/websocket/javax.websocket-api/1.0/javax.websocket-api-1.0.jar
7fac718d5000-7fac718d8000 r--s 00009000 08:03 964280                     /root/.m2/repository/org/eclipse/jetty/websocket/websocket-api/9.3.10.v20160621/websocket-api-9.3.10.v20160621.jar
7fac718d8000-7fac718dd000 r--s 0002a000 08:03 964275                     /root/.m2/repository/org/eclipse/jetty/websocket/websocket-common/9.3.10.v20160621/websocket-common-9.3.10.v20160621.jar
7fac718dd000-7fac718de000 r--s 00008000 08:03 964269                     /root/.m2/repository/org/eclipse/jetty/websocket/websocket-client/9.3.10.v20160621/websocket-client-9.3.10.v20160621.jar
7fac718de000-7fac718e3000 r--s 00022000 08:03 964260                     /root/.m2/repository/org/eclipse/jetty/websocket/javax-websocket-client-impl/9.3.10.v20160621/javax-websocket-client-impl-9.3.10.v20160621.jar
7fac718e3000-7fac718e5000 r--s 00007000 08:03 964245                     /root/.m2/repository/org/eclipse/jetty/websocket/javax-websocket-server-impl/9.3.10.v20160621/javax-websocket-server-impl-9.3.10.v20160621.jar
7fac718e5000-7fac718e7000 r--s 00008000 08:03 964330                     /root/.m2/repository/org/eclipse/jetty/jetty-jaas/9.3.10.v20160621/jetty-jaas-9.3.10.v20160621.jar
7fac718e7000-7fac718e9000 r--s 00006000 08:03 964251                     /root/.m2/repository/javax/transaction/javax.transaction-api/1.2/javax.transaction-api-1.2.jar
7fac718e9000-7fac718eb000 r--s 00006000 08:03 964272                     /root/.m2/repository/org/ow2/asm/asm-tree/5.0.1/asm-tree-5.0.1.jar
7fac718eb000-7fac718ed000 r--s 00009000 08:03 964266                     /root/.m2/repository/org/ow2/asm/asm-commons/5.0.1/asm-commons-5.0.1.jar
7fac718ed000-7fac718ee000 r--s 0000c000 08:03 964257                     /root/.m2/repository/org/ow2/asm/asm/5.0.1/asm-5.0.1.jar
7fac718ee000-7fac718f0000 r--s 00005000 08:03 964242                     /root/.m2/repository/javax/annotation/javax.annotation-api/1.2/javax.annotation-api-1.2.jar
7fac718f0000-7fac718f2000 r--s 00012000 08:03 964327                     /root/.m2/repository/org/eclipse/jetty/jetty-annotations/9.3.10.v20160621/jetty-annotations-9.3.10.v20160621.jar
7fac718f2000-7fac718f3000 r--s 00009000 08:03 964324                     /root/.m2/repository/org/eclipse/jetty/jetty-jndi/9.3.10.v20160621/jetty-jndi-9.3.10.v20160621.jar
7fac718f3000-7fac718f5000 r--s 0000c000 08:03 964321                     /root/.m2/repository/org/eclipse/jetty/jetty-plus/9.3.10.v20160621/jetty-plus-9.3.10.v20160621.jar
7fac718f5000-7fac718f6000 r--s 00005000 08:03 964318                     /root/.m2/repository/org/eclipse/jetty/jetty-jmx/9.3.10.v20160621/jetty-jmx-9.3.10.v20160621.jar
7fac718f6000-7fac718f8000 r--s 00007000 08:03 964315                     /root/.m2/repository/org/eclipse/jetty/jetty-quickstart/9.3.10.v20160621/jetty-quickstart-9.3.10.v20160621.jar
7fac718f8000-7fac718fb000 r--s 00019000 08:03 963460                     /root/.m2/repository/org/eclipse/jetty/jetty-io/9.3.10.v20160621/jetty-io-9.3.10.v20160621.jar
7fac718fb000-7fac718fe000 r--s 00021000 08:03 964312                     /root/.m2/repository/org/eclipse/jetty/jetty-http/9.3.10.v20160621/jetty-http-9.3.10.v20160621.jar
7fac718fe000-7fac71901000 r--s 00015000 08:03 963853                     /root/.m2/repository/javax/servlet/javax.servlet-api/3.1.0/javax.servlet-api-3.1.0.jar
7fac71901000-7fac71904000 ---p 00000000 00:00 0 
7fac71904000-7fac71a02000 rw-p 00000000 00:00 0                          [stack:12602]
7fac71a02000-7fac71a05000 ---p 00000000 00:00 0 
7fac71a05000-7fac71d03000 rw-p 00000000 00:00 0                          [stack:12601]
7fac71d03000-7fac71d06000 ---p 00000000 00:00 0 
7fac71d06000-7fac71e04000 rw-p 00000000 00:00 0                          [stack:12577]
7fac71e04000-7fac71e07000 ---p 00000000 00:00 0 
7fac71e07000-7fac71f05000 rw-p 00000000 00:00 0                          [stack:12576]
7fac71f05000-7fac71f08000 ---p 00000000 00:00 0 
7fac71f08000-7fac72006000 rw-p 00000000 00:00 0                          [stack:12575]
7fac72006000-7fac72009000 ---p 00000000 00:00 0 
7fac72009000-7fac7203f000 rw-p 00000000 00:00 0 
7fac7203f000-7fac72040000 ---p 00000000 00:00 0 
7fac72040000-7fac74000000 rw-p 00000000 00:00 0                          [stack:12551]
7fac74000000-7fac74021000 rw-p 00000000 00:00 0 
7fac74021000-7fac78000000 ---p 00000000 00:00 0 
7fac78000000-7fac78007000 r--s 00072000 08:03 964307                     /root/.m2/repository/org/eclipse/jetty/jetty-server/9.3.10.v20160621/jetty-server-9.3.10.v20160621.jar
7fac78007000-7fac7800a000 r--s 00015000 08:03 964304                     /root/.m2/repository/org/eclipse/jetty/jetty-security/9.3.10.v20160621/jetty-security-9.3.10.v20160621.jar
7fac7800a000-7fac7800c000 r--s 0001b000 08:03 964301                     /root/.m2/repository/org/eclipse/jetty/jetty-servlet/9.3.10.v20160621/jetty-servlet-9.3.10.v20160621.jar
7fac7800c000-7fac7800e000 r--s 0000b000 08:03 964298                     /root/.m2/repository/org/eclipse/jetty/jetty-xml/9.3.10.v20160621/jetty-xml-9.3.10.v20160621.jar
7fac7800e000-7fac78015000 r--s 00063000 08:03 964232                     /root/.m2/repository/org/eclipse/jetty/jetty-util/9.3.10.v20160621/jetty-util-9.3.10.v20160621.jar
7fac78015000-7fac78018000 ---p 00000000 00:00 0 
7fac78018000-7fac78116000 rw-p 00000000 00:00 0                          [stack:12550]
7fac78116000-7fac78119000 ---p 00000000 00:00 0 
7fac78119000-7fac78217000 rw-p 00000000 00:00 0                          [stack:12549]
7fac78217000-7fac7821a000 ---p 00000000 00:00 0 
7fac7821a000-7fac78318000 rw-p 00000000 00:00 0                          [stack:12548]
7fac78318000-7fac7831b000 ---p 00000000 00:00 0 
7fac7831b000-7fac78419000 rw-p 00000000 00:00 0                          [stack:12547]
7fac78419000-7fac7841c000 ---p 00000000 00:00 0 
7fac7841c000-7fac7851a000 rw-p 00000000 00:00 0                          [stack:12546]
7fac7851a000-7fac78bfc000 r--p 00000000 08:03 794754                     /usr/lib/locale/locale-archive
7fac78bfc000-7fac78bff000 ---p 00000000 00:00 0 
7fac78bff000-7fac78cfd000 rw-p 00000000 00:00 0                          [stack:12545]
7fac78cfd000-7fac78d00000 ---p 00000000 00:00 0 
7fac78d00000-7fac78dfe000 rw-p 00000000 00:00 0                          [stack:12544]
7fac78dfe000-7fac78dff000 ---p 00000000 00:00 0 
7fac78dff000-7fac79000000 rw-p 00000000 00:00 0                          [stack:12543]
7fac79000000-7fac79b20000 rwxp 00000000 00:00 0 
7fac79b20000-7fac88000000 ---p 00000000 00:00 0 
7fac88000000-7fac88d8b000 rw-p 00000000 00:00 0 
7fac88d8b000-7fac8c000000 ---p 00000000 00:00 0 
7fac8c000000-7fac8c002000 r--s 0001a000 08:03 964295                     /root/.m2/repository/org/eclipse/jetty/jetty-webapp/9.3.10.v20160621/jetty-webapp-9.3.10.v20160621.jar
7fac8c002000-7fac8c004000 r--s 00004000 08:03 964241                     /root/.m2/repository/org/apache/maven/plugin-tools/maven-plugin-tools-api/3.4/maven-plugin-tools-api-3.4.jar
7fac8c004000-7fac8c008000 r--s 00034000 08:03 964254                     /root/.m2/repository/org/codehaus/plexus/plexus-utils/1.5.15/plexus-utils-1.5.15.jar
7fac8c008000-7fac8c009000 r--s 00003000 08:03 963829                     /root/.m2/repository/org/codehaus/plexus/plexus-compiler-javac/1.9.1/plexus-compiler-javac-1.9.1.jar
7fac8c009000-7fac8c00b000 r--s 00000000 08:03 963820                     /root/.m2/repository/org/codehaus/plexus/plexus-compiler-manager/1.9.1/plexus-compiler-manager-1.9.1.jar
7fac8c00b000-7fac8c00d000 r--s 00004000 08:03 963811                     /root/.m2/repository/org/codehaus/plexus/plexus-compiler-api/1.9.1/plexus-compiler-api-1.9.1.jar
7fac8c00d000-7fac8c011000 r--s 00034000 08:03 963802                     /root/.m2/repository/org/codehaus/plexus/plexus-utils/3.0/plexus-utils-3.0.jar
7fac8c011000-7fac8c013000 r--s 0000b000 08:03 963663                     /root/.m2/repository/org/codehaus/plexus/plexus-interpolation/1.6/plexus-interpolation-1.6.jar
7fac8c013000-7fac8c015000 r--s 00007000 08:03 963657                     /root/.m2/repository/org/apache/maven/shared/maven-filtering/1.0-beta-2/maven-filtering-1.0-beta-2.jar
7fac8c015000-7fac8c01a000 r--s 00039000 08:03 963658                     /root/.m2/repository/org/codehaus/plexus/plexus-utils/1.5.6/plexus-utils-1.5.6.jar
7fac8c01a000-7fac8c01c000 r--s 00004000 08:03 963477                     /root/.m2/repository/org/apache/maven/plugins/maven-resources-plugin/2.3/maven-resources-plugin-2.3.jar
7fac8c01c000-7fac8c01e000 r--s 00017000 08:03 963462                     /root/.m2/repository/org/eclipse/jetty/jetty-maven-plugin/9.3.10.v20160621/jetty-maven-plugin-9.3.10.v20160621.jar
7fac8c01e000-7fac8c028000 r--s 00116000 08:03 1084295                    /usr/lib/jvm/jdk1.8.0_101/jre/lib/ext/localedata.jar
7fac8c028000-7fac8c044000 r--s 00393000 08:03 1084298                    /usr/lib/jvm/jdk1.8.0_101/jre/lib/ext/cldrdata.jar
7fac8c044000-7fac8c06d000 r--s 001f4000 08:03 858439                     /usr/share/maven2/lib/maven-debian-uber.jar
7fac8c06d000-7fac8cf20000 rw-p 00000000 00:00 0 
7fac8cf20000-7fac8d0f9000 r--s 03d29000 08:03 1084215                    /usr/lib/jvm/jdk1.8.0_101/jre/lib/rt.jar
7fac8d0f9000-7fac8db5b000 rw-p 00000000 00:00 0 
7fac8db5b000-7fac8db5c000 ---p 00000000 00:00 0 
7fac8db5c000-7fac8dc5c000 rw-p 00000000 00:00 0                          [stack:12542]
7fac8dc5c000-7fac8dc5d000 ---p 00000000 00:00 0 
7fac8dc5d000-7fac8dd5d000 rw-p 00000000 00:00 0                          [stack:12541]
7fac8dd5d000-7fac8dd5e000 ---p 00000000 00:00 0 
7fac8dd5e000-7fac8de5e000 rw-p 00000000 00:00 0                          [stack:12540]
7fac8de5e000-7fac8de5f000 ---p 00000000 00:00 0 
7fac8de5f000-7fac8df98000 rw-p 00000000 00:00 0                          [stack:12539]
7fac8df98000-7fac8e0a7000 ---p 00000000 00:00 0 
7fac8e0a7000-7fac8e0e0000 rw-p 00000000 00:00 0 
7fac8e0e0000-7fac8e1ef000 ---p 00000000 00:00 0 
7fac8e1ef000-7fac8e293000 rw-p 00000000 00:00 0 
7fac8e293000-7fac8e2c1000 rw-p 00000000 00:00 0 
7fac8e2c1000-7fac8e654000 ---p 00000000 00:00 0 
7fac8e654000-7fac8e66e000 r-xp 00000000 08:03 1084243                    /usr/lib/jvm/jdk1.8.0_101/jre/lib/amd64/libzip.so
7fac8e66e000-7fac8e86e000 ---p 0001a000 08:03 1084243                    /usr/lib/jvm/jdk1.8.0_101/jre/lib/amd64/libzip.so
7fac8e86e000-7fac8e86f000 rw-p 0001a000 08:03 1084243                    /usr/lib/jvm/jdk1.8.0_101/jre/lib/amd64/libzip.so
7fac8e86f000-7fac8e87a000 r-xp 00000000 08:03 921975                     /lib/x86_64-linux-gnu/libnss_files-2.19.so
7fac8e87a000-7fac8ea79000 ---p 0000b000 08:03 921975                     /lib/x86_64-linux-gnu/libnss_files-2.19.so
7fac8ea79000-7fac8ea7a000 r--p 0000a000 08:03 921975                     /lib/x86_64-linux-gnu/libnss_files-2.19.so
7fac8ea7a000-7fac8ea7b000 rw-p 0000b000 08:03 921975                     /lib/x86_64-linux-gnu/libnss_files-2.19.so
7fac8ea7b000-7fac8ea86000 r-xp 00000000 08:03 923716                     /lib/x86_64-linux-gnu/libnss_nis-2.19.so
7fac8ea86000-7fac8ec85000 ---p 0000b000 08:03 923716                     /lib/x86_64-linux-gnu/libnss_nis-2.19.so
7fac8ec85000-7fac8ec86000 r--p 0000a000 08:03 923716                     /lib/x86_64-linux-gnu/libnss_nis-2.19.so
7fac8ec86000-7fac8ec87000 rw-p 0000b000 08:03 923716                     /lib/x86_64-linux-gnu/libnss_nis-2.19.so
7fac8ec87000-7fac8ec9e000 r-xp 00000000 08:03 923545                     /lib/x86_64-linux-gnu/libnsl-2.19.so
7fac8ec9e000-7fac8ee9d000 ---p 00017000 08:03 923545                     /lib/x86_64-linux-gnu/libnsl-2.19.so
7fac8ee9d000-7fac8ee9e000 r--p 00016000 08:03 923545                     /lib/x86_64-linux-gnu/libnsl-2.19.so
7fac8ee9e000-7fac8ee9f000 rw-p 00017000 08:03 923545                     /lib/x86_64-linux-gnu/libnsl-2.19.so
7fac8ee9f000-7fac8eea1000 rw-p 00000000 00:00 0 
7fac8eea1000-7fac8eeaa000 r-xp 00000000 08:03 923544                     /lib/x86_64-linux-gnu/libnss_compat-2.19.so
7fac8eeaa000-7fac8f0a9000 ---p 00009000 08:03 923544                     /lib/x86_64-linux-gnu/libnss_compat-2.19.so
7fac8f0a9000-7fac8f0aa000 r--p 00008000 08:03 923544                     /lib/x86_64-linux-gnu/libnss_compat-2.19.so
7fac8f0aa000-7fac8f0ab000 rw-p 00009000 08:03 923544                     /lib/x86_64-linux-gnu/libnss_compat-2.19.so
7fac8f0ab000-7fac8f0d5000 r-xp 00000000 08:03 1084268                    /usr/lib/jvm/jdk1.8.0_101/jre/lib/amd64/libjava.so
7fac8f0d5000-7fac8f2d5000 ---p 0002a000 08:03 1084268                    /usr/lib/jvm/jdk1.8.0_101/jre/lib/amd64/libjava.so
7fac8f2d5000-7fac8f2d7000 rw-p 0002a000 08:03 1084268                    /usr/lib/jvm/jdk1.8.0_101/jre/lib/amd64/libjava.so
7fac8f2d7000-7fac8f2e4000 r-xp 00000000 08:03 1084223                    /usr/lib/jvm/jdk1.8.0_101/jre/lib/amd64/libverify.so
7fac8f2e4000-7fac8f4e4000 ---p 0000d000 08:03 1084223                    /usr/lib/jvm/jdk1.8.0_101/jre/lib/amd64/libverify.so
7fac8f4e4000-7fac8f4e6000 rw-p 0000d000 08:03 1084223                    /usr/lib/jvm/jdk1.8.0_101/jre/lib/amd64/libverify.so
7fac8f4e6000-7fac8f4ed000 r-xp 00000000 08:03 923713                     /lib/x86_64-linux-gnu/librt-2.19.so
7fac8f4ed000-7fac8f6ec000 ---p 00007000 08:03 923713                     /lib/x86_64-linux-gnu/librt-2.19.so
7fac8f6ec000-7fac8f6ed000 r--p 00006000 08:03 923713                     /lib/x86_64-linux-gnu/librt-2.19.so
7fac8f6ed000-7fac8f6ee000 rw-p 00007000 08:03 923713                     /lib/x86_64-linux-gnu/librt-2.19.so
7fac8f6ee000-7fac8f7f3000 r-xp 00000000 08:03 917609                     /lib/x86_64-linux-gnu/libm-2.19.so
7fac8f7f3000-7fac8f9f2000 ---p 00105000 08:03 917609                     /lib/x86_64-linux-gnu/libm-2.19.so
7fac8f9f2000-7fac8f9f3000 r--p 00104000 08:03 917609                     /lib/x86_64-linux-gnu/libm-2.19.so
7fac8f9f3000-7fac8f9f4000 rw-p 00105000 08:03 917609                     /lib/x86_64-linux-gnu/libm-2.19.so
7fac8f9f4000-7fac906bf000 r-xp 00000000 08:03 1084271                    /usr/lib/jvm/jdk1.8.0_101/jre/lib/amd64/server/libjvm.so
7fac906bf000-7fac908be000 ---p 00ccb000 08:03 1084271                    /usr/lib/jvm/jdk1.8.0_101/jre/lib/amd64/server/libjvm.so
7fac908be000-7fac90997000 rw-p 00cca000 08:03 1084271                    /usr/lib/jvm/jdk1.8.0_101/jre/lib/amd64/server/libjvm.so
7fac90997000-7fac909e2000 rw-p 00000000 00:00 0 
7fac909e2000-7fac90b9d000 r-xp 00000000 08:03 923710                     /lib/x86_64-linux-gnu/libc-2.19.so
7fac90b9d000-7fac90d9c000 ---p 001bb000 08:03 923710                     /lib/x86_64-linux-gnu/libc-2.19.so
7fac90d9c000-7fac90da0000 r--p 001ba000 08:03 923710                     /lib/x86_64-linux-gnu/libc-2.19.so
7fac90da0000-7fac90da2000 rw-p 001be000 08:03 923710                     /lib/x86_64-linux-gnu/libc-2.19.so
7fac90da2000-7fac90da7000 rw-p 00000000 00:00 0 
7fac90da7000-7fac90daa000 r-xp 00000000 08:03 922133                     /lib/x86_64-linux-gnu/libdl-2.19.so
7fac90daa000-7fac90fa9000 ---p 00003000 08:03 922133                     /lib/x86_64-linux-gnu/libdl-2.19.so
7fac90fa9000-7fac90faa000 r--p 00002000 08:03 922133                     /lib/x86_64-linux-gnu/libdl-2.19.so
7fac90faa000-7fac90fab000 rw-p 00003000 08:03 922133                     /lib/x86_64-linux-gnu/libdl-2.19.so
7fac90fab000-7fac90fc0000 r-xp 00000000 08:03 1083392                    /usr/lib/jvm/jdk1.8.0_101/lib/amd64/jli/libjli.so
7fac90fc0000-7fac911c0000 ---p 00015000 08:03 1083392                    /usr/lib/jvm/jdk1.8.0_101/lib/amd64/jli/libjli.so
7fac911c0000-7fac911c1000 rw-p 00015000 08:03 1083392                    /usr/lib/jvm/jdk1.8.0_101/lib/amd64/jli/libjli.so
7fac911c1000-7fac911da000 r-xp 00000000 08:03 923711                     /lib/x86_64-linux-gnu/libpthread-2.19.so
7fac911da000-7fac913d9000 ---p 00019000 08:03 923711                     /lib/x86_64-linux-gnu/libpthread-2.19.so
7fac913d9000-7fac913da000 r--p 00018000 08:03 923711                     /lib/x86_64-linux-gnu/libpthread-2.19.so
7fac913da000-7fac913db000 rw-p 00019000 08:03 923711                     /lib/x86_64-linux-gnu/libpthread-2.19.so
7fac913db000-7fac913df000 rw-p 00000000 00:00 0 
7fac913df000-7fac91402000 r-xp 00000000 08:03 923707                     /lib/x86_64-linux-gnu/ld-2.19.so
7fac91402000-7fac91403000 r--s 00007000 08:03 963492                     /root/.m2/repository/org/apache/maven/plugins/maven-compiler-plugin/2.5.1/maven-compiler-plugin-2.5.1.jar
7fac91403000-7fac91407000 r--s 00097000 08:03 1084196                    /usr/lib/jvm/jdk1.8.0_101/jre/lib/jsse.jar
7fac91407000-7fac914d9000 rw-p 00000000 00:00 0 
7fac914d9000-7fac914dc000 ---p 00000000 00:00 0 
7fac914dc000-7fac915de000 rw-p 00000000 00:00 0                          [stack:12538]
7fac915de000-7fac915df000 r--p 00000000 00:00 0 
7fac915df000-7fac915e1000 r--s 00008000 08:03 1213591                    /usr/share/java/classworlds-1.1.jar
7fac915e1000-7fac915f5000 rw-p 00000000 00:00 0 
7fac915f5000-7fac915fd000 rw-s 00000000 08:03 672427                     /tmp/hsperfdata_root/12536
7fac915fd000-7fac915fe000 rw-p 00000000 00:00 0 
7fac915fe000-7fac915ff000 r--p 00000000 00:00 0 
7fac915ff000-7fac91601000 rw-p 00000000 00:00 0 
7fac91601000-7fac91602000 r--p 00022000 08:03 923707                     /lib/x86_64-linux-gnu/ld-2.19.so
7fac91602000-7fac91603000 rw-p 00023000 08:03 923707                     /lib/x86_64-linux-gnu/ld-2.19.so
7fac91603000-7fac91604000 rw-p 00000000 00:00 0 
7ffcf37bf000-7ffcf37e1000 rw-p 00000000 00:00 0                          [stack]
7ffcf37fb000-7ffcf37fd000 r-xp 00000000 00:00 0                          [vdso]
7ffcf37fd000-7ffcf37ff000 r--p 00000000 00:00 0                          [vvar]
ffffffffff600000-ffffffffff601000 r-xp 00000000 00:00 0                  [vsyscall]

VM Arguments:
jvm_args: -Dclassworlds.conf=/usr/share/maven2/bin/m2.conf -Dmaven.home=/usr/share/maven2 
java_command: org.codehaus.classworlds.Launcher "jetty:run"
java_class_path (initial): /usr/share/maven2/boot/classworlds.jar
Launcher Type: SUN_STANDARD

Environment Variables:
JAVA_HOME=/usr/lib/jvm/jdk1.8.0_101
JRE_HOME=/usr/lib/jvm/jdk1.8.0_101/jre
CLASSPATH=.:/usr/lib/jvm/jdk1.8.0_101/lib:/usr/lib/jvm/jdk1.8.0_101/jre/lib
PATH=/root/anaconda/bin:/usr/local/sbin:/usr/local/bin:/usr/sbin:/usr/bin:/sbin:/bin:/usr/games:/usr/local/games
LD_LIBRARY_PATH=/root/anaconda/lib:
SHELL=/bin/bash
DISPLAY=:0

Signal Handlers:
SIGSEGV: [libjvm.so+0xac4790], sa_mask[0]=11111111011111111101111111111110, sa_flags=SA_RESTART|SA_SIGINFO
SIGBUS: [libjvm.so+0xac4790], sa_mask[0]=11111111011111111101111111111110, sa_flags=SA_RESTART|SA_SIGINFO
SIGFPE: [libjvm.so+0x91f140], sa_mask[0]=11111111011111111101111111111110, sa_flags=SA_RESTART|SA_SIGINFO
SIGPIPE: [libjvm.so+0x91f140], sa_mask[0]=11111111011111111101111111111110, sa_flags=SA_RESTART|SA_SIGINFO
SIGXFSZ: [libjvm.so+0x91f140], sa_mask[0]=11111111011111111101111111111110, sa_flags=SA_RESTART|SA_SIGINFO
SIGILL: [libjvm.so+0x91f140], sa_mask[0]=11111111011111111101111111111110, sa_flags=SA_RESTART|SA_SIGINFO
SIGUSR1: SIG_DFL, sa_mask[0]=00000000000000000000000000000000, sa_flags=none
SIGUSR2: [libjvm.so+0x920770], sa_mask[0]=00000000000000000000000000000000, sa_flags=SA_RESTART|SA_SIGINFO
SIGHUP: [libjvm.so+0x921b70], sa_mask[0]=11111111011111111101111111111110, sa_flags=SA_RESTART|SA_SIGINFO
SIGINT: [libjvm.so+0x921b70], sa_mask[0]=11111111011111111101111111111110, sa_flags=SA_RESTART|SA_SIGINFO
SIGTERM: [libjvm.so+0x921b70], sa_mask[0]=11111111011111111101111111111110, sa_flags=SA_RESTART|SA_SIGINFO
SIGQUIT: [libjvm.so+0x921b70], sa_mask[0]=11111111011111111101111111111110, sa_flags=SA_RESTART|SA_SIGINFO


---------------  S Y S T E M  ---------------

OS:DISTRIB_ID=Ubuntu
DISTRIB_RELEASE=14.04
DISTRIB_CODENAME=trusty
DISTRIB_DESCRIPTION="Ubuntu 14.04.3 LTS"

uname:Linux 3.16.0-45-generic #60~14.04.1-Ubuntu SMP Fri Jul 24 21:16:23 UTC 2015 x86_64
libc:glibc 2.19 NPTL 2.19 
rlimit: STACK 8192k, CORE 0k, NPROC 15658, NOFILE 4096, AS infinity
load average:3.21 4.11 3.25

/proc/meminfo:
MemTotal:        4030076 kB
MemFree:          150996 kB
MemAvailable:     251696 kB
Buffers:           16752 kB
Cached:           222076 kB
SwapCached:        88408 kB
Active:          2716244 kB
Inactive:         887316 kB
Active(anon):    2577472 kB
Inactive(anon):   797808 kB
Active(file):     138772 kB
Inactive(file):    89508 kB
Unevictable:          32 kB
Mlocked:              32 kB
SwapTotal:       1999868 kB
SwapFree:        1186824 kB
Dirty:              3200 kB
Writeback:             0 kB
AnonPages:       3343380 kB
Mapped:           149308 kB
Shmem:              9992 kB
Slab:             133212 kB
SReclaimable:      82724 kB
SUnreclaim:        50488 kB
KernelStack:       11040 kB
PageTables:        39180 kB
NFS_Unstable:          0 kB
Bounce:                0 kB
WritebackTmp:          0 kB
CommitLimit:     4014904 kB
Committed_AS:    8308404 kB
VmallocTotal:   34359738367 kB
VmallocUsed:      112720 kB
VmallocChunk:   34359621116 kB
HardwareCorrupted:     0 kB
AnonHugePages:   1222656 kB
HugePages_Total:       0
HugePages_Free:        0
HugePages_Rsvd:        0
HugePages_Surp:        0
Hugepagesize:       2048 kB
DirectMap4k:      342732 kB
DirectMap2M:     3833856 kB


CPU:total 4 (2 cores per cpu, 2 threads per core) family 6 model 42 stepping 7, cmov, cx8, fxsr, mmx, sse, sse2, sse3, ssse3, sse4.1, sse4.2, popcnt, avx, clmul, ht, tsc, tscinvbit

/proc/cpuinfo:
processor	: 0
vendor_id	: GenuineIntel
cpu family	: 6
model		: 42
model name	: Intel(R) Core(TM) i3-2120 CPU @ 3.30GHz
stepping	: 7
microcode	: 0x1a
cpu MHz		: 3300.000
cache size	: 3072 KB
physical id	: 0
siblings	: 4
core id		: 0
cpu cores	: 2
apicid		: 0
initial apicid	: 0
fpu		: yes
fpu_exception	: yes
cpuid level	: 13
wp		: yes
flags		: fpu vme de pse tsc msr pae mce cx8 apic sep mtrr pge mca cmov pat pse36 clflush dts acpi mmx fxsr sse sse2 ss ht tm pbe syscall nx rdtscp lm constant_tsc arch_perfmon pebs bts rep_good nopl xtopology nonstop_tsc aperfmperf eagerfpu pni pclmulqdq dtes64 monitor ds_cpl vmx est tm2 ssse3 cx16 xtpr pdcm pcid sse4_1 sse4_2 popcnt tsc_deadline_timer xsave avx lahf_lm arat epb xsaveopt pln pts dtherm tpr_shadow vnmi flexpriority ept vpid
bogomips	: 6584.63
clflush size	: 64
cache_alignment	: 64
address sizes	: 36 bits physical, 48 bits virtual
power management:

processor	: 1
vendor_id	: GenuineIntel
cpu family	: 6
model		: 42
model name	: Intel(R) Core(TM) i3-2120 CPU @ 3.30GHz
stepping	: 7
microcode	: 0x1a
cpu MHz		: 3300.000
cache size	: 3072 KB
physical id	: 0
siblings	: 4
core id		: 1
cpu cores	: 2
apicid		: 2
initial apicid	: 2
fpu		: yes
fpu_exception	: yes
cpuid level	: 13
wp		: yes
flags		: fpu vme de pse tsc msr pae mce cx8 apic sep mtrr pge mca cmov pat pse36 clflush dts acpi mmx fxsr sse sse2 ss ht tm pbe syscall nx rdtscp lm constant_tsc arch_perfmon pebs bts rep_good nopl xtopology nonstop_tsc aperfmperf eagerfpu pni pclmulqdq dtes64 monitor ds_cpl vmx est tm2 ssse3 cx16 xtpr pdcm pcid sse4_1 sse4_2 popcnt tsc_deadline_timer xsave avx lahf_lm arat epb xsaveopt pln pts dtherm tpr_shadow vnmi flexpriority ept vpid
bogomips	: 6584.63
clflush size	: 64
cache_alignment	: 64
address sizes	: 36 bits physical, 48 bits virtual
power management:

processor	: 2
vendor_id	: GenuineIntel
cpu family	: 6
model		: 42
model name	: Intel(R) Core(TM) i3-2120 CPU @ 3.30GHz
stepping	: 7
microcode	: 0x1a
cpu MHz		: 3300.000
cache size	: 3072 KB
physical id	: 0
siblings	: 4
core id		: 0
cpu cores	: 2
apicid		: 1
initial apicid	: 1
fpu		: yes
fpu_exception	: yes
cpuid level	: 13
wp		: yes
flags		: fpu vme de pse tsc msr pae mce cx8 apic sep mtrr pge mca cmov pat pse36 clflush dts acpi mmx fxsr sse sse2 ss ht tm pbe syscall nx rdtscp lm constant_tsc arch_perfmon pebs bts rep_good nopl xtopology nonstop_tsc aperfmperf eagerfpu pni pclmulqdq dtes64 monitor ds_cpl vmx est tm2 ssse3 cx16 xtpr pdcm pcid sse4_1 sse4_2 popcnt tsc_deadline_timer xsave avx lahf_lm arat epb xsaveopt pln pts dtherm tpr_shadow vnmi flexpriority ept vpid
bogomips	: 6584.63
clflush size	: 64
cache_alignment	: 64
address sizes	: 36 bits physical, 48 bits virtual
power management:

processor	: 3
vendor_id	: GenuineIntel
cpu family	: 6
model		: 42
model name	: Intel(R) Core(TM) i3-2120 CPU @ 3.30GHz
stepping	: 7
microcode	: 0x1a
cpu MHz		: 3300.000
cache size	: 3072 KB
physical id	: 0
siblings	: 4
core id		: 1
cpu cores	: 2
apicid		: 3
initial apicid	: 3
fpu		: yes
fpu_exception	: yes
cpuid level	: 13
wp		: yes
flags		: fpu vme de pse tsc msr pae mce cx8 apic sep mtrr pge mca cmov pat pse36 clflush dts acpi mmx fxsr sse sse2 ss ht tm pbe syscall nx rdtscp lm constant_tsc arch_perfmon pebs bts rep_good nopl xtopology nonstop_tsc aperfmperf eagerfpu pni pclmulqdq dtes64 monitor ds_cpl vmx est tm2 ssse3 cx16 xtpr pdcm pcid sse4_1 sse4_2 popcnt tsc_deadline_timer xsave avx lahf_lm arat epb xsaveopt pln pts dtherm tpr_shadow vnmi flexpriority ept vpid
bogomips	: 6584.63
clflush size	: 64
cache_alignment	: 64
address sizes	: 36 bits physical, 48 bits virtual
power management:



Memory: 4k page, physical 4030076k(150996k free), swap 1999868k(1186824k free)

vm_info: Java HotSpot(TM) 64-Bit Server VM (25.101-b13) for linux-amd64 JRE (1.8.0_101-b13), built on Jun 22 2016 02:59:44 by "java_re" with gcc 4.3.0 20080428 (Red Hat 4.3.0-8)

time: Wed Aug 17 18:37:45 2016
elapsed time: 227 seconds (0d 0h 3m 47s)

