#
# A fatal error has been detected by the Java Runtime Environment:
#
#  SIGSEGV (0xb) at pc=0x00007ff2cb2927ae, pid=1689, tid=0x00007ff2cc558740
#
# JRE version: Java(TM) SE Runtime Environment (8.0_101-b13) (build 1.8.0_101-b13)
# Java VM: Java HotSpot(TM) 64-Bit Server VM (25.101-b13 mixed mode linux-amd64 compressed oops)
# Problematic frame:
# V  [libjvm.so+0x9207ae]  SR_handler(int, siginfo*, ucontext*)+0x3e
#
# Failed to write core dump. Core dumps have been disabled. To enable core dumping, try "ulimit -c unlimited" before starting Java again
#
# If you would like to submit a bug report, please visit:
#   http://bugreport.java.com/bugreport/crash.jsp
#

---------------  T H R E A D  ---------------

Current thread is native thread

siginfo: si_signo: 11 (SIGSEGV), si_code: 1 (SEGV_MAPERR), si_addr: 0x0000000000000128

Registers:
RAX=0x0000000000000000, RBX=0x00007ff2cc557700, RCX=0xffffffffffffffff, RDX=0x00007ff2cc558a60
RSP=0x00007fff0c4aa6c0, RBP=0x00007fff0c4aa770, RSI=0x00007fff0c4aa8b0, RDI=0x0000000000000001
R8 =0x0000000000000000, R9 =0x00007ff2cc557700, R10=0x0000000000000000, R11=0x0000000000000246
R12=0x00007fff0c4aa780, R13=0x00007fff0c4aa8b0, R14=0x00007ff2cc5586a0, R15=0x0000000000000002
RIP=0x00007ff2cb2927ae, EFLAGS=0x0000000000010246, CSGSFS=0x0000000000000033, ERR=0x0000000000000004
  TRAPNO=0x000000000000000e

Top of Stack: (sp=0x00007fff0c4aa6c0)
0x00007fff0c4aa6c0:   00007fff00000000 00007ff200000000
0x00007fff0c4aa6d0:   00007fff0c4aa800 00007fff00000000
0x00007fff0c4aa6e0:   0000000000000000 00007fff0c4aa7b0
0x00007fff0c4aa6f0:   0000000000000000 0000000100000000
0x00007fff0c4aa700:   00000000ffffffff fffffffffffffffc
0x00007fff0c4aa710:   0000000a00000000 0000000000000699
0x00007fff0c4aa720:   0000000000000000 0000000000000000
0x00007fff0c4aa730:   0000000000000000 00007fff0c4aac44
0x00007fff0c4aa740:   0000000000000000 00007ff2cc557700
0x00007fff0c4aa750:   00007ff2cc557d28 00007fff0c4aadb0
0x00007fff0c4aa760:   00007fff0c4aad10 0000000000000001
0x00007fff0c4aa770:   00007ff2cc558740 00007ff2cc14f340
0x00007fff0c4aa780:   0000000000000001 0000000000000000
0x00007fff0c4aa790:   0000000000000000 00007ff200000002
0x00007fff0c4aa7a0:   0000000000000000 0000000000000000
0x00007fff0c4aa7b0:   00007ff2cc557700 0000000000000000
0x00007fff0c4aa7c0:   0000000000000246 00007ff2cc557d28
0x00007fff0c4aa7d0:   00007fff0c4aadb0 00007fff0c4aad10
0x00007fff0c4aa7e0:   0000000000000001 00007ff2cc5579d0
0x00007fff0c4aa7f0:   0000000000000000 00007ff2cc558740
0x00007fff0c4aa800:   00007ff2cc557700 000000000000069b
0x00007fff0c4aa810:   00000000000000ca ffffffffffffffff
0x00007fff0c4aa820:   00007fff0c4aad10 00007ff2cc148669
0x00007fff0c4aa830:   0000000000000246 0000000000000033
0x00007fff0c4aa840:   0000000000000000 0000000000000000
0x00007fff0c4aa850:   0000000000000000 0000000000000000
0x00007fff0c4aa860:   00007fff0c4aa940 0000000000000118
0x00007fff0c4aa870:   0000000000000707 00007ff200000002
0x00007fff0c4aa880:   0000000000000010 0000000000000010
0x00007fff0c4aa890:   0000000000000707 0000000000000002
0x00007fff0c4aa8a0:   00007fff0c4aa910 0000000000000000
0x00007fff0c4aa8b0:   000000000000000c 00007ff200000000 

Instructions: (pc=0x00007ff2cb2927ae)
0x00007ff2cb29278e:   48 81 ec b0 00 00 00 e8 d6 d1 8f ff 44 8b 38 49
0x00007ff2cb29279e:   89 c6 48 8b 05 79 14 65 00 8b 38 e8 52 db 8f ff
0x00007ff2cb2927ae:   48 8b 98 28 01 00 00 8b 83 a8 00 00 00 83 e8 01
0x00007ff2cb2927be:   74 20 45 89 3e 48 8b 5d d8 4c 8b 65 e0 4c 8b 6d 

Register to memory mapping:

RAX=0x0000000000000000 is an unknown value
RBX=0x00007ff2cc557700 is pointing into the stack for thread: 0x00007ff2c4009800
RCX=0xffffffffffffffff is an unknown value
RDX=0x00007ff2cc558a60 is an unknown value
RSP=0x00007fff0c4aa6c0 is an unknown value
RBP=0x00007fff0c4aa770 is an unknown value
RSI=0x00007fff0c4aa8b0 is an unknown value
RDI=0x0000000000000001 is an unknown value
R8 =0x0000000000000000 is an unknown value
R9 =0x00007ff2cc557700 is pointing into the stack for thread: 0x00007ff2c4009800
R10=0x0000000000000000 is an unknown value
R11=0x0000000000000246 is an unknown value
R12=0x00007fff0c4aa780 is an unknown value
R13=0x00007fff0c4aa8b0 is an unknown value
R14=0x00007ff2cc5586a0 is an unknown value
R15=0x0000000000000002 is an unknown value


Stack: [0x00007fff0c3b1000,0x00007fff0c4b1000],  sp=0x00007fff0c4aa6c0,  free space=997k
Native frames: (J=compiled Java code, j=interpreted, Vv=VM code, C=native code)
V  [libjvm.so+0x9207ae]  SR_handler(int, siginfo*, ucontext*)+0x3e


---------------  P R O C E S S  ---------------

VM state:not at safepoint (normal execution)

VM Mutex/Monitor currently owned by a thread: None

Heap:
 PSYoungGen      total 294912K, used 55921K [0x00000000eb800000, 0x0000000100000000, 0x0000000100000000)
  eden space 272384K, 20% used [0x00000000eb800000,0x00000000eee9c4f8,0x00000000fc200000)
  from space 22528K, 0% used [0x00000000fea00000,0x00000000fea00000,0x0000000100000000)
  to   space 31744K, 0% used [0x00000000fc200000,0x00000000fc200000,0x00000000fe100000)
 ParOldGen       total 111104K, used 62626K [0x00000000c2800000, 0x00000000c9480000, 0x00000000eb800000)
  object space 111104K, 56% used [0x00000000c2800000,0x00000000c6528b80,0x00000000c9480000)
 Metaspace       used 27580K, capacity 28180K, committed 28544K, reserved 1075200K
  class space    used 3262K, capacity 3451K, committed 3456K, reserved 1048576K

Card table byte_map: [0x00007ff2c9025000,0x00007ff2c9212000] byte_map_base: 0x00007ff2c8a11000

Marking Bits: (ParMarkBitMap*) 0x00007ff2cb933120
 Begin Bits: [0x00007ff2ae140000, 0x00007ff2af0a0000)
 End Bits:   [0x00007ff2af0a0000, 0x00007ff2b0000000)

Polling page: 0x00007ff2cc57c000

CodeCache: size=245760Kb used=11602Kb max_used=11900Kb free=234158Kb
 bounds [0x00007ff2b5000000, 0x00007ff2b5bc0000, 0x00007ff2c4000000]
 total_blobs=3827 nmethods=3375 adapters=365
 compilation: enabled

Compilation events (10 events):
Event: 166.005 Thread 0x00007ff2c40bd000 4242       3       java.util.concurrent.locks.ReentrantLock::lock (8 bytes)
Event: 166.006 Thread 0x00007ff2c40bd000 nmethod 4242 0x00007ff2b5722c50 code [0x00007ff2b5722dc0, 0x00007ff2b5722fe8]
Event: 166.006 Thread 0x00007ff2c40bd000 4243       3       java.util.concurrent.locks.ReentrantLock$NonfairSync::lock (25 bytes)
Event: 166.006 Thread 0x00007ff2c40bd000 nmethod 4243 0x00007ff2b5294150 code [0x00007ff2b5294320, 0x00007ff2b5294b78]
Event: 459.982 Thread 0x00007ff2c40bd000 4244       3       java.util.concurrent.locks.AbstractQueuedSynchronizer$Node::predecessor (19 bytes)
Event: 459.982 Thread 0x00007ff2c40bd000 nmethod 4244 0x00007ff2b562ab10 code [0x00007ff2b562ac80, 0x00007ff2b562aec8]
Event: 459.982 Thread 0x00007ff2c40bd000 4245       3       java.util.concurrent.locks.AbstractQueuedSynchronizer::isOnSyncQueue (33 bytes)
Event: 459.982 Thread 0x00007ff2c40bd000 nmethod 4245 0x00007ff2b5595950 code [0x00007ff2b5595ae0, 0x00007ff2b5595e70]
Event: 710.246 Thread 0x00007ff2c40bd000 4246       3       java.util.concurrent.locks.ReentrantLock$NonfairSync::tryAcquire (6 bytes)
Event: 710.246 Thread 0x00007ff2c40bd000 nmethod 4246 0x00007ff2b56f0cd0 code [0x00007ff2b56f0e40, 0x00007ff2b56f1048]

GC Heap History (10 events):
Event: 6.387 GC heap before
{Heap before GC invocations=8 (full 0):
 PSYoungGen      total 136192K, used 136176K [0x00000000eb800000, 0x00000000fcc00000, 0x0000000100000000)
  eden space 126464K, 100% used [0x00000000eb800000,0x00000000f3380000,0x00000000f3380000)
  from space 9728K, 99% used [0x00000000f3380000,0x00000000f3cfc030,0x00000000f3d00000)
  to   space 14848K, 0% used [0x00000000fbd80000,0x00000000fbd80000,0x00000000fcc00000)
 ParOldGen       total 42496K, used 22609K [0x00000000c2800000, 0x00000000c5180000, 0x00000000eb800000)
  object space 42496K, 53% used [0x00000000c2800000,0x00000000c3e147f0,0x00000000c5180000)
 Metaspace       used 9873K, capacity 10274K, committed 10496K, reserved 1058816K
  class space    used 1043K, capacity 1197K, committed 1280K, reserved 1048576K
Event: 6.403 GC heap after
Heap after GC invocations=8 (full 0):
 PSYoungGen      total 267264K, used 10441K [0x00000000eb800000, 0x00000000fcd00000, 0x0000000100000000)
  eden space 252416K, 0% used [0x00000000eb800000,0x00000000eb800000,0x00000000fae80000)
  from space 14848K, 70% used [0x00000000fbd80000,0x00000000fc7b27d0,0x00000000fcc00000)
  to   space 15360K, 0% used [0x00000000fae80000,0x00000000fae80000,0x00000000fbd80000)
 ParOldGen       total 42496K, used 23017K [0x00000000c2800000, 0x00000000c5180000, 0x00000000eb800000)
  object space 42496K, 54% used [0x00000000c2800000,0x00000000c3e7a7f0,0x00000000c5180000)
 Metaspace       used 9873K, capacity 10274K, committed 10496K, reserved 1058816K
  class space    used 1043K, capacity 1197K, committed 1280K, reserved 1048576K
}
Event: 8.363 GC heap before
{Heap before GC invocations=9 (full 0):
 PSYoungGen      total 267264K, used 262857K [0x00000000eb800000, 0x00000000fcd00000, 0x0000000100000000)
  eden space 252416K, 100% used [0x00000000eb800000,0x00000000fae80000,0x00000000fae80000)
  from space 14848K, 70% used [0x00000000fbd80000,0x00000000fc7b27d0,0x00000000fcc00000)
  to   space 15360K, 0% used [0x00000000fae80000,0x00000000fae80000,0x00000000fbd80000)
 ParOldGen       total 42496K, used 23018K [0x00000000c2800000, 0x00000000c5180000, 0x00000000eb800000)
  object space 42496K, 54% used [0x00000000c2800000,0x00000000c3e7a880,0x00000000c5180000)
 Metaspace       used 14759K, capacity 15252K, committed 15360K, reserved 1062912K
  class space    used 1584K, capacity 1752K, committed 1792K, reserved 1048576K
Event: 8.395 GC heap after
Heap after GC invocations=9 (full 0):
 PSYoungGen      total 267776K, used 15353K [0x00000000eb800000, 0x0000000100000000, 0x0000000100000000)
  eden space 252416K, 0% used [0x00000000eb800000,0x00000000eb800000,0x00000000fae80000)
  from space 15360K, 99% used [0x00000000fae80000,0x00000000fbd7e5d8,0x00000000fbd80000)
  to   space 22528K, 0% used [0x00000000fea00000,0x00000000fea00000,0x0000000100000000)
 ParOldGen       total 42496K, used 35690K [0x00000000c2800000, 0x00000000c5180000, 0x00000000eb800000)
  object space 42496K, 83% used [0x00000000c2800000,0x00000000c4ada940,0x00000000c5180000)
 Metaspace       used 14759K, capacity 15252K, committed 15360K, reserved 1062912K
  class space    used 1584K, capacity 1752K, committed 1792K, reserved 1048576K
}
Event: 8.395 GC heap before
{Heap before GC invocations=10 (full 1):
 PSYoungGen      total 267776K, used 15353K [0x00000000eb800000, 0x0000000100000000, 0x0000000100000000)
  eden space 252416K, 0% used [0x00000000eb800000,0x00000000eb800000,0x00000000fae80000)
  from space 15360K, 99% used [0x00000000fae80000,0x00000000fbd7e5d8,0x00000000fbd80000)
  to   space 22528K, 0% used [0x00000000fea00000,0x00000000fea00000,0x0000000100000000)
 ParOldGen       total 42496K, used 35690K [0x00000000c2800000, 0x00000000c5180000, 0x00000000eb800000)
  object space 42496K, 83% used [0x00000000c2800000,0x00000000c4ada940,0x00000000c5180000)
 Metaspace       used 14759K, capacity 15252K, committed 15360K, reserved 1062912K
  class space    used 1584K, capacity 1752K, committed 1792K, reserved 1048576K
Event: 8.588 GC heap after
Heap after GC invocations=10 (full 1):
 PSYoungGen      total 267776K, used 2954K [0x00000000eb800000, 0x0000000100000000, 0x0000000100000000)
  eden space 252416K, 0% used [0x00000000eb800000,0x00000000eb800000,0x00000000fae80000)
  from space 15360K, 19% used [0x00000000fae80000,0x00000000fb162840,0x00000000fbd80000)
  to   space 22528K, 0% used [0x00000000fea00000,0x00000000fea00000,0x0000000100000000)
 ParOldGen       total 75776K, used 42093K [0x00000000c2800000, 0x00000000c7200000, 0x00000000eb800000)
  object space 75776K, 55% used [0x00000000c2800000,0x00000000c511b670,0x00000000c7200000)
 Metaspace       used 14759K, capacity 15252K, committed 15360K, reserved 1062912K
  class space    used 1584K, capacity 1752K, committed 1792K, reserved 1048576K
}
Event: 11.694 GC heap before
{Heap before GC invocations=11 (full 1):
 PSYoungGen      total 267776K, used 167991K [0x00000000eb800000, 0x0000000100000000, 0x0000000100000000)
  eden space 252416K, 65% used [0x00000000eb800000,0x00000000f592b740,0x00000000fae80000)
  from space 15360K, 19% used [0x00000000fae80000,0x00000000fb162840,0x00000000fbd80000)
  to   space 22528K, 0% used [0x00000000fea00000,0x00000000fea00000,0x0000000100000000)
 ParOldGen       total 75776K, used 42093K [0x00000000c2800000, 0x00000000c7200000, 0x00000000eb800000)
  object space 75776K, 55% used [0x00000000c2800000,0x00000000c511b670,0x00000000c7200000)
 Metaspace       used 24913K, capacity 25468K, committed 25600K, reserved 1071104K
  class space    used 2926K, capacity 3153K, committed 3200K, reserved 1048576K
Event: 11.775 GC heap after
Heap after GC invocations=11 (full 1):
 PSYoungGen      total 294912K, used 22497K [0x00000000eb800000, 0x0000000100000000, 0x0000000100000000)
  eden space 272384K, 0% used [0x00000000eb800000,0x00000000eb800000,0x00000000fc200000)
  from space 22528K, 99% used [0x00000000fea00000,0x00000000ffff87b0,0x0000000100000000)
  to   space 31744K, 0% used [0x00000000fc200000,0x00000000fc200000,0x00000000fe100000)
 ParOldGen       total 75776K, used 57952K [0x00000000c2800000, 0x00000000c7200000, 0x00000000eb800000)
  object space 75776K, 76% used [0x00000000c2800000,0x00000000c60981e0,0x00000000c7200000)
 Metaspace       used 24913K, capacity 25468K, committed 25600K, reserved 1071104K
  class space    used 2926K, capacity 3153K, committed 3200K, reserved 1048576K
}
Event: 11.775 GC heap before
{Heap before GC invocations=12 (full 2):
 PSYoungGen      total 294912K, used 22497K [0x00000000eb800000, 0x0000000100000000, 0x0000000100000000)
  eden space 272384K, 0% used [0x00000000eb800000,0x00000000eb800000,0x00000000fc200000)
  from space 22528K, 99% used [0x00000000fea00000,0x00000000ffff87b0,0x0000000100000000)
  to   space 31744K, 0% used [0x00000000fc200000,0x00000000fc200000,0x00000000fe100000)
 ParOldGen       total 75776K, used 57952K [0x00000000c2800000, 0x00000000c7200000, 0x00000000eb800000)
  object space 75776K, 76% used [0x00000000c2800000,0x00000000c60981e0,0x00000000c7200000)
 Metaspace       used 24913K, capacity 25468K, committed 25600K, reserved 1071104K
  class space    used 2926K, capacity 3153K, committed 3200K, reserved 1048576K
Event: 11.904 GC heap after
Heap after GC invocations=12 (full 2):
 PSYoungGen      total 294912K, used 0K [0x00000000eb800000, 0x0000000100000000, 0x0000000100000000)
  eden space 272384K, 0% used [0x00000000eb800000,0x00000000eb800000,0x00000000fc200000)
  from space 22528K, 0% used [0x00000000fea00000,0x00000000fea00000,0x0000000100000000)
  to   space 31744K, 0% used [0x00000000fc200000,0x00000000fc200000,0x00000000fe100000)
 ParOldGen       total 111104K, used 62626K [0x00000000c2800000, 0x00000000c9480000, 0x00000000eb800000)
  object space 111104K, 56% used [0x00000000c2800000,0x00000000c6528b80,0x00000000c9480000)
 Metaspace       used 24913K, capacity 25468K, committed 25600K, reserved 1071104K
  class space    used 2926K, capacity 3153K, committed 3200K, reserved 1048576K
}

Deoptimization events (10 events):
Event: 27.403 Thread 0x00007ff2c45a2000 Uncommon trap: reason=class_check action=maybe_recompile pc=0x00007ff2b5752aa0 method=java.util.WeakHashMap.eq(Ljava/lang/Object;Ljava/lang/Object;)Z @ 7
Event: 27.430 Thread 0x00007ff2c45a2000 Uncommon trap: reason=unstable_if action=reinterpret pc=0x00007ff2b590d75c method=java.lang.Integer.getChars(II[C)V @ 7
Event: 27.478 Thread 0x00007ff2c45a2000 Uncommon trap: reason=class_check action=maybe_recompile pc=0x00007ff2b53e09f4 method=java.io.DataInputStream.readByte()B @ 4
Event: 27.478 Thread 0x00007ff2c45a2000 Uncommon trap: reason=class_check action=maybe_recompile pc=0x00007ff2b53e09f4 method=java.io.DataInputStream.readByte()B @ 4
Event: 27.478 Thread 0x00007ff2c45a2000 Uncommon trap: reason=class_check action=maybe_recompile pc=0x00007ff2b53e09f4 method=java.io.DataInputStream.readByte()B @ 4
Event: 27.478 Thread 0x00007ff2c45a2000 Uncommon trap: reason=class_check action=maybe_recompile pc=0x00007ff2b53e09f4 method=java.io.DataInputStream.readByte()B @ 4
Event: 27.516 Thread 0x00007ff2c45a2000 Uncommon trap: reason=unstable_if action=reinterpret pc=0x00007ff2b553c458 method=sun.text.normalizer.Trie.getCodePointOffset(I)I @ 9
Event: 27.521 Thread 0x00007ff2c45a2000 Uncommon trap: reason=unstable_if action=reinterpret pc=0x00007ff2b55cbf20 method=java.lang.Character.isHighSurrogate(C)Z @ 3
Event: 27.521 Thread 0x00007ff2c45a2000 Uncommon trap: reason=unstable_if action=reinterpret pc=0x00007ff2b559d7cc method=java.lang.Character.isHighSurrogate(C)Z @ 3
Event: 27.600 Thread 0x00007ff2c45a2000 Uncommon trap: reason=unstable_if action=reinterpret pc=0x00007ff2b51d520c method=java.util.concurrent.ConcurrentHashMap.putVal(Ljava/lang/Object;Ljava/lang/Object;Z)Ljava/lang/Object; @ 206

Internal exceptions (10 events):
Event: 35.460 Thread 0x00007ff2c45ab800 Exception <a 'java/lang/NoClassDefFoundError': javax/el/ExpressionFactory> (0x00000000ede2f210) thrown at [/HUDSON3/workspace/8-2-build-linux-amd64/jdk8u101/7261/hotspot/src/share/vm/oops/constantPool.cpp, line 235]
Event: 37.459 Thread 0x00007ff2c45a9800 Exception <a 'java/io/FileNotFoundException'> (0x00000000eda6e3d8) thrown at [/HUDSON3/workspace/8-2-build-linux-amd64/jdk8u101/7261/hotspot/src/share/vm/prims/jni.cpp, line 709]
Event: 37.460 Thread 0x00007ff2c45a9800 Exception <a 'java/io/FileNotFoundException'> (0x00000000eda7e490) thrown at [/HUDSON3/workspace/8-2-build-linux-amd64/jdk8u101/7261/hotspot/src/share/vm/prims/jni.cpp, line 709]
Event: 37.494 Thread 0x00007ff2c45a9800 Exception <a 'java/lang/ClassNotFoundException': org/apache/jasper/JasperExceptionBeanInfo> (0x00000000ee30a160) thrown at [/HUDSON3/workspace/8-2-build-linux-amd64/jdk8u101/7261/hotspot/src/share/vm/classfile/systemDictionary.cpp, line 210]
Event: 37.495 Thread 0x00007ff2c45a9800 Exception <a 'java/lang/ClassNotFoundException': org/apache/jasper/JasperExceptionCustomizer> (0x00000000ee319148) thrown at [/HUDSON3/workspace/8-2-build-linux-amd64/jdk8u101/7261/hotspot/src/share/vm/classfile/systemDictionary.cpp, line 210]
Event: 38.329 Thread 0x00007ff2c45a7800 Exception <a 'java/io/FileNotFoundException'> (0x00000000edf1d570) thrown at [/HUDSON3/workspace/8-2-build-linux-amd64/jdk8u101/7261/hotspot/src/share/vm/prims/jni.cpp, line 709]
Event: 38.330 Thread 0x00007ff2c45a7800 Exception <a 'java/io/FileNotFoundException'> (0x00000000edf2d628) thrown at [/HUDSON3/workspace/8-2-build-linux-amd64/jdk8u101/7261/hotspot/src/share/vm/prims/jni.cpp, line 709]
Event: 50.262 Thread 0x00007ff2c45ad800 Exception <a 'java/io/FileNotFoundException'> (0x00000000ee46ac08) thrown at [/HUDSON3/workspace/8-2-build-linux-amd64/jdk8u101/7261/hotspot/src/share/vm/prims/jni.cpp, line 709]
Event: 50.263 Thread 0x00007ff2c45ad800 Exception <a 'java/io/FileNotFoundException'> (0x00000000ee47acc0) thrown at [/HUDSON3/workspace/8-2-build-linux-amd64/jdk8u101/7261/hotspot/src/share/vm/prims/jni.cpp, line 709]
Event: 50.275 Thread 0x00007ff2c45ad800 Exception <a 'java/lang/NoClassDefFoundError': javax/el/ExpressionFactory> (0x00000000eed92e18) thrown at [/HUDSON3/workspace/8-2-build-linux-amd64/jdk8u101/7261/hotspot/src/share/vm/oops/constantPool.cpp, line 235]

Events (10 events):
Event: 166.005 loading class org/eclipse/jetty/io/ManagedSelector$2
Event: 166.005 loading class org/eclipse/jetty/io/ManagedSelector$2 done
Event: 710.232 loading class java/util/concurrent/LinkedBlockingDeque$Node
Event: 710.233 loading class java/util/concurrent/LinkedBlockingDeque$Node done
Event: 710.233 loading class org/eclipse/jetty/util/PathWatcher$PathWatchEvent
Event: 710.233 loading class org/eclipse/jetty/util/PathWatcher$PathWatchEvent done
Event: 710.245 loading class org/eclipse/jetty/util/PathWatcher$PathWatchEventType
Event: 710.245 loading class org/eclipse/jetty/util/PathWatcher$PathWatchEventType done
Event: 710.246 loading class org/eclipse/jetty/util/PathWatcher$PathPendingEvents
Event: 710.246 loading class org/eclipse/jetty/util/PathWatcher$PathPendingEvents done


Dynamic libraries:
00400000-00401000 r-xp 00000000 08:03 1084171                            /usr/lib/jvm/jdk1.8.0_101/bin/java
00600000-00601000 rw-p 00000000 08:03 1084171                            /usr/lib/jvm/jdk1.8.0_101/bin/java
014e1000-0178f000 rw-p 00000000 00:00 0                                  [heap]
c2800000-c9480000 rw-p 00000000 00:00 0 
c9480000-eb800000 ---p 00000000 00:00 0 
eb800000-100000000 rw-p 00000000 00:00 0 
100000000-100360000 rw-p 00000000 00:00 0 
100360000-140000000 ---p 00000000 00:00 0 
7ff230000000-7ff230021000 rw-p 00000000 00:00 0 
7ff230021000-7ff234000000 ---p 00000000 00:00 0 
7ff238000000-7ff23a293000 rw-p 00000000 00:00 0 
7ff23a293000-7ff23c000000 ---p 00000000 00:00 0 
7ff23c000000-7ff23c021000 rw-p 00000000 00:00 0 
7ff23c021000-7ff240000000 ---p 00000000 00:00 0 
7ff240000000-7ff2410a1000 rw-p 00000000 00:00 0 
7ff2410a1000-7ff244000000 ---p 00000000 00:00 0 
7ff244000000-7ff244f4a000 rw-p 00000000 00:00 0 
7ff244f4a000-7ff248000000 ---p 00000000 00:00 0 
7ff248000000-7ff2490d7000 rw-p 00000000 00:00 0 
7ff2490d7000-7ff24c000000 ---p 00000000 00:00 0 
7ff24c000000-7ff24e523000 rw-p 00000000 00:00 0 
7ff24e523000-7ff250000000 ---p 00000000 00:00 0 
7ff250000000-7ff2511d3000 rw-p 00000000 00:00 0 
7ff2511d3000-7ff254000000 ---p 00000000 00:00 0 
7ff254000000-7ff2542f5000 rw-p 00000000 00:00 0 
7ff2542f5000-7ff258000000 ---p 00000000 00:00 0 
7ff258000000-7ff258021000 rw-p 00000000 00:00 0 
7ff258021000-7ff25c000000 ---p 00000000 00:00 0 
7ff25c000000-7ff25ce04000 rw-p 00000000 00:00 0 
7ff25ce04000-7ff260000000 ---p 00000000 00:00 0 
7ff260000000-7ff260021000 rw-p 00000000 00:00 0 
7ff260021000-7ff264000000 ---p 00000000 00:00 0 
7ff264000000-7ff264021000 rw-p 00000000 00:00 0 
7ff264021000-7ff268000000 ---p 00000000 00:00 0 
7ff268000000-7ff268021000 rw-p 00000000 00:00 0 
7ff268021000-7ff26c000000 ---p 00000000 00:00 0 
7ff26c000000-7ff26c021000 rw-p 00000000 00:00 0 
7ff26c021000-7ff270000000 ---p 00000000 00:00 0 
7ff270000000-7ff270021000 rw-p 00000000 00:00 0 
7ff270021000-7ff274000000 ---p 00000000 00:00 0 
7ff274000000-7ff274021000 rw-p 00000000 00:00 0 
7ff274021000-7ff278000000 ---p 00000000 00:00 0 
7ff278000000-7ff278021000 rw-p 00000000 00:00 0 
7ff278021000-7ff27c000000 ---p 00000000 00:00 0 
7ff27c000000-7ff27c021000 rw-p 00000000 00:00 0 
7ff27c021000-7ff280000000 ---p 00000000 00:00 0 
7ff280000000-7ff28149b000 rw-p 00000000 00:00 0 
7ff28149b000-7ff284000000 ---p 00000000 00:00 0 
7ff284000000-7ff284875000 rw-p 00000000 00:00 0 
7ff284875000-7ff288000000 ---p 00000000 00:00 0 
7ff288000000-7ff288021000 rw-p 00000000 00:00 0 
7ff288021000-7ff28c000000 ---p 00000000 00:00 0 
7ff28c000000-7ff28d2e8000 rw-p 00000000 00:00 0 
7ff28d2e8000-7ff290000000 ---p 00000000 00:00 0 
7ff290000000-7ff290021000 rw-p 00000000 00:00 0 
7ff290021000-7ff294000000 ---p 00000000 00:00 0 
7ff294000000-7ff294021000 rw-p 00000000 00:00 0 
7ff294021000-7ff298000000 ---p 00000000 00:00 0 
7ff298000000-7ff298021000 rw-p 00000000 00:00 0 
7ff298021000-7ff29c000000 ---p 00000000 00:00 0 
7ff29c000000-7ff29c04a000 rw-p 00000000 00:00 0 
7ff29c04a000-7ff2a0000000 ---p 00000000 00:00 0 
7ff2a0000000-7ff2a0021000 rw-p 00000000 00:00 0 
7ff2a0021000-7ff2a4000000 ---p 00000000 00:00 0 
7ff2a64cb000-7ff2a654c000 rw-p 00000000 00:00 0 
7ff2a654c000-7ff2a66cc000 ---p 00000000 00:00 0 
7ff2a66cc000-7ff2a68cc000 rw-p 00000000 00:00 0 
7ff2a68cc000-7ff2a68cf000 ---p 00000000 00:00 0 
7ff2a68cf000-7ff2a69cd000 rw-p 00000000 00:00 0                          [stack:1853]
7ff2a69cd000-7ff2a69d2000 r--s 002f9000 08:03 1084197                    /usr/lib/jvm/jdk1.8.0_101/jre/lib/charsets.jar
7ff2a69d2000-7ff2a69d5000 ---p 00000000 00:00 0 
7ff2a69d5000-7ff2a6cd3000 rw-p 00000000 00:00 0                          [stack:1852]
7ff2a6cd3000-7ff2a6ce6000 r--s 00345000 08:03 1084400                    /usr/lib/jvm/jdk1.8.0_101/jre/lib/resources.jar
7ff2a6ce6000-7ff2a6ee6000 rw-p 00000000 00:00 0 
7ff2a6ee6000-7ff2a70e6000 rw-p 00000000 00:00 0 
7ff2a70e6000-7ff2a7101000 r--s 001d2000 08:03 1084294                    /usr/lib/jvm/jdk1.8.0_101/jre/lib/ext/nashorn.jar
7ff2a7101000-7ff2a7301000 rw-p 00000000 00:00 0 
7ff2a7301000-7ff2a7304000 ---p 00000000 00:00 0 
7ff2a7304000-7ff2a7402000 rw-p 00000000 00:00 0                          [stack:1826]
7ff2a7402000-7ff2a741e000 r--s 000e8000 08:04 1979526                    /home/li/java-war-getting-started/src/main/webapp/WEB-INF/lib/javaee.jar
7ff2a741e000-7ff2a7425000 r--s 00053000 08:03 963886                     /root/.m2/repository/log4j/log4j/1.2.14/log4j-1.2.14.jar
7ff2a7425000-7ff2a7427000 r--s 00004000 08:03 963910                     /root/.m2/repository/asm/asm-tree/3.3/asm-tree-3.3.jar
7ff2a7427000-7ff2a7429000 r--s 00008000 08:03 963901                     /root/.m2/repository/asm/asm-commons/3.3/asm-commons-3.3.jar
7ff2a7429000-7ff2a742a000 r--s 0000a000 08:03 963874                     /root/.m2/repository/asm/asm/3.3/asm-3.3.jar
7ff2a742a000-7ff2a7431000 r--s 00064000 08:03 963847                     /root/.m2/repository/org/apache/commons/commons-lang3/3.4/commons-lang3-3.4.jar
7ff2a7431000-7ff2a7435000 r--s 0002f000 08:03 963849                     /root/.m2/repository/commons-io/commons-io/2.5/commons-io-2.5.jar
7ff2a7435000-7ff2a7438000 r--s 0000f000 08:03 963882                     /root/.m2/repository/commons-fileupload/commons-fileupload/1.3.2/commons-fileupload-1.3.2.jar
7ff2a7438000-7ff2a7442000 r--s 000ae000 08:03 963846                     /root/.m2/repository/org/javassist/javassist/3.20.0-GA/javassist-3.20.0-GA.jar
7ff2a7442000-7ff2a7446000 r--s 00036000 08:03 963848                     /root/.m2/repository/ognl/ognl/3.1.10/ognl-3.1.10.jar
7ff2a7446000-7ff2a745e000 r--s 00132000 08:03 963871                     /root/.m2/repository/org/freemarker/freemarker/2.3.23/freemarker-2.3.23.jar
7ff2a745e000-7ff2a747c000 r--s 00164000 08:03 963457                     /root/.m2/repository/org/apache/struts/struts2-core/2.5.2/struts2-core-2.5.2.jar
7ff2a747c000-7ff2a7483000 r--s 0003a000 08:03 963859                     /root/.m2/repository/commons-codec/commons-codec/1.9/commons-codec-1.9.jar
7ff2a7483000-7ff2a7485000 r--s 0000e000 08:03 963870                     /root/.m2/repository/commons-logging/commons-logging/1.2/commons-logging-1.2.jar
7ff2a7485000-7ff2a7492000 r--s 000a7000 08:03 963889                     /root/.m2/repository/org/apache/httpcomponents/httpclient/4.5.2/httpclient-4.5.2.jar
7ff2a7492000-7ff2a7499000 r--s 00049000 08:03 963850                     /root/.m2/repository/org/apache/httpcomponents/httpcore/4.4.4/httpcore-4.4.4.jar
7ff2a7499000-7ff2a749b000 r--s 00000000 08:03 963907                     /root/.m2/repository/cn/leancloud/leancloud-utils/0.1.1/leancloud-utils-0.1.1.jar
7ff2a749b000-7ff2a74a2000 r--s 0005b000 08:03 963898                     /root/.m2/repository/cn/leancloud/leancloud-common/0.1.4/leancloud-common-0.1.4.jar
7ff2a74a2000-7ff2a74a4000 r--s 0000f000 08:03 963904                     /root/.m2/repository/cn/leancloud/android/okio/1.6.0-leancloud/okio-1.6.0-leancloud.jar
7ff2a74a4000-7ff2a74aa000 r--s 0004b000 08:03 963892                     /root/.m2/repository/cn/leancloud/android/okhttp/2.6.0-leancloud/okhttp-2.6.0-leancloud.jar
7ff2a74aa000-7ff2a74c2000 r--s 000f7000 08:03 963895                     /root/.m2/repository/org/apache/logging/log4j/log4j-core/2.5/log4j-core-2.5.jar
7ff2a74c2000-7ff2a74c4000 r--s 0000b000 08:03 963865                     /root/.m2/repository/org/json/json/20160212/json-20160212.jar
7ff2a74c4000-7ff2a74c7000 r--s 00021000 08:03 963856                     /root/.m2/repository/org/apache/logging/log4j/log4j-api/2.5/log4j-api-2.5.jar
7ff2a74c7000-7ff2a74cd000 r--s 00053000 08:03 963862                     /root/.m2/repository/cn/leancloud/android/fastjson/1.1.40-leancloud/fastjson-1.1.40-leancloud.jar
7ff2a74cd000-7ff2a74ce000 r--s 00002000 08:03 963843                     /root/.m2/repository/cn/leancloud/java/java-sdk/0.1.3/java-sdk-0.1.3.jar
7ff2a74ce000-7ff2a74e2000 r--p 00000000 08:03 1187024                    /usr/share/locale-langpack/zh_CN/LC_MESSAGES/libc.mo
7ff2a74e2000-7ff2a76e2000 rw-p 00000000 00:00 0 
7ff2a76e2000-7ff2a76e5000 ---p 00000000 00:00 0 
7ff2a76e5000-7ff2a77e3000 rw-p 00000000 00:00 0                          [stack:1809]
7ff2a77e3000-7ff2a77e6000 ---p 00000000 00:00 0 
7ff2a77e6000-7ff2a78e4000 rw-p 00000000 00:00 0                          [stack:1808]
7ff2a78e4000-7ff2a78e7000 ---p 00000000 00:00 0 
7ff2a78e7000-7ff2a79e5000 rw-p 00000000 00:00 0                          [stack:1807]
7ff2a79e5000-7ff2a79e8000 ---p 00000000 00:00 0 
7ff2a79e8000-7ff2a7ae6000 rw-p 00000000 00:00 0                          [stack:1806]
7ff2a7ae6000-7ff2a7ae9000 ---p 00000000 00:00 0 
7ff2a7ae9000-7ff2a7be7000 rw-p 00000000 00:00 0                          [stack:1805]
7ff2a7be7000-7ff2a7bea000 ---p 00000000 00:00 0 
7ff2a7bea000-7ff2a7ce8000 rw-p 00000000 00:00 0                          [stack:1803]
7ff2a7ce8000-7ff2a7ceb000 ---p 00000000 00:00 0 
7ff2a7ceb000-7ff2a7de9000 rw-p 00000000 00:00 0                          [stack:1802]
7ff2a7de9000-7ff2a7dff000 r-xp 00000000 08:03 1084222                    /usr/lib/jvm/jdk1.8.0_101/jre/lib/amd64/libnet.so
7ff2a7dff000-7ff2a7fff000 ---p 00016000 08:03 1084222                    /usr/lib/jvm/jdk1.8.0_101/jre/lib/amd64/libnet.so
7ff2a7fff000-7ff2a8000000 rw-p 00016000 08:03 1084222                    /usr/lib/jvm/jdk1.8.0_101/jre/lib/amd64/libnet.so
7ff2a8000000-7ff2a8021000 rw-p 00000000 00:00 0 
7ff2a8021000-7ff2ac000000 ---p 00000000 00:00 0 
7ff2ac000000-7ff2ac002000 r--s 0000a000 08:03 963877                     /root/.m2/repository/cn/leancloud/leanengine/0.1.8/leanengine-0.1.8.jar
7ff2ac002000-7ff2ac009000 r--s 00000000 08:03 1185178                    /usr/lib/x86_64-linux-gnu/gconv/gconv-modules.cache
7ff2ac009000-7ff2ac00c000 ---p 00000000 00:00 0 
7ff2ac00c000-7ff2ac10a000 rw-p 00000000 00:00 0                          [stack:1801]
7ff2ac10a000-7ff2ac10d000 ---p 00000000 00:00 0 
7ff2ac10d000-7ff2ac20b000 rw-p 00000000 00:00 0                          [stack:1800]
7ff2ac20b000-7ff2ac21c000 r-xp 00000000 08:03 1084245                    /usr/lib/jvm/jdk1.8.0_101/jre/lib/amd64/libnio.so
7ff2ac21c000-7ff2ac41b000 ---p 00011000 08:03 1084245                    /usr/lib/jvm/jdk1.8.0_101/jre/lib/amd64/libnio.so
7ff2ac41b000-7ff2ac41c000 rw-p 00010000 08:03 1084245                    /usr/lib/jvm/jdk1.8.0_101/jre/lib/amd64/libnio.so
7ff2ac41c000-7ff2ac61c000 rw-p 00000000 00:00 0 
7ff2ac61c000-7ff2ac625000 r-xp 00000000 08:03 1084256                    /usr/lib/jvm/jdk1.8.0_101/jre/lib/amd64/libmanagement.so
7ff2ac625000-7ff2ac824000 ---p 00009000 08:03 1084256                    /usr/lib/jvm/jdk1.8.0_101/jre/lib/amd64/libmanagement.so
7ff2ac824000-7ff2ac825000 rw-p 00008000 08:03 1084256                    /usr/lib/jvm/jdk1.8.0_101/jre/lib/amd64/libmanagement.so
7ff2ac825000-7ff2ac82a000 r--s 0002e000 08:03 964265                     /root/.m2/repository/org/apache/taglibs/taglibs-standard-impl/1.2.5/taglibs-standard-impl-1.2.5.jar
7ff2ac82a000-7ff2ac82c000 r--s 00008000 08:03 964248                     /root/.m2/repository/org/apache/taglibs/taglibs-standard-spec/1.2.5/taglibs-standard-spec-1.2.5.jar
7ff2ac82c000-7ff2ac82d000 r--s 00000000 08:03 964336                     /root/.m2/repository/org/eclipse/jetty/apache-jstl/9.3.10.v20160621/apache-jstl-9.3.10.v20160621.jar
7ff2ac82d000-7ff2ac83f000 r--s 00223000 08:03 964233                     /root/.m2/repository/org/eclipse/jdt/core/compiler/ecj/4.4.2/ecj-4.4.2.jar
7ff2ac83f000-7ff2ac84c000 r--s 000df000 08:03 964236                     /root/.m2/repository/org/mortbay/jasper/apache-jsp/8.0.33/apache-jsp-8.0.33.jar
7ff2ac84c000-7ff2ac84e000 r--s 0002d000 08:03 964234                     /root/.m2/repository/org/eclipse/jetty/toolchain/jetty-schemas/3.1/jetty-schemas-3.1.jar
7ff2ac84e000-7ff2ac851000 ---p 00000000 00:00 0 
7ff2ac851000-7ff2ac94f000 rw-p 00000000 00:00 0                          [stack:1762]
7ff2ac94f000-7ff2ac952000 ---p 00000000 00:00 0 
7ff2ac952000-7ff2acc50000 rw-p 00000000 00:00 0                          [stack:1761]
7ff2acc50000-7ff2acc53000 ---p 00000000 00:00 0 
7ff2acc53000-7ff2acd51000 rw-p 00000000 00:00 0                          [stack:1751]
7ff2acd51000-7ff2acd54000 ---p 00000000 00:00 0 
7ff2acd54000-7ff2ace52000 rw-p 00000000 00:00 0                          [stack:1750]
7ff2ace52000-7ff2ace55000 ---p 00000000 00:00 0 
7ff2ace55000-7ff2acf53000 rw-p 00000000 00:00 0                          [stack:1749]
7ff2acf53000-7ff2acf54000 ---p 00000000 00:00 0 
7ff2acf54000-7ff2ad054000 rw-p 00000000 00:00 0                          [stack:1713]
7ff2ad054000-7ff2ad057000 ---p 00000000 00:00 0 
7ff2ad057000-7ff2ad155000 rw-p 00000000 00:00 0                          [stack:1712]
7ff2ad155000-7ff2ad158000 ---p 00000000 00:00 0 
7ff2ad158000-7ff2ad256000 rw-p 00000000 00:00 0                          [stack:1711]
7ff2ad256000-7ff2ad259000 ---p 00000000 00:00 0 
7ff2ad259000-7ff2ad357000 rw-p 00000000 00:00 0                          [stack:1710]
7ff2ad357000-7ff2ad35a000 ---p 00000000 00:00 0 
7ff2ad35a000-7ff2ad458000 rw-p 00000000 00:00 0                          [stack:1709]
7ff2ad458000-7ff2ad45b000 ---p 00000000 00:00 0 
7ff2ad45b000-7ff2ad559000 rw-p 00000000 00:00 0                          [stack:1708]
7ff2ad559000-7ff2adc3b000 r--p 00000000 08:03 794754                     /usr/lib/locale/locale-archive
7ff2adc3b000-7ff2adc3e000 ---p 00000000 00:00 0 
7ff2adc3e000-7ff2add3c000 rw-p 00000000 00:00 0                          [stack:1698]
7ff2add3c000-7ff2add3f000 ---p 00000000 00:00 0 
7ff2add3f000-7ff2ade3d000 rw-p 00000000 00:00 0                          [stack:1697]
7ff2ade3d000-7ff2ade3e000 ---p 00000000 00:00 0 
7ff2ade3e000-7ff2b0000000 rw-p 00000000 00:00 0                          [stack:1696]
7ff2b0000000-7ff2b0021000 rw-p 00000000 00:00 0 
7ff2b0021000-7ff2b4000000 ---p 00000000 00:00 0 
7ff2b4000000-7ff2b4001000 r--s 00002000 08:03 964333                     /root/.m2/repository/org/eclipse/jetty/apache-jsp/9.3.10.v20160621/apache-jsp-9.3.10.v20160621.jar
7ff2b4001000-7ff2b4002000 r--s 00004000 08:03 964286                     /root/.m2/repository/org/eclipse/jetty/websocket/websocket-servlet/9.3.10.v20160621/websocket-servlet-9.3.10.v20160621.jar
7ff2b4002000-7ff2b4003000 r--s 00006000 08:03 964283                     /root/.m2/repository/org/eclipse/jetty/websocket/websocket-server/9.3.10.v20160621/websocket-server-9.3.10.v20160621.jar
7ff2b4003000-7ff2b4005000 r--s 00007000 08:03 964235                     /root/.m2/repository/javax/websocket/javax.websocket-api/1.0/javax.websocket-api-1.0.jar
7ff2b4005000-7ff2b4008000 r--s 00009000 08:03 964280                     /root/.m2/repository/org/eclipse/jetty/websocket/websocket-api/9.3.10.v20160621/websocket-api-9.3.10.v20160621.jar
7ff2b4008000-7ff2b400d000 r--s 0002a000 08:03 964275                     /root/.m2/repository/org/eclipse/jetty/websocket/websocket-common/9.3.10.v20160621/websocket-common-9.3.10.v20160621.jar
7ff2b400d000-7ff2b400e000 r--s 00008000 08:03 964269                     /root/.m2/repository/org/eclipse/jetty/websocket/websocket-client/9.3.10.v20160621/websocket-client-9.3.10.v20160621.jar
7ff2b400e000-7ff2b4013000 r--s 00022000 08:03 964260                     /root/.m2/repository/org/eclipse/jetty/websocket/javax-websocket-client-impl/9.3.10.v20160621/javax-websocket-client-impl-9.3.10.v20160621.jar
7ff2b4013000-7ff2b4015000 r--s 00007000 08:03 964245                     /root/.m2/repository/org/eclipse/jetty/websocket/javax-websocket-server-impl/9.3.10.v20160621/javax-websocket-server-impl-9.3.10.v20160621.jar
7ff2b4015000-7ff2b4017000 r--s 00008000 08:03 964330                     /root/.m2/repository/org/eclipse/jetty/jetty-jaas/9.3.10.v20160621/jetty-jaas-9.3.10.v20160621.jar
7ff2b4017000-7ff2b4019000 r--s 00006000 08:03 964251                     /root/.m2/repository/javax/transaction/javax.transaction-api/1.2/javax.transaction-api-1.2.jar
7ff2b4019000-7ff2b401b000 r--s 00006000 08:03 964272                     /root/.m2/repository/org/ow2/asm/asm-tree/5.0.1/asm-tree-5.0.1.jar
7ff2b401b000-7ff2b401d000 r--s 00009000 08:03 964266                     /root/.m2/repository/org/ow2/asm/asm-commons/5.0.1/asm-commons-5.0.1.jar
7ff2b401d000-7ff2b401e000 r--s 0000c000 08:03 964257                     /root/.m2/repository/org/ow2/asm/asm/5.0.1/asm-5.0.1.jar
7ff2b401e000-7ff2b4020000 r--s 00005000 08:03 964242                     /root/.m2/repository/javax/annotation/javax.annotation-api/1.2/javax.annotation-api-1.2.jar
7ff2b4020000-7ff2b4022000 r--s 00012000 08:03 964327                     /root/.m2/repository/org/eclipse/jetty/jetty-annotations/9.3.10.v20160621/jetty-annotations-9.3.10.v20160621.jar
7ff2b4022000-7ff2b4023000 r--s 00009000 08:03 964324                     /root/.m2/repository/org/eclipse/jetty/jetty-jndi/9.3.10.v20160621/jetty-jndi-9.3.10.v20160621.jar
7ff2b4023000-7ff2b4025000 r--s 0000c000 08:03 964321                     /root/.m2/repository/org/eclipse/jetty/jetty-plus/9.3.10.v20160621/jetty-plus-9.3.10.v20160621.jar
7ff2b4025000-7ff2b4026000 r--s 00005000 08:03 964318                     /root/.m2/repository/org/eclipse/jetty/jetty-jmx/9.3.10.v20160621/jetty-jmx-9.3.10.v20160621.jar
7ff2b4026000-7ff2b4028000 r--s 00007000 08:03 964315                     /root/.m2/repository/org/eclipse/jetty/jetty-quickstart/9.3.10.v20160621/jetty-quickstart-9.3.10.v20160621.jar
7ff2b4028000-7ff2b402b000 r--s 00019000 08:03 963460                     /root/.m2/repository/org/eclipse/jetty/jetty-io/9.3.10.v20160621/jetty-io-9.3.10.v20160621.jar
7ff2b402b000-7ff2b402e000 r--s 00021000 08:03 964312                     /root/.m2/repository/org/eclipse/jetty/jetty-http/9.3.10.v20160621/jetty-http-9.3.10.v20160621.jar
7ff2b402e000-7ff2b4031000 r--s 00015000 08:03 963853                     /root/.m2/repository/javax/servlet/javax.servlet-api/3.1.0/javax.servlet-api-3.1.0.jar
7ff2b4031000-7ff2b4038000 r--s 00072000 08:03 964307                     /root/.m2/repository/org/eclipse/jetty/jetty-server/9.3.10.v20160621/jetty-server-9.3.10.v20160621.jar
7ff2b4038000-7ff2b403b000 r--s 00015000 08:03 964304                     /root/.m2/repository/org/eclipse/jetty/jetty-security/9.3.10.v20160621/jetty-security-9.3.10.v20160621.jar
7ff2b403b000-7ff2b403d000 r--s 0001b000 08:03 964301                     /root/.m2/repository/org/eclipse/jetty/jetty-servlet/9.3.10.v20160621/jetty-servlet-9.3.10.v20160621.jar
7ff2b403d000-7ff2b403f000 r--s 0000b000 08:03 964298                     /root/.m2/repository/org/eclipse/jetty/jetty-xml/9.3.10.v20160621/jetty-xml-9.3.10.v20160621.jar
7ff2b403f000-7ff2b4041000 r--s 0001a000 08:03 964295                     /root/.m2/repository/org/eclipse/jetty/jetty-webapp/9.3.10.v20160621/jetty-webapp-9.3.10.v20160621.jar
7ff2b4041000-7ff2b4048000 r--s 00063000 08:03 964232                     /root/.m2/repository/org/eclipse/jetty/jetty-util/9.3.10.v20160621/jetty-util-9.3.10.v20160621.jar
7ff2b4048000-7ff2b404a000 r--s 00004000 08:03 964241                     /root/.m2/repository/org/apache/maven/plugin-tools/maven-plugin-tools-api/3.4/maven-plugin-tools-api-3.4.jar
7ff2b404a000-7ff2b404e000 r--s 00034000 08:03 964254                     /root/.m2/repository/org/codehaus/plexus/plexus-utils/1.5.15/plexus-utils-1.5.15.jar
7ff2b404e000-7ff2b4050000 r--s 00000000 08:03 963820                     /root/.m2/repository/org/codehaus/plexus/plexus-compiler-manager/1.9.1/plexus-compiler-manager-1.9.1.jar
7ff2b4050000-7ff2b4052000 r--s 00004000 08:03 963811                     /root/.m2/repository/org/codehaus/plexus/plexus-compiler-api/1.9.1/plexus-compiler-api-1.9.1.jar
7ff2b4052000-7ff2b4056000 r--s 00034000 08:03 963802                     /root/.m2/repository/org/codehaus/plexus/plexus-utils/3.0/plexus-utils-3.0.jar
7ff2b4056000-7ff2b4058000 r--s 0000b000 08:03 963663                     /root/.m2/repository/org/codehaus/plexus/plexus-interpolation/1.6/plexus-interpolation-1.6.jar
7ff2b4058000-7ff2b405a000 r--s 00007000 08:03 963657                     /root/.m2/repository/org/apache/maven/shared/maven-filtering/1.0-beta-2/maven-filtering-1.0-beta-2.jar
7ff2b405a000-7ff2b405d000 ---p 00000000 00:00 0 
7ff2b405d000-7ff2b4093000 rw-p 00000000 00:00 0 
7ff2b4093000-7ff2b40af000 r--s 00393000 08:03 1084298                    /usr/lib/jvm/jdk1.8.0_101/jre/lib/ext/cldrdata.jar
7ff2b40af000-7ff2b40d8000 r--s 001f4000 08:03 858439                     /usr/share/maven2/lib/maven-debian-uber.jar
7ff2b40d8000-7ff2b4e27000 rw-p 00000000 00:00 0 
7ff2b4e27000-7ff2b5000000 r--s 03d29000 08:03 1084215                    /usr/lib/jvm/jdk1.8.0_101/jre/lib/rt.jar
7ff2b5000000-7ff2b5bc0000 rwxp 00000000 00:00 0 
7ff2b5bc0000-7ff2c4000000 ---p 00000000 00:00 0 
7ff2c4000000-7ff2c4dff000 rw-p 00000000 00:00 0 
7ff2c4dff000-7ff2c8000000 ---p 00000000 00:00 0 
7ff2c8000000-7ff2c8001000 r--s 00003000 08:03 963829                     /root/.m2/repository/org/codehaus/plexus/plexus-compiler-javac/1.9.1/plexus-compiler-javac-1.9.1.jar
7ff2c8001000-7ff2c8006000 r--s 00039000 08:03 963658                     /root/.m2/repository/org/codehaus/plexus/plexus-utils/1.5.6/plexus-utils-1.5.6.jar
7ff2c8006000-7ff2c8008000 r--s 00004000 08:03 963477                     /root/.m2/repository/org/apache/maven/plugins/maven-resources-plugin/2.3/maven-resources-plugin-2.3.jar
7ff2c8008000-7ff2c800a000 r--s 00017000 08:03 963462                     /root/.m2/repository/org/eclipse/jetty/jetty-maven-plugin/9.3.10.v20160621/jetty-maven-plugin-9.3.10.v20160621.jar
7ff2c800a000-7ff2c8014000 r--s 00116000 08:03 1084295                    /usr/lib/jvm/jdk1.8.0_101/jre/lib/ext/localedata.jar
7ff2c8014000-7ff2c8ad9000 rw-p 00000000 00:00 0 
7ff2c8ad9000-7ff2c8ada000 ---p 00000000 00:00 0 
7ff2c8ada000-7ff2c8bda000 rw-p 00000000 00:00 0                          [stack:1695]
7ff2c8bda000-7ff2c8bdb000 ---p 00000000 00:00 0 
7ff2c8bdb000-7ff2c8cdb000 rw-p 00000000 00:00 0                          [stack:1694]
7ff2c8cdb000-7ff2c8cdc000 ---p 00000000 00:00 0 
7ff2c8cdc000-7ff2c8ddc000 rw-p 00000000 00:00 0                          [stack:1693]
7ff2c8ddc000-7ff2c8ddd000 ---p 00000000 00:00 0 
7ff2c8ddd000-7ff2c8f14000 rw-p 00000000 00:00 0                          [stack:1692]
7ff2c8f14000-7ff2c9025000 ---p 00000000 00:00 0 
7ff2c9025000-7ff2c905c000 rw-p 00000000 00:00 0 
7ff2c905c000-7ff2c916d000 ---p 00000000 00:00 0 
7ff2c916d000-7ff2c9211000 rw-p 00000000 00:00 0 
7ff2c9211000-7ff2c9241000 rw-p 00000000 00:00 0 
7ff2c9241000-7ff2c95d2000 ---p 00000000 00:00 0 
7ff2c95d2000-7ff2c95ec000 r-xp 00000000 08:03 1084243                    /usr/lib/jvm/jdk1.8.0_101/jre/lib/amd64/libzip.so
7ff2c95ec000-7ff2c97ec000 ---p 0001a000 08:03 1084243                    /usr/lib/jvm/jdk1.8.0_101/jre/lib/amd64/libzip.so
7ff2c97ec000-7ff2c97ed000 rw-p 0001a000 08:03 1084243                    /usr/lib/jvm/jdk1.8.0_101/jre/lib/amd64/libzip.so
7ff2c97ed000-7ff2c97f8000 r-xp 00000000 08:03 921975                     /lib/x86_64-linux-gnu/libnss_files-2.19.so
7ff2c97f8000-7ff2c99f7000 ---p 0000b000 08:03 921975                     /lib/x86_64-linux-gnu/libnss_files-2.19.so
7ff2c99f7000-7ff2c99f8000 r--p 0000a000 08:03 921975                     /lib/x86_64-linux-gnu/libnss_files-2.19.so
7ff2c99f8000-7ff2c99f9000 rw-p 0000b000 08:03 921975                     /lib/x86_64-linux-gnu/libnss_files-2.19.so
7ff2c99f9000-7ff2c9a04000 r-xp 00000000 08:03 923716                     /lib/x86_64-linux-gnu/libnss_nis-2.19.so
7ff2c9a04000-7ff2c9c03000 ---p 0000b000 08:03 923716                     /lib/x86_64-linux-gnu/libnss_nis-2.19.so
7ff2c9c03000-7ff2c9c04000 r--p 0000a000 08:03 923716                     /lib/x86_64-linux-gnu/libnss_nis-2.19.so
7ff2c9c04000-7ff2c9c05000 rw-p 0000b000 08:03 923716                     /lib/x86_64-linux-gnu/libnss_nis-2.19.so
7ff2c9c05000-7ff2c9c1c000 r-xp 00000000 08:03 923545                     /lib/x86_64-linux-gnu/libnsl-2.19.so
7ff2c9c1c000-7ff2c9e1b000 ---p 00017000 08:03 923545                     /lib/x86_64-linux-gnu/libnsl-2.19.so
7ff2c9e1b000-7ff2c9e1c000 r--p 00016000 08:03 923545                     /lib/x86_64-linux-gnu/libnsl-2.19.so
7ff2c9e1c000-7ff2c9e1d000 rw-p 00017000 08:03 923545                     /lib/x86_64-linux-gnu/libnsl-2.19.so
7ff2c9e1d000-7ff2c9e1f000 rw-p 00000000 00:00 0 
7ff2c9e1f000-7ff2c9e28000 r-xp 00000000 08:03 923544                     /lib/x86_64-linux-gnu/libnss_compat-2.19.so
7ff2c9e28000-7ff2ca027000 ---p 00009000 08:03 923544                     /lib/x86_64-linux-gnu/libnss_compat-2.19.so
7ff2ca027000-7ff2ca028000 r--p 00008000 08:03 923544                     /lib/x86_64-linux-gnu/libnss_compat-2.19.so
7ff2ca028000-7ff2ca029000 rw-p 00009000 08:03 923544                     /lib/x86_64-linux-gnu/libnss_compat-2.19.so
7ff2ca029000-7ff2ca053000 r-xp 00000000 08:03 1084268                    /usr/lib/jvm/jdk1.8.0_101/jre/lib/amd64/libjava.so
7ff2ca053000-7ff2ca253000 ---p 0002a000 08:03 1084268                    /usr/lib/jvm/jdk1.8.0_101/jre/lib/amd64/libjava.so
7ff2ca253000-7ff2ca255000 rw-p 0002a000 08:03 1084268                    /usr/lib/jvm/jdk1.8.0_101/jre/lib/amd64/libjava.so
7ff2ca255000-7ff2ca262000 r-xp 00000000 08:03 1084223                    /usr/lib/jvm/jdk1.8.0_101/jre/lib/amd64/libverify.so
7ff2ca262000-7ff2ca462000 ---p 0000d000 08:03 1084223                    /usr/lib/jvm/jdk1.8.0_101/jre/lib/amd64/libverify.so
7ff2ca462000-7ff2ca464000 rw-p 0000d000 08:03 1084223                    /usr/lib/jvm/jdk1.8.0_101/jre/lib/amd64/libverify.so
7ff2ca464000-7ff2ca46b000 r-xp 00000000 08:03 923713                     /lib/x86_64-linux-gnu/librt-2.19.so
7ff2ca46b000-7ff2ca66a000 ---p 00007000 08:03 923713                     /lib/x86_64-linux-gnu/librt-2.19.so
7ff2ca66a000-7ff2ca66b000 r--p 00006000 08:03 923713                     /lib/x86_64-linux-gnu/librt-2.19.so
7ff2ca66b000-7ff2ca66c000 rw-p 00007000 08:03 923713                     /lib/x86_64-linux-gnu/librt-2.19.so
7ff2ca66c000-7ff2ca771000 r-xp 00000000 08:03 917609                     /lib/x86_64-linux-gnu/libm-2.19.so
7ff2ca771000-7ff2ca970000 ---p 00105000 08:03 917609                     /lib/x86_64-linux-gnu/libm-2.19.so
7ff2ca970000-7ff2ca971000 r--p 00104000 08:03 917609                     /lib/x86_64-linux-gnu/libm-2.19.so
7ff2ca971000-7ff2ca972000 rw-p 00105000 08:03 917609                     /lib/x86_64-linux-gnu/libm-2.19.so
7ff2ca972000-7ff2cb63d000 r-xp 00000000 08:03 1084271                    /usr/lib/jvm/jdk1.8.0_101/jre/lib/amd64/server/libjvm.so
7ff2cb63d000-7ff2cb83c000 ---p 00ccb000 08:03 1084271                    /usr/lib/jvm/jdk1.8.0_101/jre/lib/amd64/server/libjvm.so
7ff2cb83c000-7ff2cb915000 rw-p 00cca000 08:03 1084271                    /usr/lib/jvm/jdk1.8.0_101/jre/lib/amd64/server/libjvm.so
7ff2cb915000-7ff2cb960000 rw-p 00000000 00:00 0 
7ff2cb960000-7ff2cbb1b000 r-xp 00000000 08:03 923710                     /lib/x86_64-linux-gnu/libc-2.19.so
7ff2cbb1b000-7ff2cbd1a000 ---p 001bb000 08:03 923710                     /lib/x86_64-linux-gnu/libc-2.19.so
7ff2cbd1a000-7ff2cbd1e000 r--p 001ba000 08:03 923710                     /lib/x86_64-linux-gnu/libc-2.19.so
7ff2cbd1e000-7ff2cbd20000 rw-p 001be000 08:03 923710                     /lib/x86_64-linux-gnu/libc-2.19.so
7ff2cbd20000-7ff2cbd25000 rw-p 00000000 00:00 0 
7ff2cbd25000-7ff2cbd28000 r-xp 00000000 08:03 922133                     /lib/x86_64-linux-gnu/libdl-2.19.so
7ff2cbd28000-7ff2cbf27000 ---p 00003000 08:03 922133                     /lib/x86_64-linux-gnu/libdl-2.19.so
7ff2cbf27000-7ff2cbf28000 r--p 00002000 08:03 922133                     /lib/x86_64-linux-gnu/libdl-2.19.so
7ff2cbf28000-7ff2cbf29000 rw-p 00003000 08:03 922133                     /lib/x86_64-linux-gnu/libdl-2.19.so
7ff2cbf29000-7ff2cbf3e000 r-xp 00000000 08:03 1083392                    /usr/lib/jvm/jdk1.8.0_101/lib/amd64/jli/libjli.so
7ff2cbf3e000-7ff2cc13e000 ---p 00015000 08:03 1083392                    /usr/lib/jvm/jdk1.8.0_101/lib/amd64/jli/libjli.so
7ff2cc13e000-7ff2cc13f000 rw-p 00015000 08:03 1083392                    /usr/lib/jvm/jdk1.8.0_101/lib/amd64/jli/libjli.so
7ff2cc13f000-7ff2cc158000 r-xp 00000000 08:03 923711                     /lib/x86_64-linux-gnu/libpthread-2.19.so
7ff2cc158000-7ff2cc357000 ---p 00019000 08:03 923711                     /lib/x86_64-linux-gnu/libpthread-2.19.so
7ff2cc357000-7ff2cc358000 r--p 00018000 08:03 923711                     /lib/x86_64-linux-gnu/libpthread-2.19.so
7ff2cc358000-7ff2cc359000 rw-p 00019000 08:03 923711                     /lib/x86_64-linux-gnu/libpthread-2.19.so
7ff2cc359000-7ff2cc35d000 rw-p 00000000 00:00 0 
7ff2cc35d000-7ff2cc380000 r-xp 00000000 08:03 923707                     /lib/x86_64-linux-gnu/ld-2.19.so
7ff2cc380000-7ff2cc381000 r--s 00007000 08:03 963492                     /root/.m2/repository/org/apache/maven/plugins/maven-compiler-plugin/2.5.1/maven-compiler-plugin-2.5.1.jar
7ff2cc381000-7ff2cc385000 r--s 00097000 08:03 1084196                    /usr/lib/jvm/jdk1.8.0_101/jre/lib/jsse.jar
7ff2cc385000-7ff2cc457000 rw-p 00000000 00:00 0 
7ff2cc457000-7ff2cc45a000 ---p 00000000 00:00 0 
7ff2cc45a000-7ff2cc55c000 rw-p 00000000 00:00 0                          [stack:1691]
7ff2cc55c000-7ff2cc55d000 r--p 00000000 00:00 0 
7ff2cc55d000-7ff2cc55f000 r--s 00008000 08:03 1213591                    /usr/share/java/classworlds-1.1.jar
7ff2cc55f000-7ff2cc573000 rw-p 00000000 00:00 0 
7ff2cc573000-7ff2cc57b000 rw-s 00000000 08:03 672427                     /tmp/hsperfdata_root/1689
7ff2cc57b000-7ff2cc57c000 rw-p 00000000 00:00 0 
7ff2cc57c000-7ff2cc57d000 r--p 00000000 00:00 0 
7ff2cc57d000-7ff2cc57f000 rw-p 00000000 00:00 0 
7ff2cc57f000-7ff2cc580000 r--p 00022000 08:03 923707                     /lib/x86_64-linux-gnu/ld-2.19.so
7ff2cc580000-7ff2cc581000 rw-p 00023000 08:03 923707                     /lib/x86_64-linux-gnu/ld-2.19.so
7ff2cc581000-7ff2cc582000 rw-p 00000000 00:00 0 
7fff0c48f000-7fff0c4b1000 rw-p 00000000 00:00 0                          [stack]
7fff0c5e9000-7fff0c5eb000 r-xp 00000000 00:00 0                          [vdso]
7fff0c5eb000-7fff0c5ed000 r--p 00000000 00:00 0                          [vvar]
ffffffffff600000-ffffffffff601000 r-xp 00000000 00:00 0                  [vsyscall]

VM Arguments:
jvm_args: -Dclassworlds.conf=/usr/share/maven2/bin/m2.conf -Dmaven.home=/usr/share/maven2 
java_command: org.codehaus.classworlds.Launcher "jetty:run"
java_class_path (initial): /usr/share/maven2/boot/classworlds.jar
Launcher Type: SUN_STANDARD

Environment Variables:
JAVA_HOME=/usr/lib/jvm/jdk1.8.0_101
JRE_HOME=/usr/lib/jvm/jdk1.8.0_101/jre
CLASSPATH=.:/usr/lib/jvm/jdk1.8.0_101/lib:/usr/lib/jvm/jdk1.8.0_101/jre/lib
PATH=/root/anaconda/bin:/usr/local/sbin:/usr/local/bin:/usr/sbin:/usr/bin:/sbin:/bin:/usr/games:/usr/local/games
LD_LIBRARY_PATH=/root/anaconda/lib:
SHELL=/bin/bash
DISPLAY=:0

Signal Handlers:
SIGSEGV: [libjvm.so+0xac4790], sa_mask[0]=11111111011111111101111111111110, sa_flags=SA_RESTART|SA_SIGINFO
SIGBUS: [libjvm.so+0xac4790], sa_mask[0]=11111111011111111101111111111110, sa_flags=SA_RESTART|SA_SIGINFO
SIGFPE: [libjvm.so+0x91f140], sa_mask[0]=11111111011111111101111111111110, sa_flags=SA_RESTART|SA_SIGINFO
SIGPIPE: [libjvm.so+0x91f140], sa_mask[0]=11111111011111111101111111111110, sa_flags=SA_RESTART|SA_SIGINFO
SIGXFSZ: [libjvm.so+0x91f140], sa_mask[0]=11111111011111111101111111111110, sa_flags=SA_RESTART|SA_SIGINFO
SIGILL: [libjvm.so+0x91f140], sa_mask[0]=11111111011111111101111111111110, sa_flags=SA_RESTART|SA_SIGINFO
SIGUSR1: SIG_DFL, sa_mask[0]=00000000000000000000000000000000, sa_flags=none
SIGUSR2: [libjvm.so+0x920770], sa_mask[0]=00000000000000000000000000000000, sa_flags=SA_RESTART|SA_SIGINFO
SIGHUP: [libjvm.so+0x921b70], sa_mask[0]=11111111011111111101111111111110, sa_flags=SA_RESTART|SA_SIGINFO
SIGINT: [libjvm.so+0x921b70], sa_mask[0]=11111111011111111101111111111110, sa_flags=SA_RESTART|SA_SIGINFO
SIGTERM: [libjvm.so+0x921b70], sa_mask[0]=11111111011111111101111111111110, sa_flags=SA_RESTART|SA_SIGINFO
SIGQUIT: [libjvm.so+0x921b70], sa_mask[0]=11111111011111111101111111111110, sa_flags=SA_RESTART|SA_SIGINFO


---------------  S Y S T E M  ---------------

OS:DISTRIB_ID=Ubuntu
DISTRIB_RELEASE=14.04
DISTRIB_CODENAME=trusty
DISTRIB_DESCRIPTION="Ubuntu 14.04.3 LTS"

uname:Linux 3.16.0-45-generic #60~14.04.1-Ubuntu SMP Fri Jul 24 21:16:23 UTC 2015 x86_64
libc:glibc 2.19 NPTL 2.19 
rlimit: STACK 8192k, CORE 0k, NPROC 15658, NOFILE 4096, AS infinity
load average:3.58 2.74 2.11

/proc/meminfo:
MemTotal:        4030076 kB
MemFree:          187612 kB
MemAvailable:     310148 kB
Buffers:           15048 kB
Cached:           245572 kB
SwapCached:        49124 kB
Active:          2670756 kB
Inactive:         894220 kB
Active(anon):    2516792 kB
Inactive(anon):   799104 kB
Active(file):     153964 kB
Inactive(file):    95116 kB
Unevictable:          32 kB
Mlocked:              32 kB
SwapTotal:       1999868 kB
SwapFree:        1242168 kB
Dirty:              4532 kB
Writeback:           220 kB
AnonPages:       3293964 kB
Mapped:           178212 kB
Shmem:             11616 kB
Slab:             135668 kB
SReclaimable:      84800 kB
SUnreclaim:        50868 kB
KernelStack:       10992 kB
PageTables:        38780 kB
NFS_Unstable:          0 kB
Bounce:                0 kB
WritebackTmp:          0 kB
CommitLimit:     4014904 kB
Committed_AS:    8164672 kB
VmallocTotal:   34359738367 kB
VmallocUsed:      112720 kB
VmallocChunk:   34359621116 kB
HardwareCorrupted:     0 kB
AnonHugePages:   1245184 kB
HugePages_Total:       0
HugePages_Free:        0
HugePages_Rsvd:        0
HugePages_Surp:        0
Hugepagesize:       2048 kB
DirectMap4k:      342732 kB
DirectMap2M:     3833856 kB


CPU:total 4 (2 cores per cpu, 2 threads per core) family 6 model 42 stepping 7, cmov, cx8, fxsr, mmx, sse, sse2, sse3, ssse3, sse4.1, sse4.2, popcnt, avx, clmul, ht, tsc, tscinvbit

/proc/cpuinfo:
processor	: 0
vendor_id	: GenuineIntel
cpu family	: 6
model		: 42
model name	: Intel(R) Core(TM) i3-2120 CPU @ 3.30GHz
stepping	: 7
microcode	: 0x1a
cpu MHz		: 3300.000
cache size	: 3072 KB
physical id	: 0
siblings	: 4
core id		: 0
cpu cores	: 2
apicid		: 0
initial apicid	: 0
fpu		: yes
fpu_exception	: yes
cpuid level	: 13
wp		: yes
flags		: fpu vme de pse tsc msr pae mce cx8 apic sep mtrr pge mca cmov pat pse36 clflush dts acpi mmx fxsr sse sse2 ss ht tm pbe syscall nx rdtscp lm constant_tsc arch_perfmon pebs bts rep_good nopl xtopology nonstop_tsc aperfmperf eagerfpu pni pclmulqdq dtes64 monitor ds_cpl vmx est tm2 ssse3 cx16 xtpr pdcm pcid sse4_1 sse4_2 popcnt tsc_deadline_timer xsave avx lahf_lm arat epb xsaveopt pln pts dtherm tpr_shadow vnmi flexpriority ept vpid
bogomips	: 6584.63
clflush size	: 64
cache_alignment	: 64
address sizes	: 36 bits physical, 48 bits virtual
power management:

processor	: 1
vendor_id	: GenuineIntel
cpu family	: 6
model		: 42
model name	: Intel(R) Core(TM) i3-2120 CPU @ 3.30GHz
stepping	: 7
microcode	: 0x1a
cpu MHz		: 3300.000
cache size	: 3072 KB
physical id	: 0
siblings	: 4
core id		: 1
cpu cores	: 2
apicid		: 2
initial apicid	: 2
fpu		: yes
fpu_exception	: yes
cpuid level	: 13
wp		: yes
flags		: fpu vme de pse tsc msr pae mce cx8 apic sep mtrr pge mca cmov pat pse36 clflush dts acpi mmx fxsr sse sse2 ss ht tm pbe syscall nx rdtscp lm constant_tsc arch_perfmon pebs bts rep_good nopl xtopology nonstop_tsc aperfmperf eagerfpu pni pclmulqdq dtes64 monitor ds_cpl vmx est tm2 ssse3 cx16 xtpr pdcm pcid sse4_1 sse4_2 popcnt tsc_deadline_timer xsave avx lahf_lm arat epb xsaveopt pln pts dtherm tpr_shadow vnmi flexpriority ept vpid
bogomips	: 6584.63
clflush size	: 64
cache_alignment	: 64
address sizes	: 36 bits physical, 48 bits virtual
power management:

processor	: 2
vendor_id	: GenuineIntel
cpu family	: 6
model		: 42
model name	: Intel(R) Core(TM) i3-2120 CPU @ 3.30GHz
stepping	: 7
microcode	: 0x1a
cpu MHz		: 3300.000
cache size	: 3072 KB
physical id	: 0
siblings	: 4
core id		: 0
cpu cores	: 2
apicid		: 1
initial apicid	: 1
fpu		: yes
fpu_exception	: yes
cpuid level	: 13
wp		: yes
flags		: fpu vme de pse tsc msr pae mce cx8 apic sep mtrr pge mca cmov pat pse36 clflush dts acpi mmx fxsr sse sse2 ss ht tm pbe syscall nx rdtscp lm constant_tsc arch_perfmon pebs bts rep_good nopl xtopology nonstop_tsc aperfmperf eagerfpu pni pclmulqdq dtes64 monitor ds_cpl vmx est tm2 ssse3 cx16 xtpr pdcm pcid sse4_1 sse4_2 popcnt tsc_deadline_timer xsave avx lahf_lm arat epb xsaveopt pln pts dtherm tpr_shadow vnmi flexpriority ept vpid
bogomips	: 6584.63
clflush size	: 64
cache_alignment	: 64
address sizes	: 36 bits physical, 48 bits virtual
power management:

processor	: 3
vendor_id	: GenuineIntel
cpu family	: 6
model		: 42
model name	: Intel(R) Core(TM) i3-2120 CPU @ 3.30GHz
stepping	: 7
microcode	: 0x1a
cpu MHz		: 3300.000
cache size	: 3072 KB
physical id	: 0
siblings	: 4
core id		: 1
cpu cores	: 2
apicid		: 3
initial apicid	: 3
fpu		: yes
fpu_exception	: yes
cpuid level	: 13
wp		: yes
flags		: fpu vme de pse tsc msr pae mce cx8 apic sep mtrr pge mca cmov pat pse36 clflush dts acpi mmx fxsr sse sse2 ss ht tm pbe syscall nx rdtscp lm constant_tsc arch_perfmon pebs bts rep_good nopl xtopology nonstop_tsc aperfmperf eagerfpu pni pclmulqdq dtes64 monitor ds_cpl vmx est tm2 ssse3 cx16 xtpr pdcm pcid sse4_1 sse4_2 popcnt tsc_deadline_timer xsave avx lahf_lm arat epb xsaveopt pln pts dtherm tpr_shadow vnmi flexpriority ept vpid
bogomips	: 6584.63
clflush size	: 64
cache_alignment	: 64
address sizes	: 36 bits physical, 48 bits virtual
power management:



Memory: 4k page, physical 4030076k(188648k free), swap 1999868k(1242168k free)

vm_info: Java HotSpot(TM) 64-Bit Server VM (25.101-b13) for linux-amd64 JRE (1.8.0_101-b13), built on Jun 22 2016 02:59:44 by "java_re" with gcc 4.3.0 20080428 (Red Hat 4.3.0-8)

time: Wed Aug 17 18:31:34 2016
elapsed time: 711 seconds (0d 0h 11m 51s)

