#
# A fatal error has been detected by the Java Runtime Environment:
#
#  SIGSEGV (0xb) at pc=0x00007eff90ef37ae, pid=8910, tid=0x00007eff921b9740
#
# JRE version: Java(TM) SE Runtime Environment (8.0_101-b13) (build 1.8.0_101-b13)
# Java VM: Java HotSpot(TM) 64-Bit Server VM (25.101-b13 mixed mode linux-amd64 compressed oops)
# Problematic frame:
# V  [libjvm.so+0x9207ae]  SR_handler(int, siginfo*, ucontext*)+0x3e
#
# Failed to write core dump. Core dumps have been disabled. To enable core dumping, try "ulimit -c unlimited" before starting Java again
#
# If you would like to submit a bug report, please visit:
#   http://bugreport.java.com/bugreport/crash.jsp
#

---------------  T H R E A D  ---------------

Current thread is native thread

siginfo: si_signo: 11 (SIGSEGV), si_code: 1 (SEGV_MAPERR), si_addr: 0x0000000000000128

Registers:
RAX=0x0000000000000000, RBX=0x00007eff921b8700, RCX=0xffffffffffffffff, RDX=0x00007eff921b9a60
RSP=0x00007ffd8f127740, RBP=0x00007ffd8f1277f0, RSI=0x00007ffd8f127930, RDI=0x0000000000000001
R8 =0x0000000000000000, R9 =0x00007eff921b8700, R10=0x0000000000000000, R11=0x0000000000000246
R12=0x00007ffd8f127800, R13=0x00007ffd8f127930, R14=0x00007eff921b96a0, R15=0x0000000000000002
RIP=0x00007eff90ef37ae, EFLAGS=0x0000000000010246, CSGSFS=0x0000000000000033, ERR=0x0000000000000004
  TRAPNO=0x000000000000000e

Top of Stack: (sp=0x00007ffd8f127740)
0x00007ffd8f127740:   00007eff91b9a9fc 00007eff9160b4ea
0x00007ffd8f127750:   0000000000000000 0000000000000000
0x00007ffd8f127760:   000000000000003f 0000000000000000
0x00007ffd8f127770:   00007ffd00000000 00007eff00000000
0x00007ffd8f127780:   00007ffd8f1278b0 00007ffd00000000
0x00007ffd8f127790:   0000000000000000 00007ffd8f127860
0x00007ffd8f1277a0:   0000000000000000 0000000100000000
0x00007ffd8f1277b0:   00000000ffffffff fffffffffffffffc
0x00007ffd8f1277c0:   0000000a00000000 00007eff921b8700
0x00007ffd8f1277d0:   00007eff921b8d28 00007ffd8f127e60
0x00007ffd8f1277e0:   00007ffd8f127dc0 0000000000000001
0x00007ffd8f1277f0:   00007eff921b9740 00007eff91db0340
0x00007ffd8f127800:   0000000000000001 0000000000000000
0x00007ffd8f127810:   0000000000000000 0000000000000002
0x00007ffd8f127820:   0000000000000000 0000000000000000
0x00007ffd8f127830:   00007eff921b8700 0000000000000000
0x00007ffd8f127840:   0000000000000246 00007eff921b8d28
0x00007ffd8f127850:   00007ffd8f127e60 00007ffd8f127dc0
0x00007ffd8f127860:   0000000000000001 00007eff921b89d0
0x00007ffd8f127870:   0000000000000000 00007eff921b9740
0x00007ffd8f127880:   00007eff921b8700 00000000000022d0
0x00007ffd8f127890:   00000000000000ca ffffffffffffffff
0x00007ffd8f1278a0:   00007ffd8f127dc0 00007eff91da9669
0x00007ffd8f1278b0:   0000000000000246 0000000000000033
0x00007ffd8f1278c0:   0000000000000000 0000000000000000
0x00007ffd8f1278d0:   0000000000000000 0000000000000000
0x00007ffd8f1278e0:   00007ffd8f1279c0 0000007700000002
0x00007ffd8f1278f0:   000000000000007c 00007ffd8f12791f
0x00007ffd8f127900:   0000000100000701 00007eff00000002
0x00007ffd8f127910:   0000000000000118 0000000000000118
0x00007ffd8f127920:   0000000000000707 0000000000000000
0x00007ffd8f127930:   000000000000000c 0000000000000000 

Instructions: (pc=0x00007eff90ef37ae)
0x00007eff90ef378e:   48 81 ec b0 00 00 00 e8 d6 d1 8f ff 44 8b 38 49
0x00007eff90ef379e:   89 c6 48 8b 05 79 14 65 00 8b 38 e8 52 db 8f ff
0x00007eff90ef37ae:   48 8b 98 28 01 00 00 8b 83 a8 00 00 00 83 e8 01
0x00007eff90ef37be:   74 20 45 89 3e 48 8b 5d d8 4c 8b 65 e0 4c 8b 6d 

Register to memory mapping:

RAX=0x0000000000000000 is an unknown value
RBX=0x00007eff921b8700 is pointing into the stack for thread: 0x00007eff8c009800
RCX=0xffffffffffffffff is an unknown value
RDX=0x00007eff921b9a60 is an unknown value
RSP=0x00007ffd8f127740 is an unknown value
RBP=0x00007ffd8f1277f0 is an unknown value
RSI=0x00007ffd8f127930 is an unknown value
RDI=0x0000000000000001 is an unknown value
R8 =0x0000000000000000 is an unknown value
R9 =0x00007eff921b8700 is pointing into the stack for thread: 0x00007eff8c009800
R10=0x0000000000000000 is an unknown value
R11=0x0000000000000246 is an unknown value
R12=0x00007ffd8f127800 is an unknown value
R13=0x00007ffd8f127930 is an unknown value
R14=0x00007eff921b96a0 is an unknown value
R15=0x0000000000000002 is an unknown value


Stack: [0x00007ffd8f02f000,0x00007ffd8f12f000],  sp=0x00007ffd8f127740,  free space=993k
Native frames: (J=compiled Java code, j=interpreted, Vv=VM code, C=native code)
V  [libjvm.so+0x9207ae]  SR_handler(int, siginfo*, ucontext*)+0x3e


---------------  P R O C E S S  ---------------

VM state:synchronizing (normal execution)

VM Mutex/Monitor currently owned by a thread:  ([mutex/lock_event])
[0x00007eff8c005fb0] Safepoint_lock - owner thread: 0x00007eff8c077800
[0x00007eff8c006030] Threads_lock - owner thread: 0x00007eff8c077800

Heap:
 PSYoungGen      total 266240K, used 150853K [0x00000000eb800000, 0x0000000100000000, 0x0000000100000000)
  eden space 251392K, 57% used [0x00000000eb800000,0x00000000f450f040,0x00000000fad80000)
  from space 14848K, 43% used [0x00000000fad80000,0x00000000fb3c2790,0x00000000fbc00000)
  to   space 24576K, 0% used [0x00000000fe800000,0x00000000fe800000,0x0000000100000000)
 ParOldGen       total 78336K, used 42141K [0x00000000c2800000, 0x00000000c7480000, 0x00000000eb800000)
  object space 78336K, 53% used [0x00000000c2800000,0x00000000c5127750,0x00000000c7480000)
 Metaspace       used 25305K, capacity 25882K, committed 26368K, reserved 1073152K
  class space    used 3011K, capacity 3263K, committed 3328K, reserved 1048576K

Card table byte_map: [0x00007eff7bbc1000,0x00007eff7bdae000] byte_map_base: 0x00007eff7b5ad000

Marking Bits: (ParMarkBitMap*) 0x00007eff91594120
 Begin Bits: [0x00007eff797b5000, 0x00007eff7a715000)
 End Bits:   [0x00007eff7a715000, 0x00007eff7b675000)

Polling page: 0x00007eff921dd000

CodeCache: size=245760Kb used=10045Kb max_used=10502Kb free=235714Kb
 bounds [0x00007eff7c16e000, 0x00007eff7cbfe000, 0x00007eff8b16e000]
 total_blobs=3478 nmethods=3033 adapters=358
 compilation: enabled

Compilation events (10 events):
Event: 7650.676 Thread 0x00007eff8c0bd000 3678       3       java.util.concurrent.ScheduledThreadPoolExecutor::schedule (50 bytes)
Event: 7650.747 Thread 0x00007eff8c0bd000 nmethod 3678 0x00007eff7ca3d9d0 code [0x00007eff7ca3dbc0, 0x00007eff7ca3e3a8]
Event: 7680.504 Thread 0x00007eff8c0bd000 3680       3       java.util.concurrent.FutureTask::finishCompletion (74 bytes)
Event: 7680.558 Thread 0x00007eff8c0bd000 nmethod 3680 0x00007eff7c45bcd0 code [0x00007eff7c45be80, 0x00007eff7c45c488]
Event: 7680.558 Thread 0x00007eff8c0bd000 3681       3       java.util.concurrent.FutureTask::done (1 bytes)
Event: 7680.563 Thread 0x00007eff8c0bd000 nmethod 3681 0x00007eff7c564110 code [0x00007eff7c564260, 0x00007eff7c5643b0]
Event: 7710.486 Thread 0x00007eff8c0bd000 3682       3       java.util.concurrent.ScheduledThreadPoolExecutor$DelayedWorkQueue::finishPoll (44 bytes)
Event: 7710.555 Thread 0x00007eff8c0bd000 nmethod 3682 0x00007eff7cae4ed0 code [0x00007eff7cae5080, 0x00007eff7cae5648]
Event: 7710.555 Thread 0x00007eff8c0bd000 3683       3       java.util.concurrent.ScheduledThreadPoolExecutor$ScheduledFutureTask::run (59 bytes)
Event: 7710.614 Thread 0x00007eff8c0bd000 nmethod 3683 0x00007eff7c8450d0 code [0x00007eff7c8452e0, 0x00007eff7c845b68]

GC Heap History (10 events):
Event: 2.071 GC heap before
{Heap before GC invocations=6 (full 0):
 PSYoungGen      total 66048K, used 66032K [0x00000000eb800000, 0x00000000f4500000, 0x0000000100000000)
  eden space 63488K, 100% used [0x00000000eb800000,0x00000000ef600000,0x00000000ef600000)
  from space 2560K, 99% used [0x00000000ef600000,0x00000000ef87c010,0x00000000ef880000)
  to   space 8704K, 0% used [0x00000000f3c80000,0x00000000f3c80000,0x00000000f4500000)
 ParOldGen       total 42496K, used 14282K [0x00000000c2800000, 0x00000000c5180000, 0x00000000eb800000)
  object space 42496K, 33% used [0x00000000c2800000,0x00000000c35f28f8,0x00000000c5180000)
 Metaspace       used 9691K, capacity 10122K, committed 10496K, reserved 1058816K
  class space    used 1040K, capacity 1193K, committed 1280K, reserved 1048576K
Event: 2.091 GC heap after
Heap after GC invocations=6 (full 0):
 PSYoungGen      total 134656K, used 8394K [0x00000000eb800000, 0x00000000f4700000, 0x0000000100000000)
  eden space 125952K, 0% used [0x00000000eb800000,0x00000000eb800000,0x00000000f3300000)
  from space 8704K, 96% used [0x00000000f3c80000,0x00000000f44b29d0,0x00000000f4500000)
  to   space 9728K, 0% used [0x00000000f3300000,0x00000000f3300000,0x00000000f3c80000)
 ParOldGen       total 42496K, used 14290K [0x00000000c2800000, 0x00000000c5180000, 0x00000000eb800000)
  object space 42496K, 33% used [0x00000000c2800000,0x00000000c35f48f8,0x00000000c5180000)
 Metaspace       used 9691K, capacity 10122K, committed 10496K, reserved 1058816K
  class space    used 1040K, capacity 1193K, committed 1280K, reserved 1048576K
}
Event: 2.710 GC heap before
{Heap before GC invocations=7 (full 0):
 PSYoungGen      total 134656K, used 134346K [0x00000000eb800000, 0x00000000f4700000, 0x0000000100000000)
  eden space 125952K, 100% used [0x00000000eb800000,0x00000000f3300000,0x00000000f3300000)
  from space 8704K, 96% used [0x00000000f3c80000,0x00000000f44b29d0,0x00000000f4500000)
  to   space 9728K, 0% used [0x00000000f3300000,0x00000000f3300000,0x00000000f3c80000)
 ParOldGen       total 42496K, used 14290K [0x00000000c2800000, 0x00000000c5180000, 0x00000000eb800000)
  object space 42496K, 33% used [0x00000000c2800000,0x00000000c35f48f8,0x00000000c5180000)
 Metaspace       used 9813K, capacity 10198K, committed 10496K, reserved 1058816K
  class space    used 1042K, capacity 1195K, committed 1280K, reserved 1048576K
Event: 2.742 GC heap after
Heap after GC invocations=7 (full 0):
 PSYoungGen      total 135680K, used 9712K [0x00000000eb800000, 0x00000000fca00000, 0x0000000100000000)
  eden space 125952K, 0% used [0x00000000eb800000,0x00000000eb800000,0x00000000f3300000)
  from space 9728K, 99% used [0x00000000f3300000,0x00000000f3c7c010,0x00000000f3c80000)
  to   space 14336K, 0% used [0x00000000fbc00000,0x00000000fbc00000,0x00000000fca00000)
 ParOldGen       total 42496K, used 20312K [0x00000000c2800000, 0x00000000c5180000, 0x00000000eb800000)
  object space 42496K, 47% used [0x00000000c2800000,0x00000000c3bd61e8,0x00000000c5180000)
 Metaspace       used 9813K, capacity 10198K, committed 10496K, reserved 1058816K
  class space    used 1042K, capacity 1195K, committed 1280K, reserved 1048576K
}
Event: 3.027 GC heap before
{Heap before GC invocations=8 (full 0):
 PSYoungGen      total 135680K, used 135664K [0x00000000eb800000, 0x00000000fca00000, 0x0000000100000000)
  eden space 125952K, 100% used [0x00000000eb800000,0x00000000f3300000,0x00000000f3300000)
  from space 9728K, 99% used [0x00000000f3300000,0x00000000f3c7c010,0x00000000f3c80000)
  to   space 14336K, 0% used [0x00000000fbc00000,0x00000000fbc00000,0x00000000fca00000)
 ParOldGen       total 42496K, used 20312K [0x00000000c2800000, 0x00000000c5180000, 0x00000000eb800000)
  object space 42496K, 47% used [0x00000000c2800000,0x00000000c3bd61e8,0x00000000c5180000)
 Metaspace       used 9841K, capacity 10198K, committed 10496K, reserved 1058816K
  class space    used 1042K, capacity 1195K, committed 1280K, reserved 1048576K
Event: 3.052 GC heap after
Heap after GC invocations=8 (full 0):
 PSYoungGen      total 265728K, used 10473K [0x00000000eb800000, 0x00000000fcb00000, 0x0000000100000000)
  eden space 251392K, 0% used [0x00000000eb800000,0x00000000eb800000,0x00000000fad80000)
  from space 14336K, 73% used [0x00000000fbc00000,0x00000000fc63a7b0,0x00000000fca00000)
  to   space 14848K, 0% used [0x00000000fad80000,0x00000000fad80000,0x00000000fbc00000)
 ParOldGen       total 42496K, used 20752K [0x00000000c2800000, 0x00000000c5180000, 0x00000000eb800000)
  object space 42496K, 48% used [0x00000000c2800000,0x00000000c3c441e8,0x00000000c5180000)
 Metaspace       used 9841K, capacity 10198K, committed 10496K, reserved 1058816K
  class space    used 1042K, capacity 1195K, committed 1280K, reserved 1048576K
}
Event: 4.198 GC heap before
{Heap before GC invocations=9 (full 0):
 PSYoungGen      total 265728K, used 261865K [0x00000000eb800000, 0x00000000fcb00000, 0x0000000100000000)
  eden space 251392K, 100% used [0x00000000eb800000,0x00000000fad80000,0x00000000fad80000)
  from space 14336K, 73% used [0x00000000fbc00000,0x00000000fc63a7b0,0x00000000fca00000)
  to   space 14848K, 0% used [0x00000000fad80000,0x00000000fad80000,0x00000000fbc00000)
 ParOldGen       total 42496K, used 20752K [0x00000000c2800000, 0x00000000c5180000, 0x00000000eb800000)
  object space 42496K, 48% used [0x00000000c2800000,0x00000000c3c441e8,0x00000000c5180000)
 Metaspace       used 15476K, capacity 15934K, committed 16256K, reserved 1062912K
  class space    used 1684K, capacity 1852K, committed 1920K, reserved 1048576K
Event: 4.235 GC heap after
Heap after GC invocations=9 (full 0):
 PSYoungGen      total 266240K, used 14818K [0x00000000eb800000, 0x0000000100000000, 0x0000000100000000)
  eden space 251392K, 0% used [0x00000000eb800000,0x00000000eb800000,0x00000000fad80000)
  from space 14848K, 99% used [0x00000000fad80000,0x00000000fbbf89f8,0x00000000fbc00000)
  to   space 24576K, 0% used [0x00000000fe800000,0x00000000fe800000,0x0000000100000000)
 ParOldGen       total 42496K, used 39135K [0x00000000c2800000, 0x00000000c5180000, 0x00000000eb800000)
  object space 42496K, 92% used [0x00000000c2800000,0x00000000c4e37fb8,0x00000000c5180000)
 Metaspace       used 15476K, capacity 15934K, committed 16256K, reserved 1062912K
  class space    used 1684K, capacity 1852K, committed 1920K, reserved 1048576K
}
Event: 4.235 GC heap before
{Heap before GC invocations=10 (full 1):
 PSYoungGen      total 266240K, used 14818K [0x00000000eb800000, 0x0000000100000000, 0x0000000100000000)
  eden space 251392K, 0% used [0x00000000eb800000,0x00000000eb800000,0x00000000fad80000)
  from space 14848K, 99% used [0x00000000fad80000,0x00000000fbbf89f8,0x00000000fbc00000)
  to   space 24576K, 0% used [0x00000000fe800000,0x00000000fe800000,0x0000000100000000)
 ParOldGen       total 42496K, used 39135K [0x00000000c2800000, 0x00000000c5180000, 0x00000000eb800000)
  object space 42496K, 92% used [0x00000000c2800000,0x00000000c4e37fb8,0x00000000c5180000)
 Metaspace       used 15476K, capacity 15934K, committed 16256K, reserved 1062912K
  class space    used 1684K, capacity 1852K, committed 1920K, reserved 1048576K
Event: 4.375 GC heap after
Heap after GC invocations=10 (full 1):
 PSYoungGen      total 266240K, used 6409K [0x00000000eb800000, 0x0000000100000000, 0x0000000100000000)
  eden space 251392K, 0% used [0x00000000eb800000,0x00000000eb800000,0x00000000fad80000)
  from space 14848K, 43% used [0x00000000fad80000,0x00000000fb3c2790,0x00000000fbc00000)
  to   space 24576K, 0% used [0x00000000fe800000,0x00000000fe800000,0x0000000100000000)
 ParOldGen       total 78336K, used 42141K [0x00000000c2800000, 0x00000000c7480000, 0x00000000eb800000)
  object space 78336K, 53% used [0x00000000c2800000,0x00000000c5127750,0x00000000c7480000)
 Metaspace       used 15476K, capacity 15934K, committed 16256K, reserved 1062912K
  class space    used 1684K, capacity 1852K, committed 1920K, reserved 1048576K
}

Deoptimization events (10 events):
Event: 4.743 Thread 0x00007eff8c009800 Uncommon trap: reason=unstable_if action=reinterpret pc=0x00007eff7c8ff168 method=java.util.StringTokenizer.setMaxDelimCodePoint()V @ 71
Event: 4.750 Thread 0x00007eff8c009800 Uncommon trap: reason=unstable_if action=reinterpret pc=0x00007eff7cb0c02c method=java.lang.ThreadLocal$ThreadLocalMap.getEntry(Ljava/lang/ThreadLocal;)Ljava/lang/ThreadLocal$ThreadLocalMap$Entry; @ 29
Event: 4.750 Thread 0x00007eff8c009800 Uncommon trap: reason=unstable_if action=reinterpret pc=0x00007eff7cb09f6c method=java.lang.ThreadLocal$ThreadLocalMap.getEntry(Ljava/lang/ThreadLocal;)Ljava/lang/ThreadLocal$ThreadLocalMap$Entry; @ 29
Event: 4.845 Thread 0x00007eff8c009800 Uncommon trap: reason=unstable_if action=reinterpret pc=0x00007eff7cb7bd38 method=org.eclipse.jetty.webapp.ClasspathPattern.match(Ljava/lang/String;)Z @ 76
Event: 13.728 Thread 0x00007eff8c607000 Uncommon trap: reason=unstable_if action=reinterpret pc=0x00007eff7c2e7e20 method=java.lang.CharacterDataLatin1.isWhitespace(I)Z @ 14
Event: 13.735 Thread 0x00007eff8c607000 Uncommon trap: reason=unstable_if action=reinterpret pc=0x00007eff7cba1fac method=java.util.concurrent.ConcurrentHashMap.putVal(Ljava/lang/Object;Ljava/lang/Object;Z)Ljava/lang/Object; @ 206
Event: 174.513 Thread 0x00007eff8c929000 Uncommon trap: reason=unstable_if action=reinterpret pc=0x00007eff7cace79c method=sun.nio.fs.UnixPath.initOffsets()V @ 15
Event: 179.651 Thread 0x00007eff8c610000 Uncommon trap: reason=unstable_if action=reinterpret pc=0x00007eff7c2e6c14 method=java.util.concurrent.ConcurrentHashMap.transfer([Ljava/util/concurrent/ConcurrentHashMap$Node;[Ljava/util/concurrent/ConcurrentHashMap$Node;)V @ 277
Event: 180.379 Thread 0x00007eff8c929000 Uncommon trap: reason=class_check action=maybe_recompile pc=0x00007eff7c828b30 method=java.util.WeakHashMap.eq(Ljava/lang/Object;Ljava/lang/Object;)Z @ 7
Event: 180.438 Thread 0x00007eff8c929000 Uncommon trap: reason=unstable_if action=reinterpret pc=0x00007eff7c923c80 method=com.sun.org.apache.xerces.internal.impl.XMLDocumentFragmentScannerImpl$FragmentContentDriver.next()I @ 971

Internal exceptions (10 events):
Event: 180.199 Thread 0x00007eff8c929000 Exception <a 'sun/nio/fs/UnixException'> (0x00000000eed748a0) thrown at [/HUDSON3/workspace/8-2-build-linux-amd64/jdk8u101/7261/hotspot/src/share/vm/prims/jni.cpp, line 709]
Event: 180.199 Thread 0x00007eff8c929000 Exception <a 'sun/nio/fs/UnixException'> (0x00000000eed74ce0) thrown at [/HUDSON3/workspace/8-2-build-linux-amd64/jdk8u101/7261/hotspot/src/share/vm/prims/jni.cpp, line 709]
Event: 180.199 Thread 0x00007eff8c929000 Exception <a 'sun/nio/fs/UnixException'> (0x00000000eed751b0) thrown at [/HUDSON3/workspace/8-2-build-linux-amd64/jdk8u101/7261/hotspot/src/share/vm/prims/jni.cpp, line 709]
Event: 180.521 Thread 0x0000000000be8800 Exception <a 'sun/nio/fs/UnixException'> (0x00000000f4298be8) thrown at [/HUDSON3/workspace/8-2-build-linux-amd64/jdk8u101/7261/hotspot/src/share/vm/prims/jni.cpp, line 709]
Event: 180.521 Thread 0x0000000000be8800 Exception <a 'sun/nio/fs/UnixException'> (0x00000000f4299098) thrown at [/HUDSON3/workspace/8-2-build-linux-amd64/jdk8u101/7261/hotspot/src/share/vm/prims/jni.cpp, line 709]
Event: 180.522 Thread 0x0000000000be8800 Exception <a 'sun/nio/fs/UnixException'> (0x00000000f42993f0) thrown at [/HUDSON3/workspace/8-2-build-linux-amd64/jdk8u101/7261/hotspot/src/share/vm/prims/jni.cpp, line 709]
Event: 180.523 Thread 0x0000000000be8800 Exception <a 'sun/nio/fs/UnixException'> (0x00000000f4299748) thrown at [/HUDSON3/workspace/8-2-build-linux-amd64/jdk8u101/7261/hotspot/src/share/vm/prims/jni.cpp, line 709]
Event: 180.523 Thread 0x0000000000be8800 Exception <a 'sun/nio/fs/UnixException'> (0x00000000f4299aa0) thrown at [/HUDSON3/workspace/8-2-build-linux-amd64/jdk8u101/7261/hotspot/src/share/vm/prims/jni.cpp, line 709]
Event: 180.523 Thread 0x0000000000be8800 Exception <a 'sun/nio/fs/UnixException'> (0x00000000f4299df8) thrown at [/HUDSON3/workspace/8-2-build-linux-amd64/jdk8u101/7261/hotspot/src/share/vm/prims/jni.cpp, line 709]
Event: 180.524 Thread 0x0000000000be8800 Exception <a 'sun/nio/fs/UnixException'> (0x00000000f429a150) thrown at [/HUDSON3/workspace/8-2-build-linux-amd64/jdk8u101/7261/hotspot/src/share/vm/prims/jni.cpp, line 709]

Events (10 events):
Event: 1320.203 Thread 0x00007eff8c0bd000 flushing nmethod 0x00007eff7cae4710
Event: 1320.453 Thread 0x00007eff8c0bd000 flushing nmethod 0x00007eff7caf5dd0
Event: 1320.453 Thread 0x00007eff8c0bd000 flushing nmethod 0x00007eff7cb09d50
Event: 1320.453 Thread 0x00007eff8c0bd000 flushing nmethod 0x00007eff7cb0bdd0
Event: 1320.454 Thread 0x00007eff8c0bd000 flushing nmethod 0x00007eff7cb7b1d0
Event: 1320.454 Thread 0x00007eff8c0bd000 flushing nmethod 0x00007eff7cba0f50
Event: 8064.149 Executing VM operation: RevokeBias
Event: 8066.531 Executing VM operation: RevokeBias done
Event: 8066.646 Executing VM operation: BulkRevokeBias
Event: 8066.933 Executing VM operation: BulkRevokeBias done


Dynamic libraries:
00400000-00401000 r-xp 00000000 08:03 1084171                            /usr/lib/jvm/jdk1.8.0_101/bin/java
00600000-00601000 rw-p 00000000 08:03 1084171                            /usr/lib/jvm/jdk1.8.0_101/bin/java
00b04000-00f2a000 rw-p 00000000 00:00 0                                  [heap]
c2800000-c7480000 rw-p 00000000 00:00 0 
c7480000-eb800000 ---p 00000000 00:00 0 
eb800000-100000000 rw-p 00000000 00:00 0 
100000000-100340000 rw-p 00000000 00:00 0 
100340000-140000000 ---p 00000000 00:00 0 
7efef4000000-7efef4021000 rw-p 00000000 00:00 0 
7efef4021000-7efef8000000 ---p 00000000 00:00 0 
7efefc000000-7efefcb85000 rw-p 00000000 00:00 0 
7efefcb85000-7eff00000000 ---p 00000000 00:00 0 
7eff00000000-7eff00021000 rw-p 00000000 00:00 0 
7eff00021000-7eff04000000 ---p 00000000 00:00 0 
7eff04000000-7eff050b0000 rw-p 00000000 00:00 0 
7eff050b0000-7eff08000000 ---p 00000000 00:00 0 
7eff08000000-7eff08d2f000 rw-p 00000000 00:00 0 
7eff08d2f000-7eff0c000000 ---p 00000000 00:00 0 
7eff0c000000-7eff0d6fd000 rw-p 00000000 00:00 0 
7eff0d6fd000-7eff10000000 ---p 00000000 00:00 0 
7eff10000000-7eff11dbf000 rw-p 00000000 00:00 0 
7eff11dbf000-7eff14000000 ---p 00000000 00:00 0 
7eff14000000-7eff15c66000 rw-p 00000000 00:00 0 
7eff15c66000-7eff18000000 ---p 00000000 00:00 0 
7eff18000000-7eff196b7000 rw-p 00000000 00:00 0 
7eff196b7000-7eff1c000000 ---p 00000000 00:00 0 
7eff1c000000-7eff1c021000 rw-p 00000000 00:00 0 
7eff1c021000-7eff20000000 ---p 00000000 00:00 0 
7eff20000000-7eff21345000 rw-p 00000000 00:00 0 
7eff21345000-7eff24000000 ---p 00000000 00:00 0 
7eff24000000-7eff24021000 rw-p 00000000 00:00 0 
7eff24021000-7eff28000000 ---p 00000000 00:00 0 
7eff28000000-7eff28021000 rw-p 00000000 00:00 0 
7eff28021000-7eff2c000000 ---p 00000000 00:00 0 
7eff2c000000-7eff2c021000 rw-p 00000000 00:00 0 
7eff2c021000-7eff30000000 ---p 00000000 00:00 0 
7eff30000000-7eff30021000 rw-p 00000000 00:00 0 
7eff30021000-7eff34000000 ---p 00000000 00:00 0 
7eff34000000-7eff34021000 rw-p 00000000 00:00 0 
7eff34021000-7eff38000000 ---p 00000000 00:00 0 
7eff38000000-7eff38021000 rw-p 00000000 00:00 0 
7eff38021000-7eff3c000000 ---p 00000000 00:00 0 
7eff3c000000-7eff3c021000 rw-p 00000000 00:00 0 
7eff3c021000-7eff40000000 ---p 00000000 00:00 0 
7eff40000000-7eff40021000 rw-p 00000000 00:00 0 
7eff40021000-7eff44000000 ---p 00000000 00:00 0 
7eff44000000-7eff45d39000 rw-p 00000000 00:00 0 
7eff45d39000-7eff48000000 ---p 00000000 00:00 0 
7eff48000000-7eff4898e000 rw-p 00000000 00:00 0 
7eff4898e000-7eff4c000000 ---p 00000000 00:00 0 
7eff4c000000-7eff4c021000 rw-p 00000000 00:00 0 
7eff4c021000-7eff50000000 ---p 00000000 00:00 0 
7eff50000000-7eff51963000 rw-p 00000000 00:00 0 
7eff51963000-7eff54000000 ---p 00000000 00:00 0 
7eff54000000-7eff54021000 rw-p 00000000 00:00 0 
7eff54021000-7eff58000000 ---p 00000000 00:00 0 
7eff58000000-7eff58021000 rw-p 00000000 00:00 0 
7eff58021000-7eff5c000000 ---p 00000000 00:00 0 
7eff5c000000-7eff5c021000 rw-p 00000000 00:00 0 
7eff5c021000-7eff60000000 ---p 00000000 00:00 0 
7eff60000000-7eff60082000 rw-p 00000000 00:00 0 
7eff60082000-7eff64000000 ---p 00000000 00:00 0 
7eff64000000-7eff64021000 rw-p 00000000 00:00 0 
7eff64021000-7eff68000000 ---p 00000000 00:00 0 
7eff6abb5000-7eff6abb8000 ---p 00000000 00:00 0 
7eff6abb8000-7eff6ad36000 rw-p 00000000 00:00 0                          [stack:10343]
7eff6ad36000-7eff6aeb6000 ---p 00000000 00:00 0 
7eff6aeb6000-7eff6b0b6000 rw-p 00000000 00:00 0 
7eff6b0b6000-7eff6b0b9000 ---p 00000000 00:00 0 
7eff6b0b9000-7eff6b3b7000 rw-p 00000000 00:00 0 
7eff6b3b7000-7eff6b3bc000 r-xp 00000000 08:03 797029                     /usr/lib/x86_64-linux-gnu/libXdmcp.so.6.0.0
7eff6b3bc000-7eff6b5bb000 ---p 00005000 08:03 797029                     /usr/lib/x86_64-linux-gnu/libXdmcp.so.6.0.0
7eff6b5bb000-7eff6b5bc000 r--p 00004000 08:03 797029                     /usr/lib/x86_64-linux-gnu/libXdmcp.so.6.0.0
7eff6b5bc000-7eff6b5bd000 rw-p 00005000 08:03 797029                     /usr/lib/x86_64-linux-gnu/libXdmcp.so.6.0.0
7eff6b5bd000-7eff6b5bf000 r-xp 00000000 08:03 797018                     /usr/lib/x86_64-linux-gnu/libXau.so.6.0.0
7eff6b5bf000-7eff6b7bf000 ---p 00002000 08:03 797018                     /usr/lib/x86_64-linux-gnu/libXau.so.6.0.0
7eff6b7bf000-7eff6b7c0000 r--p 00002000 08:03 797018                     /usr/lib/x86_64-linux-gnu/libXau.so.6.0.0
7eff6b7c0000-7eff6b7c1000 rw-p 00003000 08:03 797018                     /usr/lib/x86_64-linux-gnu/libXau.so.6.0.0
7eff6b7c1000-7eff6b7de000 r-xp 00000000 08:03 798086                     /usr/lib/x86_64-linux-gnu/libxcb.so.1.1.0
7eff6b7de000-7eff6b9de000 ---p 0001d000 08:03 798086                     /usr/lib/x86_64-linux-gnu/libxcb.so.1.1.0
7eff6b9de000-7eff6b9df000 r--p 0001d000 08:03 798086                     /usr/lib/x86_64-linux-gnu/libxcb.so.1.1.0
7eff6b9df000-7eff6b9e0000 rw-p 0001e000 08:03 798086                     /usr/lib/x86_64-linux-gnu/libxcb.so.1.1.0
7eff6b9e0000-7eff6b9ef000 r-xp 00000000 08:03 790248                     /usr/lib/x86_64-linux-gnu/libXi.so.6.1.0
7eff6b9ef000-7eff6bbee000 ---p 0000f000 08:03 790248                     /usr/lib/x86_64-linux-gnu/libXi.so.6.1.0
7eff6bbee000-7eff6bbef000 r--p 0000e000 08:03 790248                     /usr/lib/x86_64-linux-gnu/libXi.so.6.1.0
7eff6bbef000-7eff6bbf0000 rw-p 0000f000 08:03 790248                     /usr/lib/x86_64-linux-gnu/libXi.so.6.1.0
7eff6bbf0000-7eff6bbf5000 r-xp 00000000 08:03 797059                     /usr/lib/x86_64-linux-gnu/libXtst.so.6.1.0
7eff6bbf5000-7eff6bdf4000 ---p 00005000 08:03 797059                     /usr/lib/x86_64-linux-gnu/libXtst.so.6.1.0
7eff6bdf4000-7eff6bdf5000 r--p 00004000 08:03 797059                     /usr/lib/x86_64-linux-gnu/libXtst.so.6.1.0
7eff6bdf5000-7eff6bdf6000 rw-p 00005000 08:03 797059                     /usr/lib/x86_64-linux-gnu/libXtst.so.6.1.0
7eff6bdf6000-7eff6bdff000 r-xp 00000000 08:03 787004                     /usr/lib/x86_64-linux-gnu/libXrender.so.1.3.0
7eff6bdff000-7eff6bffe000 ---p 00009000 08:03 787004                     /usr/lib/x86_64-linux-gnu/libXrender.so.1.3.0
7eff6bffe000-7eff6bfff000 r--p 00008000 08:03 787004                     /usr/lib/x86_64-linux-gnu/libXrender.so.1.3.0
7eff6bfff000-7eff6c000000 rw-p 00009000 08:03 787004                     /usr/lib/x86_64-linux-gnu/libXrender.so.1.3.0
7eff6c000000-7eff6c021000 rw-p 00000000 00:00 0 
7eff6c021000-7eff70000000 ---p 00000000 00:00 0 
7eff70023000-7eff70026000 ---p 00000000 00:00 0 
7eff70026000-7eff70124000 rw-p 00000000 00:00 0                          [stack:10342]
7eff70124000-7eff70254000 r-xp 00000000 08:03 797014                     /usr/lib/x86_64-linux-gnu/libX11.so.6.3.0
7eff70254000-7eff70454000 ---p 00130000 08:03 797014                     /usr/lib/x86_64-linux-gnu/libX11.so.6.3.0
7eff70454000-7eff70455000 r--p 00130000 08:03 797014                     /usr/lib/x86_64-linux-gnu/libX11.so.6.3.0
7eff70455000-7eff70459000 rw-p 00131000 08:03 797014                     /usr/lib/x86_64-linux-gnu/libX11.so.6.3.0
7eff70459000-7eff7046a000 r-xp 00000000 08:03 787732                     /usr/lib/x86_64-linux-gnu/libXext.so.6.4.0
7eff7046a000-7eff70669000 ---p 00011000 08:03 787732                     /usr/lib/x86_64-linux-gnu/libXext.so.6.4.0
7eff70669000-7eff7066a000 r--p 00010000 08:03 787732                     /usr/lib/x86_64-linux-gnu/libXext.so.6.4.0
7eff7066a000-7eff7066b000 rw-p 00011000 08:03 787732                     /usr/lib/x86_64-linux-gnu/libXext.so.6.4.0
7eff7068c000-7eff706e0000 r-xp 00000000 08:03 1084247                    /usr/lib/jvm/jdk1.8.0_101/jre/lib/amd64/libawt_xawt.so
7eff706e0000-7eff708e0000 ---p 00054000 08:03 1084247                    /usr/lib/jvm/jdk1.8.0_101/jre/lib/amd64/libawt_xawt.so
7eff708e0000-7eff708e4000 rw-p 00054000 08:03 1084247                    /usr/lib/jvm/jdk1.8.0_101/jre/lib/amd64/libawt_xawt.so
7eff708e4000-7eff708e5000 rw-p 00000000 00:00 0 
7eff708e5000-7eff70987000 r-xp 00000000 08:03 1084277                    /usr/lib/jvm/jdk1.8.0_101/jre/lib/amd64/libawt.so
7eff70987000-7eff70b87000 ---p 000a2000 08:03 1084277                    /usr/lib/jvm/jdk1.8.0_101/jre/lib/amd64/libawt.so
7eff70b87000-7eff70b93000 rw-p 000a2000 08:03 1084277                    /usr/lib/jvm/jdk1.8.0_101/jre/lib/amd64/libawt.so
7eff70b93000-7eff70bb7000 rw-p 00000000 00:00 0 
7eff70bb7000-7eff70bbc000 r--s 002f9000 08:03 1084197                    /usr/lib/jvm/jdk1.8.0_101/jre/lib/charsets.jar
7eff70bbc000-7eff70bbf000 ---p 00000000 00:00 0 
7eff70bbf000-7eff70ebd000 rw-p 00000000 00:00 0                          [stack:10341]
7eff70ebd000-7eff70ed8000 r--s 001d2000 08:03 1084294                    /usr/lib/jvm/jdk1.8.0_101/jre/lib/ext/nashorn.jar
7eff70ed8000-7eff710d8000 rw-p 00000000 00:00 0 
7eff710d8000-7eff710df000 r--s 0003a000 08:04 1979086                    /home/li/.m2/repository/commons-codec/commons-codec/1.9/commons-codec-1.9.jar
7eff710df000-7eff710ec000 r--s 000a7000 08:04 1979082                    /home/li/.m2/repository/org/apache/httpcomponents/httpclient/4.5.2/httpclient-4.5.2.jar
7eff710ec000-7eff710f3000 r--s 00049000 08:04 1979079                    /home/li/.m2/repository/org/apache/httpcomponents/httpcore/4.4.4/httpcore-4.4.4.jar
7eff710f3000-7eff7110b000 r--s 000f7000 08:04 1979081                    /home/li/.m2/repository/org/apache/logging/log4j/log4j-core/2.5/log4j-core-2.5.jar
7eff7110b000-7eff7130b000 rw-p 00000000 00:00 0 
7eff7130b000-7eff7130e000 ---p 00000000 00:00 0 
7eff7130e000-7eff7140c000 rw-p 00000000 00:00 0                          [stack:8956]
7eff7140c000-7eff7140f000 ---p 00000000 00:00 0 
7eff7140f000-7eff7150d000 rw-p 00000000 00:00 0                          [stack:8955]
7eff7150d000-7eff71510000 ---p 00000000 00:00 0 
7eff71510000-7eff7160e000 rw-p 00000000 00:00 0                          [stack:8954]
7eff7160e000-7eff71611000 ---p 00000000 00:00 0 
7eff71611000-7eff7170f000 rw-p 00000000 00:00 0                          [stack:8953]
7eff7170f000-7eff71712000 ---p 00000000 00:00 0 
7eff71712000-7eff71810000 rw-p 00000000 00:00 0                          [stack:8952]
7eff71810000-7eff71813000 ---p 00000000 00:00 0 
7eff71813000-7eff71911000 rw-p 00000000 00:00 0                          [stack:8951]
7eff71911000-7eff71914000 ---p 00000000 00:00 0 
7eff71914000-7eff71a12000 rw-p 00000000 00:00 0                          [stack:8950]
7eff71a12000-7eff71a15000 ---p 00000000 00:00 0 
7eff71a15000-7eff71b13000 rw-p 00000000 00:00 0                          [stack:8949]
7eff71b13000-7eff71b29000 r-xp 00000000 08:03 1084222                    /usr/lib/jvm/jdk1.8.0_101/jre/lib/amd64/libnet.so
7eff71b29000-7eff71d29000 ---p 00016000 08:03 1084222                    /usr/lib/jvm/jdk1.8.0_101/jre/lib/amd64/libnet.so
7eff71d29000-7eff71d2a000 rw-p 00016000 08:03 1084222                    /usr/lib/jvm/jdk1.8.0_101/jre/lib/amd64/libnet.so
7eff71d2a000-7eff71d3b000 r-xp 00000000 08:03 1084245                    /usr/lib/jvm/jdk1.8.0_101/jre/lib/amd64/libnio.so
7eff71d3b000-7eff71f3a000 ---p 00011000 08:03 1084245                    /usr/lib/jvm/jdk1.8.0_101/jre/lib/amd64/libnio.so
7eff71f3a000-7eff71f3b000 rw-p 00010000 08:03 1084245                    /usr/lib/jvm/jdk1.8.0_101/jre/lib/amd64/libnio.so
7eff71f3b000-7eff7213b000 rw-p 00000000 00:00 0 
7eff7213b000-7eff72144000 r-xp 00000000 08:03 1084256                    /usr/lib/jvm/jdk1.8.0_101/jre/lib/amd64/libmanagement.so
7eff72144000-7eff72343000 ---p 00009000 08:03 1084256                    /usr/lib/jvm/jdk1.8.0_101/jre/lib/amd64/libmanagement.so
7eff72343000-7eff72344000 rw-p 00008000 08:03 1084256                    /usr/lib/jvm/jdk1.8.0_101/jre/lib/amd64/libmanagement.so
7eff72344000-7eff72346000 r--s 0001a000 08:04 2634004                    /home/li/.m2/repository/org/eclipse/jetty/jetty-webapp/9.3.10.v20160621/jetty-webapp-9.3.10.v20160621.jar
7eff72346000-7eff7234d000 r--s 00063000 08:04 2634003                    /home/li/.m2/repository/org/eclipse/jetty/jetty-util/9.3.10.v20160621/jetty-util-9.3.10.v20160621.jar
7eff7234d000-7eff7234f000 r--s 00004000 08:04 668245                     /home/li/.m2/repository/org/apache/maven/plugin-tools/maven-plugin-tools-api/3.4/maven-plugin-tools-api-3.4.jar
7eff7234f000-7eff72350000 rw-p 00000000 00:00 0 
7eff72350000-7eff72352000 r--s 0000e000 08:04 1979084                    /home/li/.m2/repository/commons-logging/commons-logging/1.2/commons-logging-1.2.jar
7eff72352000-7eff72354000 r--s 00000000 08:04 1979069                    /home/li/.m2/repository/cn/leancloud/leancloud-utils/0.1.1/leancloud-utils-0.1.1.jar
7eff72354000-7eff7235b000 r--s 0005b000 08:04 2107869                    /home/li/.m2/repository/cn/leancloud/leancloud-common/0.1.4/leancloud-common-0.1.4.jar
7eff7235b000-7eff7235d000 r--s 0000f000 08:04 1979067                    /home/li/.m2/repository/cn/leancloud/android/okio/1.6.0-leancloud/okio-1.6.0-leancloud.jar
7eff7235d000-7eff72363000 r--s 0004b000 08:04 1979068                    /home/li/.m2/repository/cn/leancloud/android/okhttp/2.6.0-leancloud/okhttp-2.6.0-leancloud.jar
7eff72363000-7eff72365000 r--s 0000b000 08:04 1979080                    /home/li/.m2/repository/org/json/json/20160212/json-20160212.jar
7eff72365000-7eff72368000 r--s 00021000 08:04 1849124                    /home/li/.m2/repository/org/apache/logging/log4j/log4j-api/2.5/log4j-api-2.5.jar
7eff72368000-7eff7236e000 r--s 00053000 08:04 1452375                    /home/li/.m2/repository/cn/leancloud/android/fastjson/1.1.40-leancloud/fastjson-1.1.40-leancloud.jar
7eff7236e000-7eff7236f000 r--s 00002000 08:04 2107865                    /home/li/.m2/repository/cn/leancloud/java/java-sdk/0.1.3/java-sdk-0.1.3.jar
7eff7236f000-7eff72371000 r--s 0000a000 08:04 2107866                    /home/li/.m2/repository/cn/leancloud/leanengine/0.1.8/leanengine-0.1.8.jar
7eff72371000-7eff72378000 r--s 00000000 08:03 1185178                    /usr/lib/x86_64-linux-gnu/gconv/gconv-modules.cache
7eff72378000-7eff7238c000 r--p 00000000 08:03 1187024                    /usr/share/locale-langpack/zh_CN/LC_MESSAGES/libc.mo
7eff7238c000-7eff7238f000 ---p 00000000 00:00 0 
7eff7238f000-7eff7248d000 rw-p 00000000 00:00 0                          [stack:8948]
7eff7248d000-7eff72492000 r--s 0002e000 08:04 668249                     /home/li/.m2/repository/org/apache/taglibs/taglibs-standard-impl/1.2.5/taglibs-standard-impl-1.2.5.jar
7eff72492000-7eff72494000 r--s 00008000 08:04 668247                     /home/li/.m2/repository/org/apache/taglibs/taglibs-standard-spec/1.2.5/taglibs-standard-spec-1.2.5.jar
7eff72494000-7eff72495000 r--s 00000000 08:04 2504261                    /home/li/.m2/repository/org/eclipse/jetty/apache-jstl/9.3.10.v20160621/apache-jstl-9.3.10.v20160621.jar
7eff72495000-7eff724a7000 r--s 00223000 08:04 1723103                    /home/li/.m2/repository/org/eclipse/jdt/core/compiler/ecj/4.4.2/ecj-4.4.2.jar
7eff724a7000-7eff724ab000 r--s 00037000 08:04 801691                     /home/li/.m2/repository/org/mortbay/jasper/apache-el/8.0.33/apache-el-8.0.33.jar
7eff724ab000-7eff724b8000 r--s 000df000 08:04 2634025                    /home/li/.m2/repository/org/mortbay/jasper/apache-jsp/8.0.33/apache-jsp-8.0.33.jar
7eff724b8000-7eff724ba000 r--s 0002d000 08:04 1061880                    /home/li/.m2/repository/org/eclipse/jetty/toolchain/jetty-schemas/3.1/jetty-schemas-3.1.jar
7eff724ba000-7eff724bb000 r--s 00002000 08:04 1723101                    /home/li/.m2/repository/org/eclipse/jetty/apache-jsp/9.3.10.v20160621/apache-jsp-9.3.10.v20160621.jar
7eff724bb000-7eff724bc000 r--s 00004000 08:04 1587538                    /home/li/.m2/repository/org/eclipse/jetty/websocket/websocket-servlet/9.3.10.v20160621/websocket-servlet-9.3.10.v20160621.jar
7eff724bc000-7eff724bd000 r--s 00006000 08:04 1452526                    /home/li/.m2/repository/org/eclipse/jetty/websocket/websocket-server/9.3.10.v20160621/websocket-server-9.3.10.v20160621.jar
7eff724bd000-7eff724bf000 r--s 00007000 08:04 2240174                    /home/li/.m2/repository/javax/websocket/javax.websocket-api/1.0/javax.websocket-api-1.0.jar
7eff724bf000-7eff724c2000 r--s 00009000 08:04 1190142                    /home/li/.m2/repository/org/eclipse/jetty/websocket/websocket-api/9.3.10.v20160621/websocket-api-9.3.10.v20160621.jar
7eff724c2000-7eff724c7000 r--s 0002a000 08:04 1190141                    /home/li/.m2/repository/org/eclipse/jetty/websocket/websocket-common/9.3.10.v20160621/websocket-common-9.3.10.v20160621.jar
7eff724c7000-7eff724c8000 r--s 00008000 08:04 1190143                    /home/li/.m2/repository/org/eclipse/jetty/websocket/websocket-client/9.3.10.v20160621/websocket-client-9.3.10.v20160621.jar
7eff724c8000-7eff724cd000 r--s 00022000 08:04 1190140                    /home/li/.m2/repository/org/eclipse/jetty/websocket/javax-websocket-client-impl/9.3.10.v20160621/javax-websocket-client-impl-9.3.10.v20160621.jar
7eff724cd000-7eff724cf000 r--s 00007000 08:04 1587536                    /home/li/.m2/repository/org/eclipse/jetty/websocket/javax-websocket-server-impl/9.3.10.v20160621/javax-websocket-server-impl-9.3.10.v20160621.jar
7eff724cf000-7eff724d1000 r--s 00008000 08:04 1061876                    /home/li/.m2/repository/org/eclipse/jetty/jetty-jaas/9.3.10.v20160621/jetty-jaas-9.3.10.v20160621.jar
7eff724d1000-7eff724d3000 r--s 00006000 08:04 801692                     /home/li/.m2/repository/javax/transaction/javax.transaction-api/1.2/javax.transaction-api-1.2.jar
7eff724d3000-7eff724d5000 r--s 00006000 08:04 2634020                    /home/li/.m2/repository/org/ow2/asm/asm-tree/5.0.1/asm-tree-5.0.1.jar
7eff724d5000-7eff724d7000 r--s 00009000 08:04 2634019                    /home/li/.m2/repository/org/ow2/asm/asm-commons/5.0.1/asm-commons-5.0.1.jar
7eff724d7000-7eff724d8000 r--s 0000c000 08:04 2634018                    /home/li/.m2/repository/org/ow2/asm/asm/5.0.1/asm-5.0.1.jar
7eff724d8000-7eff724da000 r--s 00005000 08:04 2108460                    /home/li/.m2/repository/javax/annotation/javax.annotation-api/1.2/javax.annotation-api-1.2.jar
7eff724da000-7eff724dc000 r--s 00012000 08:04 2634017                    /home/li/.m2/repository/org/eclipse/jetty/jetty-annotations/9.3.10.v20160621/jetty-annotations-9.3.10.v20160621.jar
7eff724dc000-7eff724dd000 r--s 00009000 08:04 2634012                    /home/li/.m2/repository/org/eclipse/jetty/jetty-jndi/9.3.10.v20160621/jetty-jndi-9.3.10.v20160621.jar
7eff724dd000-7eff724df000 r--s 0000c000 08:04 2634010                    /home/li/.m2/repository/org/eclipse/jetty/jetty-plus/9.3.10.v20160621/jetty-plus-9.3.10.v20160621.jar
7eff724df000-7eff724e0000 r--s 00005000 08:04 2634015                    /home/li/.m2/repository/org/eclipse/jetty/jetty-jmx/9.3.10.v20160621/jetty-jmx-9.3.10.v20160621.jar
7eff724e0000-7eff724e2000 r--s 00007000 08:04 2634008                    /home/li/.m2/repository/org/eclipse/jetty/jetty-quickstart/9.3.10.v20160621/jetty-quickstart-9.3.10.v20160621.jar
7eff724e2000-7eff724e5000 r--s 00019000 08:04 1723099                    /home/li/.m2/repository/org/eclipse/jetty/jetty-io/9.3.10.v20160621/jetty-io-9.3.10.v20160621.jar
7eff724e5000-7eff724e8000 r--s 00021000 08:04 1587534                    /home/li/.m2/repository/org/eclipse/jetty/jetty-http/9.3.10.v20160621/jetty-http-9.3.10.v20160621.jar
7eff724e8000-7eff724eb000 r--s 00015000 08:04 2107877                    /home/li/.m2/repository/javax/servlet/javax.servlet-api/3.1.0/javax.servlet-api-3.1.0.jar
7eff724eb000-7eff724f2000 r--s 00072000 08:04 1190139                    /home/li/.m2/repository/org/eclipse/jetty/jetty-server/9.3.10.v20160621/jetty-server-9.3.10.v20160621.jar
7eff724f2000-7eff724f5000 r--s 00015000 08:04 1061878                    /home/li/.m2/repository/org/eclipse/jetty/jetty-security/9.3.10.v20160621/jetty-security-9.3.10.v20160621.jar
7eff724f5000-7eff724f7000 r--s 0001b000 08:04 801689                     /home/li/.m2/repository/org/eclipse/jetty/jetty-servlet/9.3.10.v20160621/jetty-servlet-9.3.10.v20160621.jar
7eff724f7000-7eff724f9000 r--s 0000b000 08:04 2634005                    /home/li/.m2/repository/org/eclipse/jetty/jetty-xml/9.3.10.v20160621/jetty-xml-9.3.10.v20160621.jar
7eff724f9000-7eff724fd000 r--s 00034000 08:04 1320777                    /home/li/.m2/repository/org/codehaus/plexus/plexus-utils/1.5.15/plexus-utils-1.5.15.jar
7eff724fd000-7eff724ff000 r--s 00000000 08:04 1190170                    /home/li/.m2/repository/org/codehaus/plexus/plexus-compiler-manager/1.9.1/plexus-compiler-manager-1.9.1.jar
7eff724ff000-7eff72501000 r--s 00004000 08:04 2108513                    /home/li/.m2/repository/org/codehaus/plexus/plexus-compiler-api/1.9.1/plexus-compiler-api-1.9.1.jar
7eff72501000-7eff72505000 r--s 00034000 08:04 2108510                    /home/li/.m2/repository/org/codehaus/plexus/plexus-utils/3.0/plexus-utils-3.0.jar
7eff72505000-7eff72508000 ---p 00000000 00:00 0 
7eff72508000-7eff72606000 rw-p 00000000 00:00 0                          [stack:8934]
7eff72606000-7eff72609000 ---p 00000000 00:00 0 
7eff72609000-7eff72907000 rw-p 00000000 00:00 0                          [stack:8933]
7eff72907000-7eff72909000 r--s 0000b000 08:04 2107994                    /home/li/.m2/repository/org/codehaus/plexus/plexus-interpolation/1.6/plexus-interpolation-1.6.jar
7eff72909000-7eff7290e000 r--s 00039000 08:04 2107984                    /home/li/.m2/repository/org/codehaus/plexus/plexus-utils/1.5.6/plexus-utils-1.5.6.jar
7eff7290e000-7eff72911000 ---p 00000000 00:00 0 
7eff72911000-7eff72a0f000 rw-p 00000000 00:00 0                          [stack:8932]
7eff72a0f000-7eff72a12000 ---p 00000000 00:00 0 
7eff72a12000-7eff72b10000 rw-p 00000000 00:00 0                          [stack:8931]
7eff72b10000-7eff72b13000 ---p 00000000 00:00 0 
7eff72b13000-7eff72c11000 rw-p 00000000 00:00 0                          [stack:8930]
7eff72c11000-7eff72c12000 ---p 00000000 00:00 0 
7eff72c12000-7eff72d12000 rw-p 00000000 00:00 0                          [stack:8925]
7eff72d12000-7eff72d15000 ---p 00000000 00:00 0 
7eff72d15000-7eff72e13000 rw-p 00000000 00:00 0                          [stack:8924]
7eff72e13000-7eff72e16000 ---p 00000000 00:00 0 
7eff72e16000-7eff72f14000 rw-p 00000000 00:00 0                          [stack:8923]
7eff72f14000-7eff72f17000 ---p 00000000 00:00 0 
7eff72f17000-7eff73015000 rw-p 00000000 00:00 0                          [stack:8922]
7eff73015000-7eff73018000 ---p 00000000 00:00 0 
7eff73018000-7eff73116000 rw-p 00000000 00:00 0                          [stack:8921]
7eff73116000-7eff73119000 ---p 00000000 00:00 0 
7eff73119000-7eff73217000 rw-p 00000000 00:00 0                          [stack:8920]
7eff73217000-7eff738f9000 r--p 00000000 08:03 794754                     /usr/lib/locale/locale-archive
7eff738f9000-7eff738fc000 ---p 00000000 00:00 0 
7eff738fc000-7eff739fa000 rw-p 00000000 00:00 0                          [stack:8919]
7eff739fa000-7eff739fd000 ---p 00000000 00:00 0 
7eff739fd000-7eff73afb000 rw-p 00000000 00:00 0                          [stack:8918]
7eff73afb000-7eff73afc000 ---p 00000000 00:00 0 
7eff73afc000-7eff74000000 rw-p 00000000 00:00 0                          [stack:8917]
7eff74000000-7eff74021000 rw-p 00000000 00:00 0 
7eff74021000-7eff78000000 ---p 00000000 00:00 0 
7eff78000000-7eff78002000 r--s 00007000 08:04 1979111                    /home/li/.m2/repository/org/apache/maven/shared/maven-filtering/1.0-beta-2/maven-filtering-1.0-beta-2.jar
7eff78002000-7eff78004000 r--s 00004000 08:04 801504                     /home/li/.m2/repository/org/apache/maven/plugins/maven-resources-plugin/2.3/maven-resources-plugin-2.3.jar
7eff78004000-7eff78007000 ---p 00000000 00:00 0 
7eff78007000-7eff7803d000 rw-p 00000000 00:00 0 
7eff7803d000-7eff78059000 r--s 00393000 08:03 1084298                    /usr/lib/jvm/jdk1.8.0_101/jre/lib/ext/cldrdata.jar
7eff78059000-7eff78082000 r--s 001f4000 08:03 858439                     /usr/share/maven2/lib/maven-debian-uber.jar
7eff78082000-7eff78bf0000 rw-p 00000000 00:00 0 
7eff78bf0000-7eff78dc9000 r--s 03d29000 08:03 1084215                    /usr/lib/jvm/jdk1.8.0_101/jre/lib/rt.jar
7eff78dc9000-7eff7b675000 rw-p 00000000 00:00 0 
7eff7b675000-7eff7b676000 ---p 00000000 00:00 0 
7eff7b676000-7eff7b776000 rw-p 00000000 00:00 0                          [stack:8916]
7eff7b776000-7eff7b777000 ---p 00000000 00:00 0 
7eff7b777000-7eff7b877000 rw-p 00000000 00:00 0                          [stack:8915]
7eff7b877000-7eff7b878000 ---p 00000000 00:00 0 
7eff7b878000-7eff7b978000 rw-p 00000000 00:00 0                          [stack:8914]
7eff7b978000-7eff7b979000 ---p 00000000 00:00 0 
7eff7b979000-7eff7baa0000 rw-p 00000000 00:00 0                          [stack:8913]
7eff7baa0000-7eff7bbc1000 ---p 00000000 00:00 0 
7eff7bbc1000-7eff7bbe8000 rw-p 00000000 00:00 0 
7eff7bbe8000-7eff7bd09000 ---p 00000000 00:00 0 
7eff7bd09000-7eff7bdad000 rw-p 00000000 00:00 0 
7eff7bdad000-7eff7bdd9000 rw-p 00000000 00:00 0 
7eff7bdd9000-7eff7c16e000 ---p 00000000 00:00 0 
7eff7c16e000-7eff7cbfe000 rwxp 00000000 00:00 0 
7eff7cbfe000-7eff8b16e000 ---p 00000000 00:00 0 
7eff8b16e000-7eff8b188000 r-xp 00000000 08:03 1084243                    /usr/lib/jvm/jdk1.8.0_101/jre/lib/amd64/libzip.so
7eff8b188000-7eff8b388000 ---p 0001a000 08:03 1084243                    /usr/lib/jvm/jdk1.8.0_101/jre/lib/amd64/libzip.so
7eff8b388000-7eff8b389000 rw-p 0001a000 08:03 1084243                    /usr/lib/jvm/jdk1.8.0_101/jre/lib/amd64/libzip.so
7eff8b389000-7eff8b394000 r-xp 00000000 08:03 921975                     /lib/x86_64-linux-gnu/libnss_files-2.19.so
7eff8b394000-7eff8b593000 ---p 0000b000 08:03 921975                     /lib/x86_64-linux-gnu/libnss_files-2.19.so
7eff8b593000-7eff8b594000 r--p 0000a000 08:03 921975                     /lib/x86_64-linux-gnu/libnss_files-2.19.so
7eff8b594000-7eff8b595000 rw-p 0000b000 08:03 921975                     /lib/x86_64-linux-gnu/libnss_files-2.19.so
7eff8b595000-7eff8b5a0000 r-xp 00000000 08:03 923716                     /lib/x86_64-linux-gnu/libnss_nis-2.19.so
7eff8b5a0000-7eff8b79f000 ---p 0000b000 08:03 923716                     /lib/x86_64-linux-gnu/libnss_nis-2.19.so
7eff8b79f000-7eff8b7a0000 r--p 0000a000 08:03 923716                     /lib/x86_64-linux-gnu/libnss_nis-2.19.so
7eff8b7a0000-7eff8b7a1000 rw-p 0000b000 08:03 923716                     /lib/x86_64-linux-gnu/libnss_nis-2.19.so
7eff8b7a1000-7eff8b7b8000 r-xp 00000000 08:03 923545                     /lib/x86_64-linux-gnu/libnsl-2.19.so
7eff8b7b8000-7eff8b9b7000 ---p 00017000 08:03 923545                     /lib/x86_64-linux-gnu/libnsl-2.19.so
7eff8b9b7000-7eff8b9b8000 r--p 00016000 08:03 923545                     /lib/x86_64-linux-gnu/libnsl-2.19.so
7eff8b9b8000-7eff8b9b9000 rw-p 00017000 08:03 923545                     /lib/x86_64-linux-gnu/libnsl-2.19.so
7eff8b9b9000-7eff8b9bb000 rw-p 00000000 00:00 0 
7eff8b9bb000-7eff8b9c4000 r-xp 00000000 08:03 923544                     /lib/x86_64-linux-gnu/libnss_compat-2.19.so
7eff8b9c4000-7eff8bbc3000 ---p 00009000 08:03 923544                     /lib/x86_64-linux-gnu/libnss_compat-2.19.so
7eff8bbc3000-7eff8bbc4000 r--p 00008000 08:03 923544                     /lib/x86_64-linux-gnu/libnss_compat-2.19.so
7eff8bbc4000-7eff8bbc5000 rw-p 00009000 08:03 923544                     /lib/x86_64-linux-gnu/libnss_compat-2.19.so
7eff8bbc5000-7eff8bbef000 r-xp 00000000 08:03 1084268                    /usr/lib/jvm/jdk1.8.0_101/jre/lib/amd64/libjava.so
7eff8bbef000-7eff8bdef000 ---p 0002a000 08:03 1084268                    /usr/lib/jvm/jdk1.8.0_101/jre/lib/amd64/libjava.so
7eff8bdef000-7eff8bdf1000 rw-p 0002a000 08:03 1084268                    /usr/lib/jvm/jdk1.8.0_101/jre/lib/amd64/libjava.so
7eff8bdf1000-7eff8bdfe000 r-xp 00000000 08:03 1084223                    /usr/lib/jvm/jdk1.8.0_101/jre/lib/amd64/libverify.so
7eff8bdfe000-7eff8bffe000 ---p 0000d000 08:03 1084223                    /usr/lib/jvm/jdk1.8.0_101/jre/lib/amd64/libverify.so
7eff8bffe000-7eff8c000000 rw-p 0000d000 08:03 1084223                    /usr/lib/jvm/jdk1.8.0_101/jre/lib/amd64/libverify.so
7eff8c000000-7eff8c951000 rw-p 00000000 00:00 0 
7eff8c951000-7eff90000000 ---p 00000000 00:00 0 
7eff90000000-7eff90001000 r--s 00003000 08:04 1320992                    /home/li/.m2/repository/org/codehaus/plexus/plexus-compiler-javac/1.9.1/plexus-compiler-javac-1.9.1.jar
7eff90001000-7eff90003000 r--s 00017000 08:04 801639                     /home/li/.m2/repository/org/eclipse/jetty/jetty-maven-plugin/9.3.10.v20160621/jetty-maven-plugin-9.3.10.v20160621.jar
7eff90003000-7eff9000d000 r--s 00116000 08:03 1084295                    /usr/lib/jvm/jdk1.8.0_101/jre/lib/ext/localedata.jar
7eff9000d000-7eff900c5000 rw-p 00000000 00:00 0 
7eff900c5000-7eff900cc000 r-xp 00000000 08:03 923713                     /lib/x86_64-linux-gnu/librt-2.19.so
7eff900cc000-7eff902cb000 ---p 00007000 08:03 923713                     /lib/x86_64-linux-gnu/librt-2.19.so
7eff902cb000-7eff902cc000 r--p 00006000 08:03 923713                     /lib/x86_64-linux-gnu/librt-2.19.so
7eff902cc000-7eff902cd000 rw-p 00007000 08:03 923713                     /lib/x86_64-linux-gnu/librt-2.19.so
7eff902cd000-7eff903d2000 r-xp 00000000 08:03 917609                     /lib/x86_64-linux-gnu/libm-2.19.so
7eff903d2000-7eff905d1000 ---p 00105000 08:03 917609                     /lib/x86_64-linux-gnu/libm-2.19.so
7eff905d1000-7eff905d2000 r--p 00104000 08:03 917609                     /lib/x86_64-linux-gnu/libm-2.19.so
7eff905d2000-7eff905d3000 rw-p 00105000 08:03 917609                     /lib/x86_64-linux-gnu/libm-2.19.so
7eff905d3000-7eff9129e000 r-xp 00000000 08:03 1084271                    /usr/lib/jvm/jdk1.8.0_101/jre/lib/amd64/server/libjvm.so
7eff9129e000-7eff9149d000 ---p 00ccb000 08:03 1084271                    /usr/lib/jvm/jdk1.8.0_101/jre/lib/amd64/server/libjvm.so
7eff9149d000-7eff91576000 rw-p 00cca000 08:03 1084271                    /usr/lib/jvm/jdk1.8.0_101/jre/lib/amd64/server/libjvm.so
7eff91576000-7eff915c1000 rw-p 00000000 00:00 0 
7eff915c1000-7eff9177c000 r-xp 00000000 08:03 923710                     /lib/x86_64-linux-gnu/libc-2.19.so
7eff9177c000-7eff9197b000 ---p 001bb000 08:03 923710                     /lib/x86_64-linux-gnu/libc-2.19.so
7eff9197b000-7eff9197f000 r--p 001ba000 08:03 923710                     /lib/x86_64-linux-gnu/libc-2.19.so
7eff9197f000-7eff91981000 rw-p 001be000 08:03 923710                     /lib/x86_64-linux-gnu/libc-2.19.so
7eff91981000-7eff91986000 rw-p 00000000 00:00 0 
7eff91986000-7eff91989000 r-xp 00000000 08:03 922133                     /lib/x86_64-linux-gnu/libdl-2.19.so
7eff91989000-7eff91b88000 ---p 00003000 08:03 922133                     /lib/x86_64-linux-gnu/libdl-2.19.so
7eff91b88000-7eff91b89000 r--p 00002000 08:03 922133                     /lib/x86_64-linux-gnu/libdl-2.19.so
7eff91b89000-7eff91b8a000 rw-p 00003000 08:03 922133                     /lib/x86_64-linux-gnu/libdl-2.19.so
7eff91b8a000-7eff91b9f000 r-xp 00000000 08:03 1083392                    /usr/lib/jvm/jdk1.8.0_101/lib/amd64/jli/libjli.so
7eff91b9f000-7eff91d9f000 ---p 00015000 08:03 1083392                    /usr/lib/jvm/jdk1.8.0_101/lib/amd64/jli/libjli.so
7eff91d9f000-7eff91da0000 rw-p 00015000 08:03 1083392                    /usr/lib/jvm/jdk1.8.0_101/lib/amd64/jli/libjli.so
7eff91da0000-7eff91db9000 r-xp 00000000 08:03 923711                     /lib/x86_64-linux-gnu/libpthread-2.19.so
7eff91db9000-7eff91fb8000 ---p 00019000 08:03 923711                     /lib/x86_64-linux-gnu/libpthread-2.19.so
7eff91fb8000-7eff91fb9000 r--p 00018000 08:03 923711                     /lib/x86_64-linux-gnu/libpthread-2.19.so
7eff91fb9000-7eff91fba000 rw-p 00019000 08:03 923711                     /lib/x86_64-linux-gnu/libpthread-2.19.so
7eff91fba000-7eff91fbe000 rw-p 00000000 00:00 0 
7eff91fbe000-7eff91fe1000 r-xp 00000000 08:03 923707                     /lib/x86_64-linux-gnu/ld-2.19.so
7eff91fe1000-7eff91fe2000 r--s 00007000 08:04 1061649                    /home/li/.m2/repository/org/apache/maven/plugins/maven-compiler-plugin/2.5.1/maven-compiler-plugin-2.5.1.jar
7eff91fe2000-7eff91fe6000 r--s 00097000 08:03 1084196                    /usr/lib/jvm/jdk1.8.0_101/jre/lib/jsse.jar
7eff91fe6000-7eff920b8000 rw-p 00000000 00:00 0 
7eff920b8000-7eff920bb000 ---p 00000000 00:00 0 
7eff920bb000-7eff921bd000 rw-p 00000000 00:00 0                          [stack:8912]
7eff921bd000-7eff921be000 r--p 00000000 00:00 0 
7eff921be000-7eff921c0000 r--s 00008000 08:03 1213591                    /usr/share/java/classworlds-1.1.jar
7eff921c0000-7eff921d4000 rw-p 00000000 00:00 0 
7eff921d4000-7eff921dc000 rw-s 00000000 08:03 672427                     /tmp/hsperfdata_li/8910
7eff921dc000-7eff921dd000 rw-p 00000000 00:00 0 
7eff921dd000-7eff921de000 ---p 00000000 00:00 0 
7eff921de000-7eff921e0000 rw-p 00000000 00:00 0 
7eff921e0000-7eff921e1000 r--p 00022000 08:03 923707                     /lib/x86_64-linux-gnu/ld-2.19.so
7eff921e1000-7eff921e2000 rw-p 00023000 08:03 923707                     /lib/x86_64-linux-gnu/ld-2.19.so
7eff921e2000-7eff921e3000 rw-p 00000000 00:00 0 
7ffd8f10d000-7ffd8f12f000 rw-p 00000000 00:00 0                          [stack]
7ffd8f1bd000-7ffd8f1bf000 r-xp 00000000 00:00 0                          [vdso]
7ffd8f1bf000-7ffd8f1c1000 r--p 00000000 00:00 0                          [vvar]
ffffffffff600000-ffffffffff601000 r-xp 00000000 00:00 0                  [vsyscall]

VM Arguments:
jvm_args: -Dclassworlds.conf=/usr/share/maven2/bin/m2.conf -Dmaven.home=/usr/share/maven2 
java_command: org.codehaus.classworlds.Launcher "jetty:run"
java_class_path (initial): /usr/share/maven2/boot/classworlds.jar
Launcher Type: SUN_STANDARD

Environment Variables:
JAVA_HOME=/usr/lib/jvm/jdk1.8.0_101
JRE_HOME=/usr/lib/jvm/jdk1.8.0_101/jre
CLASSPATH=.:/usr/lib/jvm/jdk1.8.0_101/lib:/usr/lib/jvm/jdk1.8.0_101/jre/lib
PATH=/home/li/.rvm/gems/ruby-2.2.1/bin:/home/li/.rvm/gems/ruby-2.2.1@global/bin:/home/li/.rvm/rubies/ruby-2.2.1/bin:{JAVA_HOME}/bin:/usr/local/sbin:/usr/local/bin:/usr/sbin:/usr/bin:/sbin:/bin:/usr/games:/usr/local/games:/home/li/.rvm/bin:/home/li/.rvm/bin
SHELL=/bin/bash
DISPLAY=:0

Signal Handlers:
SIGSEGV: [libjvm.so+0xac4790], sa_mask[0]=11111111011111111101111111111110, sa_flags=SA_RESTART|SA_SIGINFO
SIGBUS: [libjvm.so+0xac4790], sa_mask[0]=11111111011111111101111111111110, sa_flags=SA_RESTART|SA_SIGINFO
SIGFPE: [libjvm.so+0x91f140], sa_mask[0]=11111111011111111101111111111110, sa_flags=SA_RESTART|SA_SIGINFO
SIGPIPE: [libjvm.so+0x91f140], sa_mask[0]=11111111011111111101111111111110, sa_flags=SA_RESTART|SA_SIGINFO
SIGXFSZ: [libjvm.so+0x91f140], sa_mask[0]=11111111011111111101111111111110, sa_flags=SA_RESTART|SA_SIGINFO
SIGILL: [libjvm.so+0x91f140], sa_mask[0]=11111111011111111101111111111110, sa_flags=SA_RESTART|SA_SIGINFO
SIGUSR1: SIG_DFL, sa_mask[0]=00000000000000000000000000000000, sa_flags=none
SIGUSR2: [libjvm.so+0x920770], sa_mask[0]=00000000000000000000000000000000, sa_flags=SA_RESTART|SA_SIGINFO
SIGHUP: [libjvm.so+0x921b70], sa_mask[0]=11111111011111111101111111111110, sa_flags=SA_RESTART|SA_SIGINFO
SIGINT: [libjvm.so+0x921b70], sa_mask[0]=11111111011111111101111111111110, sa_flags=SA_RESTART|SA_SIGINFO
SIGTERM: [libjvm.so+0x921b70], sa_mask[0]=11111111011111111101111111111110, sa_flags=SA_RESTART|SA_SIGINFO
SIGQUIT: [libjvm.so+0x921b70], sa_mask[0]=11111111011111111101111111111110, sa_flags=SA_RESTART|SA_SIGINFO


---------------  S Y S T E M  ---------------

OS:DISTRIB_ID=Ubuntu
DISTRIB_RELEASE=14.04
DISTRIB_CODENAME=trusty
DISTRIB_DESCRIPTION="Ubuntu 14.04.3 LTS"

uname:Linux 3.16.0-45-generic #60~14.04.1-Ubuntu SMP Fri Jul 24 21:16:23 UTC 2015 x86_64
libc:glibc 2.19 NPTL 2.19 
rlimit: STACK 8192k, CORE 0k, NPROC 15658, NOFILE 4096, AS infinity
load average:4.48 2.80 1.90

/proc/meminfo:
MemTotal:        4030076 kB
MemFree:          495344 kB
MemAvailable:     576656 kB
Buffers:           12972 kB
Cached:           221188 kB
SwapCached:        18344 kB
Active:          2391800 kB
Inactive:         897968 kB
Active(anon):    2274744 kB
Inactive(anon):   800424 kB
Active(file):     117056 kB
Inactive(file):    97544 kB
Unevictable:          32 kB
Mlocked:              32 kB
SwapTotal:       1999868 kB
SwapFree:        1102808 kB
Dirty:              2256 kB
Writeback:             0 kB
AnonPages:       3050944 kB
Mapped:           161944 kB
Shmem:             19440 kB
Slab:             109492 kB
SReclaimable:      71312 kB
SUnreclaim:        38180 kB
KernelStack:        9648 kB
PageTables:        39332 kB
NFS_Unstable:          0 kB
Bounce:                0 kB
WritebackTmp:          0 kB
CommitLimit:     4014904 kB
Committed_AS:    7465612 kB
VmallocTotal:   34359738367 kB
VmallocUsed:      112568 kB
VmallocChunk:   34359621116 kB
HardwareCorrupted:     0 kB
AnonHugePages:    923648 kB
HugePages_Total:       0
HugePages_Free:        0
HugePages_Rsvd:        0
HugePages_Surp:        0
Hugepagesize:       2048 kB
DirectMap4k:      195276 kB
DirectMap2M:     3981312 kB


CPU:total 4 (2 cores per cpu, 2 threads per core) family 6 model 42 stepping 7, cmov, cx8, fxsr, mmx, sse, sse2, sse3, ssse3, sse4.1, sse4.2, popcnt, avx, clmul, ht, tsc, tscinvbit

/proc/cpuinfo:
processor	: 0
vendor_id	: GenuineIntel
cpu family	: 6
model		: 42
model name	: Intel(R) Core(TM) i3-2120 CPU @ 3.30GHz
stepping	: 7
microcode	: 0x1a
cpu MHz		: 3300.000
cache size	: 3072 KB
physical id	: 0
siblings	: 4
core id		: 0
cpu cores	: 2
apicid		: 0
initial apicid	: 0
fpu		: yes
fpu_exception	: yes
cpuid level	: 13
wp		: yes
flags		: fpu vme de pse tsc msr pae mce cx8 apic sep mtrr pge mca cmov pat pse36 clflush dts acpi mmx fxsr sse sse2 ss ht tm pbe syscall nx rdtscp lm constant_tsc arch_perfmon pebs bts rep_good nopl xtopology nonstop_tsc aperfmperf eagerfpu pni pclmulqdq dtes64 monitor ds_cpl vmx est tm2 ssse3 cx16 xtpr pdcm pcid sse4_1 sse4_2 popcnt tsc_deadline_timer xsave avx lahf_lm arat epb xsaveopt pln pts dtherm tpr_shadow vnmi flexpriority ept vpid
bogomips	: 6584.63
clflush size	: 64
cache_alignment	: 64
address sizes	: 36 bits physical, 48 bits virtual
power management:

processor	: 1
vendor_id	: GenuineIntel
cpu family	: 6
model		: 42
model name	: Intel(R) Core(TM) i3-2120 CPU @ 3.30GHz
stepping	: 7
microcode	: 0x1a
cpu MHz		: 3300.000
cache size	: 3072 KB
physical id	: 0
siblings	: 4
core id		: 1
cpu cores	: 2
apicid		: 2
initial apicid	: 2
fpu		: yes
fpu_exception	: yes
cpuid level	: 13
wp		: yes
flags		: fpu vme de pse tsc msr pae mce cx8 apic sep mtrr pge mca cmov pat pse36 clflush dts acpi mmx fxsr sse sse2 ss ht tm pbe syscall nx rdtscp lm constant_tsc arch_perfmon pebs bts rep_good nopl xtopology nonstop_tsc aperfmperf eagerfpu pni pclmulqdq dtes64 monitor ds_cpl vmx est tm2 ssse3 cx16 xtpr pdcm pcid sse4_1 sse4_2 popcnt tsc_deadline_timer xsave avx lahf_lm arat epb xsaveopt pln pts dtherm tpr_shadow vnmi flexpriority ept vpid
bogomips	: 6584.63
clflush size	: 64
cache_alignment	: 64
address sizes	: 36 bits physical, 48 bits virtual
power management:

processor	: 2
vendor_id	: GenuineIntel
cpu family	: 6
model		: 42
model name	: Intel(R) Core(TM) i3-2120 CPU @ 3.30GHz
stepping	: 7
microcode	: 0x1a
cpu MHz		: 3300.000
cache size	: 3072 KB
physical id	: 0
siblings	: 4
core id		: 0
cpu cores	: 2
apicid		: 1
initial apicid	: 1
fpu		: yes
fpu_exception	: yes
cpuid level	: 13
wp		: yes
flags		: fpu vme de pse tsc msr pae mce cx8 apic sep mtrr pge mca cmov pat pse36 clflush dts acpi mmx fxsr sse sse2 ss ht tm pbe syscall nx rdtscp lm constant_tsc arch_perfmon pebs bts rep_good nopl xtopology nonstop_tsc aperfmperf eagerfpu pni pclmulqdq dtes64 monitor ds_cpl vmx est tm2 ssse3 cx16 xtpr pdcm pcid sse4_1 sse4_2 popcnt tsc_deadline_timer xsave avx lahf_lm arat epb xsaveopt pln pts dtherm tpr_shadow vnmi flexpriority ept vpid
bogomips	: 6584.63
clflush size	: 64
cache_alignment	: 64
address sizes	: 36 bits physical, 48 bits virtual
power management:

processor	: 3
vendor_id	: GenuineIntel
cpu family	: 6
model		: 42
model name	: Intel(R) Core(TM) i3-2120 CPU @ 3.30GHz
stepping	: 7
microcode	: 0x1a
cpu MHz		: 3300.000
cache size	: 3072 KB
physical id	: 0
siblings	: 4
core id		: 1
cpu cores	: 2
apicid		: 3
initial apicid	: 3
fpu		: yes
fpu_exception	: yes
cpuid level	: 13
wp		: yes
flags		: fpu vme de pse tsc msr pae mce cx8 apic sep mtrr pge mca cmov pat pse36 clflush dts acpi mmx fxsr sse sse2 ss ht tm pbe syscall nx rdtscp lm constant_tsc arch_perfmon pebs bts rep_good nopl xtopology nonstop_tsc aperfmperf eagerfpu pni pclmulqdq dtes64 monitor ds_cpl vmx est tm2 ssse3 cx16 xtpr pdcm pcid sse4_1 sse4_2 popcnt tsc_deadline_timer xsave avx lahf_lm arat epb xsaveopt pln pts dtherm tpr_shadow vnmi flexpriority ept vpid
bogomips	: 6584.63
clflush size	: 64
cache_alignment	: 64
address sizes	: 36 bits physical, 48 bits virtual
power management:



Memory: 4k page, physical 4030076k(495344k free), swap 1999868k(1102808k free)

vm_info: Java HotSpot(TM) 64-Bit Server VM (25.101-b13) for linux-amd64 JRE (1.8.0_101-b13), built on Jun 22 2016 02:59:44 by "java_re" with gcc 4.3.0 20080428 (Red Hat 4.3.0-8)

time: Wed Aug 17 15:32:25 2016
elapsed time: 8070 seconds (0d 2h 14m 30s)

